2019-05-04T14:09:30.400Z - normal: Load ~/.CocosCreator/settings.json
2019-05-04T14:09:30.452Z - normal: Initializing Asset Database
2019-05-04T14:09:30.455Z - normal: checking language setting...
2019-05-04T14:09:30.455Z - normal: Language: zh
2019-05-04T14:09:31.083Z - success: preview server running at http://localhost:7456
2019-05-04T14:09:31.118Z - success: protocol editor-framework registered
2019-05-04T14:09:31.118Z - success: protocol app registered
2019-05-04T14:09:31.118Z - success: protocol theme registered
2019-05-04T14:09:31.118Z - success: protocol packages registered
2019-05-04T14:09:31.119Z - success: protocol uuid registerred
2019-05-04T14:09:31.119Z - success: protocol db registerred
2019-05-04T14:09:31.119Z - success: protocol thumbnail registerred
2019-05-04T14:09:31.119Z - success: protocol unpack registerred
2019-05-04T14:09:31.119Z - success: protocol disable-commonjs registerred
2019-05-04T14:09:31.313Z - normal: connected!
2019-05-04T14:09:31.315Z - normal: Check project /Users/long/Documents/workspace/gameserver3/client
2019-05-04T14:09:31.317Z - normal: Initializing project /Users/long/Documents/workspace/gameserver3/client
2019-05-04T14:09:31.660Z - normal: Initializing Cocos2d
2019-05-04T14:09:32.383Z - normal: Initializing engine extends
2019-05-04T14:09:32.428Z - success: asset-db-debugger loaded
2019-05-04T14:09:32.429Z - success: baidu-adapter loaded
2019-05-04T14:09:32.430Z - success: color-picker loaded
2019-05-04T14:09:32.510Z - success: fb-audience-network loaded
2019-05-04T14:09:32.569Z - success: fb-live-stream loaded
2019-05-04T14:09:32.572Z - success: google-play-instant loaded
2019-05-04T14:09:32.576Z - success: huawei-runtime loaded
2019-05-04T14:09:32.577Z - success: jsb-adapter loaded
2019-05-04T14:09:32.581Z - success: oppo-runtime loaded
2019-05-04T14:09:32.590Z - success: package-manager loaded
2019-05-04T14:09:32.711Z - success: qqplay-adapter loaded
2019-05-04T14:09:32.712Z - success: runtime-dev-tools loaded
2019-05-04T14:09:32.723Z - success: sdkbox loaded
2019-05-04T14:09:32.732Z - success: tester loaded
2019-05-04T14:09:32.742Z - success: ui-grid loaded
2019-05-04T14:09:32.749Z - success: ui-kit-preview-extra loaded
2019-05-04T14:09:32.759Z - success: ui-kit-preview loaded
2019-05-04T14:09:32.766Z - success: ui-kit loaded
2019-05-04T14:09:32.775Z - success: ui-tree loaded
2019-05-04T14:09:32.779Z - success: vivo-runtime loaded
2019-05-04T14:09:32.779Z - success: weapp-adapter loaded
2019-05-04T14:09:32.826Z - success: assets loaded
2019-05-04T14:09:32.834Z - success: builder loaded
2019-05-04T14:09:33.077Z - success: cocos-services loaded
2019-05-04T14:09:33.089Z - success: console loaded
2019-05-04T14:09:33.120Z - success: fb-instant-games loaded
2019-05-04T14:09:33.124Z - success: google-instant-games loaded
2019-05-04T14:09:33.135Z - success: hierarchy loaded
2019-05-04T14:09:33.145Z - success: inspector loaded
2019-05-04T14:09:33.146Z - success: keystore loaded
2019-05-04T14:09:33.158Z - success: node-library loaded
2019-05-04T14:09:33.160Z - success: package-asset loaded
2019-05-04T14:09:33.161Z - success: preferences loaded
2019-05-04T14:09:33.171Z - success: project-exporter loaded
2019-05-04T14:09:33.180Z - success: project-importer loaded
2019-05-04T14:09:33.190Z - success: project-settings loaded
2019-05-04T14:09:33.200Z - success: scene loaded
2019-05-04T14:09:33.203Z - success: simulator-debugger loaded
2019-05-04T14:09:33.205Z - success: sprite-editor loaded
2019-05-04T14:09:33.213Z - success: store loaded
2019-05-04T14:09:33.225Z - success: timeline loaded
2019-05-04T14:09:34.528Z - normal: Loading packages
2019-05-04T14:09:34.534Z - normal: Watching packages
2019-05-04T14:09:34.637Z - normal: Run Application
2019-05-04T14:09:34.827Z - info: Cocos Services load base data!
2019-05-04T14:09:40.226Z - error: TypeError: Cannot set property 'exports' of undefined
    at disable-commonjs:///Users/long/Documents/workspace/gameserver3/client/assets/resources/protos/proto.js?001:63423:16
    at disable-commonjs:///Users/long/Documents/workspace/gameserver3/client/assets/resources/protos/proto.js?001:63425:3
2019-05-04T14:10:10.089Z - error: TypeError: Cannot set property 'exports' of undefined
    at disable-commonjs:///Users/long/Documents/workspace/gameserver3/client/assets/resources/protos/proto.js?002:63423:16
    at disable-commonjs:///Users/long/Documents/workspace/gameserver3/client/assets/resources/protos/proto.js?002:63425:3
2019-05-04T14:10:14.798Z - error: TypeError: Cannot set property 'exports' of undefined
    at disable-commonjs:///Users/long/Documents/workspace/gameserver3/client/assets/resources/proto.js?001:63423:16
    at disable-commonjs:///Users/long/Documents/workspace/gameserver3/client/assets/resources/proto.js?001:63425:3
2019-05-04T14:10:47.895Z - normal: Simulator: WORKAREA WIDTH 1875.00, HEIGHT 1036.00
2019-05-04T14:10:47.897Z - normal: Simulator: FRAME SCALE = 0.75
2019-05-04T14:10:47.970Z - normal: Simulator: GLFWError #65544 Happen, Cocoa: Failed to retrieve display name
2019-05-04T14:10:47.971Z - normal: Simulator: 
2019-05-04T14:10:47.972Z - normal: Simulator: {
2019-05-04T14:10:47.972Z - normal: Simulator: 	build_type: DEBUG
2019-05-04T14:10:47.972Z - normal: Simulator: 	gl.vendor: Intel Inc.
2019-05-04T14:10:47.997Z - normal: Simulator: 	gl.supports_PVRTC: false
2019-05-04T14:10:47.998Z - normal: Simulator: 	gl.renderer: Intel Iris Pro OpenGL Engine
2019-05-04T14:10:47.998Z - normal: Simulator: 	gl.supports_ATITC: false
2019-05-04T14:10:47.998Z - normal: Simulator: 	gl.supports_discard_framebuffer: false
2019-05-04T14:10:47.998Z - normal: Simulator: 	gl.supports_NPOT: true
2019-05-04T14:10:47.999Z - normal: Simulator: 	gl.max_texture_units: 16
2019-05-04T14:10:47.999Z - normal: Simulator: 	gl.supports_ETC1: false
2019-05-04T14:10:47.999Z - normal: Simulator: 	gl.max_texture_size: 16384
2019-05-04T14:10:47.999Z - normal: Simulator: 	gl.supports_BGRA8888: false
2019-05-04T14:10:48.000Z - normal: Simulator: 	gl.supports_vertex_array_object: true
2019-05-04T14:10:48.000Z - normal: Simulator: 	gl.supports_OES_map_buffer: false
2019-05-04T14:10:48.000Z - normal: Simulator: 	compiled_with_gl_state_cache: true
2019-05-04T14:10:48.000Z - normal: Simulator: 	gl.supports_OES_packed_depth_stencil: false
2019-05-04T14:10:48.001Z - normal: Simulator: 	gl.version: 2.1 INTEL-10.32.48
2019-05-04T14:10:48.001Z - normal: Simulator: 	gl.supports_S3TC: true
2019-05-04T14:10:48.001Z - normal: Simulator: 	compiled_with_profiler: false
2019-05-04T14:10:48.001Z - normal: Simulator: 	gl.supports_OES_depth24: false
2019-05-04T14:10:48.002Z - normal: Simulator: }
2019-05-04T14:10:48.049Z - normal: Simulator: Project Config:
2019-05-04T14:10:48.049Z - normal: Simulator:     project dir: /Applications/CocosCreator.app/Contents/Resources/cocos2d-x/simulator/mac/Simulator.app/Contents/Resources/
2019-05-04T14:10:48.050Z - normal: Simulator:     writable path: $(PROJDIR)/
2019-05-04T14:10:48.050Z - normal: Simulator:     script file: $(PROJDIR)/main.js
2019-05-04T14:10:48.050Z - normal: Simulator:     frame size: 750 x 1334
2019-05-04T14:10:48.051Z - normal: Simulator:     frame scale: 0.75
2019-05-04T14:10:48.051Z - normal: Simulator:     show console: NO
2019-05-04T14:10:48.051Z - normal: Simulator:     write debug log: NO ()
2019-05-04T14:10:48.051Z - normal: Simulator:     listen: 
2019-05-04T14:10:48.052Z - normal: Simulator:     debugger: none
2019-05-04T14:10:48.052Z - normal: Simulator:     add searching path:
2019-05-04T14:10:48.052Z - normal: Simulator: resetDesignResolution request
2019-05-04T14:10:48.052Z - normal: Simulator: ------------------------------------------------
2019-05-04T14:10:48.053Z - normal: Simulator: LOAD Js FILE: jsb-adapter/jsb-builtin.js
2019-05-04T14:10:48.053Z - normal: Simulator: ------------------------------------------------
2019-05-04T14:10:48.053Z - normal: Simulator: Initializing V8, version: 6.5.254.43
2019-05-04T14:10:48.053Z - normal: Simulator: libuv version: 1.23.1-dev
2019-05-04T14:10:48.055Z - normal: Simulator: Debugger listening..., visit [ chrome-devtools://devtools/bundled/inspector.html?v8only=true&ws=0.0.0.0:5086/00010002-0003-4004-8005-000600070008 ] in chrome browser to debug!
2019-05-04T14:10:48.055Z - normal: Simulator: For help see https://nodejs.org/en/docs/inspector
2019-05-04T14:10:48.105Z - normal: Simulator: JS: Enable batch GL commands optimization!
2019-05-04T14:10:48.105Z - normal: Simulator: resetDesignResolution request
2019-05-04T14:10:48.106Z - normal: Simulator: ------------------------------------------------
2019-05-04T14:10:48.106Z - normal: Simulator: LOAD Js FILE: main.js
2019-05-04T14:10:48.106Z - normal: Simulator: ------------------------------------------------
2019-05-04T14:10:48.499Z - normal: Simulator: iShow!
2019-05-04T14:10:48.649Z - normal: Simulator: glGetIntegerv: pname: 0x8b4c
2019-05-04T14:10:48.665Z - normal: Simulator: JS: Cocos Creator v2.0.9
2019-05-04T14:10:51.570Z - normal: Simulator: ScriptEngine::cleanup begin ...
2019-05-04T14:10:51.570Z - normal: Simulator: GC begin ..., (js->native map) size: 14, all objects: 88
2019-05-04T14:10:51.602Z - normal: Simulator: GC end ..., (js->native map) size: 14, all objects: 88
2019-05-04T14:10:51.603Z - normal: Simulator: GC begin ..., (js->native map) size: 14, all objects: 88
2019-05-04T14:10:51.629Z - normal: Simulator: GC end ..., (js->native map) size: 14, all objects: 88
2019-05-04T14:10:51.629Z - normal: Simulator: Destroy WebGLProgram (3) by GC
2019-05-04T14:10:51.630Z - normal: Simulator: Destroy WebGLBuffer (1) by GC
2019-05-04T14:10:51.630Z - normal: Simulator: Destroy WebGLTexture (2) by GC
2019-05-04T14:10:51.630Z - normal: Simulator: Destroy WebGLTexture (1) by GC
2019-05-04T14:10:51.631Z - normal: Simulator: Destroy WebGLBuffer (3) by GC
2019-05-04T14:10:51.631Z - normal: Simulator: Destroy WebGLBuffer (2) by GC
2019-05-04T14:10:51.631Z - normal: Simulator: Destroy WebGLBuffer (4) by GC
2019-05-04T14:10:51.631Z - normal: Simulator: GC begin ..., (js->native map) size: 0, all objects: 0
2019-05-04T14:10:51.656Z - normal: Simulator: GC end ..., (js->native map) size: 0, all objects: 0
2019-05-04T14:10:51.660Z - normal: Simulator: ScriptEngine::cleanup end ...
2019-05-04T14:11:02.373Z - warn: Error: ipc timeout. message: scene:query-node, session: scene@renderer:1274
2019-05-04T14:11:45.079Z - normal: Simulator: WORKAREA WIDTH 1875.00, HEIGHT 1036.00
2019-05-04T14:11:45.081Z - normal: Simulator: FRAME SCALE = 0.75
2019-05-04T14:11:45.147Z - normal: Simulator: GLFWError #65544 Happen, Cocoa: Failed to retrieve display name
2019-05-04T14:11:45.147Z - normal: Simulator: 
2019-05-04T14:11:45.147Z - normal: Simulator: {
2019-05-04T14:11:45.148Z - normal: Simulator: 	build_type: DEBUG
2019-05-04T14:11:45.148Z - normal: Simulator: 	gl.vendor: Intel Inc.
2019-05-04T14:11:45.148Z - normal: Simulator: 	gl.supports_PVRTC: false
2019-05-04T14:11:45.187Z - normal: Simulator: 	gl.renderer: Intel Iris Pro OpenGL Engine
2019-05-04T14:11:45.187Z - normal: Simulator: 	gl.supports_ATITC: false
2019-05-04T14:11:45.187Z - normal: Simulator: 	gl.supports_discard_framebuffer: false
2019-05-04T14:11:45.187Z - normal: Simulator: 	gl.supports_NPOT: true
2019-05-04T14:11:45.187Z - normal: Simulator: 	gl.max_texture_units: 16
2019-05-04T14:11:45.188Z - normal: Simulator: 	gl.supports_ETC1: false
2019-05-04T14:11:45.188Z - normal: Simulator: 	gl.max_texture_size: 16384
2019-05-04T14:11:45.188Z - normal: Simulator: 	gl.supports_BGRA8888: false
2019-05-04T14:11:45.188Z - normal: Simulator: 	gl.supports_vertex_array_object: true
2019-05-04T14:11:45.188Z - normal: Simulator: 	gl.supports_OES_map_buffer: false
2019-05-04T14:11:45.188Z - normal: Simulator: 	compiled_with_gl_state_cache: true
2019-05-04T14:11:45.189Z - normal: Simulator: 	gl.supports_OES_packed_depth_stencil: false
2019-05-04T14:11:45.189Z - normal: Simulator: 	gl.version: 2.1 INTEL-10.32.48
2019-05-04T14:11:45.189Z - normal: Simulator: 	gl.supports_S3TC: true
2019-05-04T14:11:45.189Z - normal: Simulator: 	compiled_with_profiler: false
2019-05-04T14:11:45.190Z - normal: Simulator: 	gl.supports_OES_depth24: false
2019-05-04T14:11:45.190Z - normal: Simulator: }
2019-05-04T14:11:45.191Z - normal: Simulator: Project Config:
2019-05-04T14:11:45.191Z - normal: Simulator:     project dir: /Applications/CocosCreator.app/Contents/Resources/cocos2d-x/simulator/mac/Simulator.app/Contents/Resources/
2019-05-04T14:11:45.192Z - normal: Simulator:     writable path: $(PROJDIR)/
2019-05-04T14:11:45.192Z - normal: Simulator:     script file: $(PROJDIR)/main.js
2019-05-04T14:11:45.193Z - normal: Simulator:     frame size: 750 x 1334
2019-05-04T14:11:45.193Z - normal: Simulator:     frame scale: 0.75
2019-05-04T14:11:45.193Z - normal: Simulator:     show console: NO
2019-05-04T14:11:45.193Z - normal: Simulator:     write debug log: NO ()
2019-05-04T14:11:45.193Z - normal: Simulator:     listen: 
2019-05-04T14:11:45.194Z - normal: Simulator:     debugger: none
2019-05-04T14:11:45.194Z - normal: Simulator:     add searching path:
2019-05-04T14:11:45.194Z - normal: Simulator: resetDesignResolution request
2019-05-04T14:11:45.194Z - normal: Simulator: ------------------------------------------------
2019-05-04T14:11:45.195Z - normal: Simulator: LOAD Js FILE: jsb-adapter/jsb-builtin.js
2019-05-04T14:11:45.195Z - normal: Simulator: ------------------------------------------------
2019-05-04T14:11:45.195Z - normal: Simulator: Initializing V8, version: 6.5.254.43
2019-05-04T14:11:45.215Z - normal: Simulator: libuv version: 1.23.1-dev
2019-05-04T14:11:45.216Z - normal: Simulator: Debugger listening..., visit [ chrome-devtools://devtools/bundled/inspector.html?v8only=true&ws=0.0.0.0:5086/00010002-0003-4004-8005-000600070008 ] in chrome browser to debug!
2019-05-04T14:11:45.216Z - normal: Simulator: For help see https://nodejs.org/en/docs/inspector
2019-05-04T14:11:45.240Z - normal: Simulator: JS: Enable batch GL commands optimization!
2019-05-04T14:11:45.241Z - normal: Simulator: resetDesignResolution request
2019-05-04T14:11:45.241Z - normal: Simulator: ------------------------------------------------
2019-05-04T14:11:45.241Z - normal: Simulator: LOAD Js FILE: main.js
2019-05-04T14:11:45.242Z - normal: Simulator: ------------------------------------------------
2019-05-04T14:11:45.582Z - normal: Simulator: iShow!
2019-05-04T14:11:45.709Z - normal: Simulator: glGetIntegerv: pname: 0x8b4c
2019-05-04T14:11:45.721Z - normal: Simulator: JS: Cocos Creator v2.0.9
2019-05-04T14:11:45.799Z - normal: Simulator: JS: [object Object]
2019-05-04T14:11:47.325Z - normal: Simulator: ScriptEngine::cleanup begin ...
2019-05-04T14:11:47.325Z - normal: Simulator: GC begin ..., (js->native map) size: 15, all objects: 89
2019-05-04T14:11:47.357Z - normal: Simulator: GC end ..., (js->native map) size: 15, all objects: 89
2019-05-04T14:11:47.357Z - normal: Simulator: GC begin ..., (js->native map) size: 15, all objects: 89
2019-05-04T14:11:47.384Z - normal: Simulator: GC end ..., (js->native map) size: 15, all objects: 89
2019-05-04T14:11:47.384Z - normal: Simulator: Destroy WebGLTexture (3) by GC
2019-05-04T14:11:47.394Z - normal: Simulator: Destroy WebGLTexture (1) by GC
2019-05-04T14:11:47.394Z - normal: Simulator: Destroy WebGLBuffer (3) by GC
2019-05-04T14:11:47.395Z - normal: Simulator: Destroy WebGLTexture (2) by GC
2019-05-04T14:11:47.395Z - normal: Simulator: Destroy WebGLBuffer (4) by GC
2019-05-04T14:11:47.395Z - normal: Simulator: Destroy WebGLProgram (3) by GC
2019-05-04T14:11:47.395Z - normal: Simulator: Destroy WebGLBuffer (2) by GC
2019-05-04T14:11:47.396Z - normal: Simulator: Destroy WebGLBuffer (1) by GC
2019-05-04T14:11:47.397Z - normal: Simulator: GC begin ..., (js->native map) size: 0, all objects: 0
2019-05-04T14:11:47.415Z - normal: Simulator: GC end ..., (js->native map) size: 0, all objects: 0
2019-05-04T14:11:47.421Z - normal: Simulator: ScriptEngine::cleanup end ...
2019-05-04T14:13:25.186Z - normal: Simulator: WORKAREA WIDTH 1875.00, HEIGHT 1036.00
2019-05-04T14:13:25.187Z - normal: Simulator: FRAME SCALE = 0.75
2019-05-04T14:13:25.245Z - normal: Simulator: GLFWError #65544 Happen, Cocoa: Failed to retrieve display name
2019-05-04T14:13:25.250Z - normal: Simulator: 
2019-05-04T14:13:25.250Z - normal: Simulator: {
2019-05-04T14:13:25.251Z - normal: Simulator: 	build_type: DEBUG
2019-05-04T14:13:25.251Z - normal: Simulator: 	gl.vendor: Intel Inc.
2019-05-04T14:13:25.251Z - normal: Simulator: 	gl.supports_PVRTC: false
2019-05-04T14:13:25.265Z - normal: Simulator: 	gl.renderer: Intel Iris Pro OpenGL Engine
2019-05-04T14:13:25.265Z - normal: Simulator: 	gl.supports_ATITC: false
2019-05-04T14:13:25.266Z - normal: Simulator: 	gl.supports_discard_framebuffer: false
2019-05-04T14:13:25.266Z - normal: Simulator: 	gl.supports_NPOT: true
2019-05-04T14:13:25.266Z - normal: Simulator: 	gl.max_texture_units: 16
2019-05-04T14:13:25.266Z - normal: Simulator: 	gl.supports_ETC1: false
2019-05-04T14:13:25.267Z - normal: Simulator: 	gl.max_texture_size: 16384
2019-05-04T14:13:25.267Z - normal: Simulator: 	gl.supports_BGRA8888: false
2019-05-04T14:13:25.267Z - normal: Simulator: 	gl.supports_vertex_array_object: true
2019-05-04T14:13:25.267Z - normal: Simulator: 	gl.supports_OES_map_buffer: false
2019-05-04T14:13:25.267Z - normal: Simulator: 	compiled_with_gl_state_cache: true
2019-05-04T14:13:25.268Z - normal: Simulator: 	gl.supports_OES_packed_depth_stencil: false
2019-05-04T14:13:25.268Z - normal: Simulator: 	gl.version: 2.1 INTEL-10.32.48
2019-05-04T14:13:25.268Z - normal: Simulator: 	gl.supports_S3TC: true
2019-05-04T14:13:25.268Z - normal: Simulator: 	compiled_with_profiler: false
2019-05-04T14:13:25.268Z - normal: Simulator: 	gl.supports_OES_depth24: false
2019-05-04T14:13:25.268Z - normal: Simulator: }
2019-05-04T14:13:25.298Z - normal: Simulator: Project Config:
2019-05-04T14:13:25.298Z - normal: Simulator:     project dir: /Applications/CocosCreator.app/Contents/Resources/cocos2d-x/simulator/mac/Simulator.app/Contents/Resources/
2019-05-04T14:13:25.298Z - normal: Simulator:     writable path: $(PROJDIR)/
2019-05-04T14:13:25.298Z - normal: Simulator:     script file: $(PROJDIR)/main.js
2019-05-04T14:13:25.299Z - normal: Simulator:     frame size: 750 x 1334
2019-05-04T14:13:25.299Z - normal: Simulator:     frame scale: 0.75
2019-05-04T14:13:25.299Z - normal: Simulator:     show console: NO
2019-05-04T14:13:25.299Z - normal: Simulator:     write debug log: NO ()
2019-05-04T14:13:25.299Z - normal: Simulator:     listen: 
2019-05-04T14:13:25.300Z - normal: Simulator:     debugger: none
2019-05-04T14:13:25.300Z - normal: Simulator:     add searching path:
2019-05-04T14:13:25.300Z - normal: Simulator: resetDesignResolution request
2019-05-04T14:13:25.300Z - normal: Simulator: ------------------------------------------------
2019-05-04T14:13:25.301Z - normal: Simulator: LOAD Js FILE: jsb-adapter/jsb-builtin.js
2019-05-04T14:13:25.301Z - normal: Simulator: ------------------------------------------------
2019-05-04T14:13:25.301Z - normal: Simulator: Initializing V8, version: 6.5.254.43
2019-05-04T14:13:25.326Z - normal: Simulator: libuv version: 1.23.1-dev
2019-05-04T14:13:25.326Z - normal: Simulator: Debugger listening..., visit [ chrome-devtools://devtools/bundled/inspector.html?v8only=true&ws=0.0.0.0:5086/00010002-0003-4004-8005-000600070008 ] in chrome browser to debug!
2019-05-04T14:13:25.326Z - normal: Simulator: For help see https://nodejs.org/en/docs/inspector
2019-05-04T14:13:25.346Z - normal: Simulator: JS: Enable batch GL commands optimization!
2019-05-04T14:13:25.346Z - normal: Simulator: resetDesignResolution request
2019-05-04T14:13:25.346Z - normal: Simulator: ------------------------------------------------
2019-05-04T14:13:25.347Z - normal: Simulator: LOAD Js FILE: main.js
2019-05-04T14:13:25.347Z - normal: Simulator: ------------------------------------------------
2019-05-04T14:13:25.715Z - normal: Simulator: iShow!
2019-05-04T14:13:25.854Z - normal: Simulator: glGetIntegerv: pname: 0x8b4c
2019-05-04T14:13:25.865Z - normal: Simulator: JS: Cocos Creator v2.0.9
2019-05-04T14:13:25.947Z - normal: Simulator: JS: ====>1
2019-05-04T14:13:25.948Z - normal: Simulator: JS: [object Object]
2019-05-04T14:13:25.948Z - normal: Simulator: JS: ====>2
2019-05-04T14:13:27.642Z - normal: Simulator: ScriptEngine::cleanup begin ...
2019-05-04T14:13:27.642Z - normal: Simulator: GC begin ..., (js->native map) size: 15, all objects: 89
2019-05-04T14:13:27.672Z - normal: Simulator: GC end ..., (js->native map) size: 15, all objects: 89
2019-05-04T14:13:27.673Z - normal: Simulator: GC begin ..., (js->native map) size: 15, all objects: 89
2019-05-04T14:13:27.700Z - normal: Simulator: GC end ..., (js->native map) size: 15, all objects: 89
2019-05-04T14:13:27.700Z - normal: Simulator: Destroy WebGLTexture (3) by GC
2019-05-04T14:13:27.701Z - normal: Simulator: Destroy WebGLTexture (1) by GC
2019-05-04T14:13:27.701Z - normal: Simulator: Destroy WebGLBuffer (4) by GC
2019-05-04T14:13:27.701Z - normal: Simulator: Destroy WebGLBuffer (2) by GC
2019-05-04T14:13:27.701Z - normal: Simulator: Destroy WebGLBuffer (1) by GC
2019-05-04T14:13:27.702Z - normal: Simulator: Destroy WebGLProgram (3) by GC
2019-05-04T14:13:27.704Z - normal: Simulator: Destroy WebGLBuffer (3) by GC
2019-05-04T14:13:27.704Z - normal: Simulator: Destroy WebGLTexture (2) by GC
2019-05-04T14:13:27.704Z - normal: Simulator: GC begin ..., (js->native map) size: 0, all objects: 0
2019-05-04T14:13:27.729Z - normal: Simulator: GC end ..., (js->native map) size: 0, all objects: 0
2019-05-04T14:13:27.734Z - normal: Simulator: ScriptEngine::cleanup end ...
2019-05-04T14:14:47.480Z - failed: load script [proto] failed : Error: Cannot find module 'proto'
    at Module._resolveFilename (module.js:470:15)
    at Function.Module._resolveFilename [as _resolveFilenameVendor] (/Applications/CocosCreator.app/Contents/Resources/electron.asar/common/reset-search-paths.js:35:12)
    at Function.s._resolveFilename (/Applications/CocosCreator.app/Contents/Resources/app.asar/editor/page/project-scripts.js:1:941)
    at Function.Module._load (module.js:418:25)
    at Module.require (module.js:498:17)
    at require (internal/module.js:20:19)
    at Object.cc.require (/Applications/CocosCreator.app/Contents/Resources/app.asar/editor/page/project-scripts.js:1:589)
    at /Users/long/Documents/workspace/gameserver3/client/temp/quick-scripts/assets/scripts/test.js:1:347
    at __define (/Users/long/Documents/workspace/gameserver3/client/temp/quick-scripts/assets/scripts/test.js:17:13)
    at /Users/long/Documents/workspace/gameserver3/client/temp/quick-scripts/assets/scripts/test.js:56:13
2019-05-04T14:16:24.079Z - normal: Simulator: WORKAREA WIDTH 1875.00, HEIGHT 1036.00
2019-05-04T14:16:24.081Z - normal: Simulator: FRAME SCALE = 0.75
2019-05-04T14:16:24.135Z - normal: Simulator: GLFWError #65544 Happen, Cocoa: Failed to retrieve display name
2019-05-04T14:16:24.136Z - normal: Simulator: 
2019-05-04T14:16:24.136Z - normal: Simulator: {
2019-05-04T14:16:24.136Z - normal: Simulator: 	build_type: DEBUG
2019-05-04T14:16:24.148Z - normal: Simulator: 	gl.vendor: Intel Inc.
2019-05-04T14:16:24.149Z - normal: Simulator: 	gl.supports_PVRTC: false
2019-05-04T14:16:24.149Z - normal: Simulator: 	gl.renderer: Intel Iris Pro OpenGL Engine
2019-05-04T14:16:24.149Z - normal: Simulator: 	gl.supports_ATITC: false
2019-05-04T14:16:24.149Z - normal: Simulator: 	gl.supports_discard_framebuffer: false
2019-05-04T14:16:24.149Z - normal: Simulator: 	gl.supports_NPOT: true
2019-05-04T14:16:24.149Z - normal: Simulator: 	gl.max_texture_units: 16
2019-05-04T14:16:24.150Z - normal: Simulator: 	gl.supports_ETC1: false
2019-05-04T14:16:24.150Z - normal: Simulator: 	gl.max_texture_size: 16384
2019-05-04T14:16:24.150Z - normal: Simulator: 	gl.supports_BGRA8888: false
2019-05-04T14:16:24.150Z - normal: Simulator: 	gl.supports_vertex_array_object: true
2019-05-04T14:16:24.150Z - normal: Simulator: 	gl.supports_OES_map_buffer: false
2019-05-04T14:16:24.150Z - normal: Simulator: 	compiled_with_gl_state_cache: true
2019-05-04T14:16:24.151Z - normal: Simulator: 	gl.supports_OES_packed_depth_stencil: false
2019-05-04T14:16:24.151Z - normal: Simulator: 	gl.version: 2.1 INTEL-10.32.48
2019-05-04T14:16:24.151Z - normal: Simulator: 	gl.supports_S3TC: true
2019-05-04T14:16:24.151Z - normal: Simulator: 	compiled_with_profiler: false
2019-05-04T14:16:24.152Z - normal: Simulator: 	gl.supports_OES_depth24: false
2019-05-04T14:16:24.152Z - normal: Simulator: }
2019-05-04T14:16:24.185Z - normal: Simulator: Project Config:
2019-05-04T14:16:24.185Z - normal: Simulator:     project dir: /Applications/CocosCreator.app/Contents/Resources/cocos2d-x/simulator/mac/Simulator.app/Contents/Resources/
2019-05-04T14:16:24.185Z - normal: Simulator:     writable path: $(PROJDIR)/
2019-05-04T14:16:24.185Z - normal: Simulator:     script file: $(PROJDIR)/main.js
2019-05-04T14:16:24.186Z - normal: Simulator:     frame size: 750 x 1334
2019-05-04T14:16:24.186Z - normal: Simulator:     frame scale: 0.75
2019-05-04T14:16:24.186Z - normal: Simulator:     show console: NO
2019-05-04T14:16:24.186Z - normal: Simulator:     write debug log: NO ()
2019-05-04T14:16:24.186Z - normal: Simulator:     listen: 
2019-05-04T14:16:24.187Z - normal: Simulator:     debugger: none
2019-05-04T14:16:24.187Z - normal: Simulator:     add searching path:
2019-05-04T14:16:24.187Z - normal: Simulator: resetDesignResolution request
2019-05-04T14:16:24.187Z - normal: Simulator: ------------------------------------------------
2019-05-04T14:16:24.187Z - normal: Simulator: LOAD Js FILE: jsb-adapter/jsb-builtin.js
2019-05-04T14:16:24.188Z - normal: Simulator: ------------------------------------------------
2019-05-04T14:16:24.188Z - normal: Simulator: Initializing V8, version: 6.5.254.43
2019-05-04T14:16:24.192Z - normal: Simulator: libuv version: 1.23.1-dev
2019-05-04T14:16:24.217Z - normal: Simulator: Debugger listening..., visit [ chrome-devtools://devtools/bundled/inspector.html?v8only=true&ws=0.0.0.0:5086/00010002-0003-4004-8005-000600070008 ] in chrome browser to debug!
2019-05-04T14:16:24.217Z - normal: Simulator: For help see https://nodejs.org/en/docs/inspector
2019-05-04T14:16:24.240Z - normal: Simulator: JS: Enable batch GL commands optimization!
2019-05-04T14:16:24.240Z - normal: Simulator: resetDesignResolution request
2019-05-04T14:16:24.240Z - normal: Simulator: ------------------------------------------------
2019-05-04T14:16:24.241Z - normal: Simulator: LOAD Js FILE: main.js
2019-05-04T14:16:24.241Z - normal: Simulator: ------------------------------------------------
2019-05-04T14:16:24.604Z - normal: Simulator: iShow!
2019-05-04T14:16:24.730Z - normal: Simulator: glGetIntegerv: pname: 0x8b4c
2019-05-04T14:16:24.738Z - normal: Simulator: JS: Cocos Creator v2.0.9
2019-05-04T14:16:24.820Z - normal: Simulator: JS: ====>1
2019-05-04T14:16:24.821Z - normal: Simulator: JS: ====>1
2019-05-04T14:16:24.821Z - normal: Simulator: JS: [object Object]
2019-05-04T14:16:24.821Z - normal: Simulator: JS: ====>2
2019-05-04T14:16:26.113Z - normal: Simulator: ScriptEngine::cleanup begin ...
2019-05-04T14:16:26.114Z - normal: Simulator: GC begin ..., (js->native map) size: 15, all objects: 89
2019-05-04T14:16:26.146Z - normal: Simulator: GC end ..., (js->native map) size: 15, all objects: 89
2019-05-04T14:16:26.147Z - normal: Simulator: GC begin ..., (js->native map) size: 15, all objects: 89
2019-05-04T14:16:26.172Z - normal: Simulator: GC end ..., (js->native map) size: 15, all objects: 89
2019-05-04T14:16:26.172Z - normal: Simulator: Destroy WebGLTexture (3) by GC
2019-05-04T14:16:26.173Z - normal: Simulator: Destroy WebGLTexture (1) by GC
2019-05-04T14:16:26.173Z - normal: Simulator: Destroy WebGLBuffer (2) by GC
2019-05-04T14:16:26.173Z - normal: Simulator: Destroy WebGLBuffer (1) by GC
2019-05-04T14:16:26.174Z - normal: Simulator: Destroy WebGLBuffer (3) by GC
2019-05-04T14:16:26.175Z - normal: Simulator: Destroy WebGLProgram (3) by GC
2019-05-04T14:16:26.175Z - normal: Simulator: Destroy WebGLBuffer (4) by GC
2019-05-04T14:16:26.176Z - normal: Simulator: Destroy WebGLTexture (2) by GC
2019-05-04T14:16:26.176Z - normal: Simulator: GC begin ..., (js->native map) size: 0, all objects: 0
2019-05-04T14:16:26.198Z - normal: Simulator: GC end ..., (js->native map) size: 0, all objects: 0
2019-05-04T14:16:26.202Z - normal: Simulator: ScriptEngine::cleanup end ...
2019-05-04T14:20:42.524Z - normal: Simulator: WORKAREA WIDTH 1875.00, HEIGHT 1036.00
2019-05-04T14:20:42.525Z - normal: Simulator: FRAME SCALE = 0.75
2019-05-04T14:20:42.588Z - normal: Simulator: GLFWError #65544 Happen, Cocoa: Failed to retrieve display name
2019-05-04T14:20:42.589Z - normal: Simulator: 
2019-05-04T14:20:42.589Z - normal: Simulator: {
2019-05-04T14:20:42.633Z - normal: Simulator: 	build_type: DEBUG
2019-05-04T14:20:42.634Z - normal: Simulator: 	gl.vendor: Intel Inc.
2019-05-04T14:20:42.634Z - normal: Simulator: 	gl.supports_PVRTC: false
2019-05-04T14:20:42.634Z - normal: Simulator: 	gl.renderer: Intel Iris Pro OpenGL Engine
2019-05-04T14:20:42.634Z - normal: Simulator: 	gl.supports_ATITC: false
2019-05-04T14:20:42.634Z - normal: Simulator: 	gl.supports_discard_framebuffer: false
2019-05-04T14:20:42.634Z - normal: Simulator: 	gl.supports_NPOT: true
2019-05-04T14:20:42.634Z - normal: Simulator: 	gl.max_texture_units: 16
2019-05-04T14:20:42.635Z - normal: Simulator: 	gl.supports_ETC1: false
2019-05-04T14:20:42.635Z - normal: Simulator: 	gl.max_texture_size: 16384
2019-05-04T14:20:42.635Z - normal: Simulator: 	gl.supports_BGRA8888: false
2019-05-04T14:20:42.635Z - normal: Simulator: 	gl.supports_vertex_array_object: true
2019-05-04T14:20:42.635Z - normal: Simulator: 	gl.supports_OES_map_buffer: false
2019-05-04T14:20:42.635Z - normal: Simulator: 	compiled_with_gl_state_cache: true
2019-05-04T14:20:42.635Z - normal: Simulator: 	gl.supports_OES_packed_depth_stencil: false
2019-05-04T14:20:42.636Z - normal: Simulator: 	gl.version: 2.1 INTEL-10.32.48
2019-05-04T14:20:42.636Z - normal: Simulator: 	gl.supports_S3TC: true
2019-05-04T14:20:42.636Z - normal: Simulator: 	compiled_with_profiler: false
2019-05-04T14:20:42.636Z - normal: Simulator: 	gl.supports_OES_depth24: false
2019-05-04T14:20:42.636Z - normal: Simulator: }
2019-05-04T14:20:42.638Z - normal: Simulator: Project Config:
2019-05-04T14:20:42.638Z - normal: Simulator:     project dir: /Applications/CocosCreator.app/Contents/Resources/cocos2d-x/simulator/mac/Simulator.app/Contents/Resources/
2019-05-04T14:20:42.639Z - normal: Simulator:     writable path: $(PROJDIR)/
2019-05-04T14:20:42.639Z - normal: Simulator:     script file: $(PROJDIR)/main.js
2019-05-04T14:20:42.639Z - normal: Simulator:     frame size: 750 x 1334
2019-05-04T14:20:42.639Z - normal: Simulator:     frame scale: 0.75
2019-05-04T14:20:42.640Z - normal: Simulator:     show console: NO
2019-05-04T14:20:42.640Z - normal: Simulator:     write debug log: NO ()
2019-05-04T14:20:42.640Z - normal: Simulator:     listen: 
2019-05-04T14:20:42.640Z - normal: Simulator:     debugger: none
2019-05-04T14:20:42.641Z - normal: Simulator:     add searching path:
2019-05-04T14:20:42.641Z - normal: Simulator: 
2019-05-04T14:20:42.641Z - normal: Simulator: 
2019-05-04T14:20:42.641Z - normal: Simulator: 
2019-05-04T14:20:42.641Z - normal: Simulator: resetDesignResolution request
2019-05-04T14:20:42.641Z - normal: Simulator: ------------------------------------------------
2019-05-04T14:20:42.641Z - normal: Simulator: LOAD Js FILE: jsb-adapter/jsb-builtin.js
2019-05-04T14:20:42.642Z - normal: Simulator: ------------------------------------------------
2019-05-04T14:20:42.642Z - normal: Simulator: Initializing V8, version: 6.5.254.43
2019-05-04T14:20:42.642Z - normal: Simulator: libuv version: 1.23.1-dev
2019-05-04T14:20:42.642Z - normal: Simulator: Debugger listening..., visit [ chrome-devtools://devtools/bundled/inspector.html?v8only=true&ws=0.0.0.0:5086/00010002-0003-4004-8005-000600070008 ] in chrome browser to debug!
2019-05-04T14:20:42.643Z - normal: Simulator: For help see https://nodejs.org/en/docs/inspector
2019-05-04T14:20:42.677Z - normal: Simulator: JS: Enable batch GL commands optimization!
2019-05-04T14:20:42.677Z - normal: Simulator: resetDesignResolution request
2019-05-04T14:20:42.677Z - normal: Simulator: ------------------------------------------------
2019-05-04T14:20:42.677Z - normal: Simulator: LOAD Js FILE: main.js
2019-05-04T14:20:42.678Z - normal: Simulator: ------------------------------------------------
2019-05-04T14:20:43.042Z - normal: Simulator: iShow!
2019-05-04T14:20:43.175Z - error: Simulator: ScriptEngine::onGetStringFromFile common/proto not found, possible missing file.
ScriptEngine::runScript script common/proto, buffer is empty!
[ERROR] Failed to invoke require, location: /Users/nantas/fireball-x/cocos2d-x-lite_20_release/cocos/scripting/js-bindings/manual/jsb_global.cpp:292
    at HTMLElement.print-simulator-log (/Applications/CocosCreator.app/Contents/Resources/app.asar/editor/builtin/scene/panel/messages/scene.js:1:1501)
    at Object.e._dispatch (/Applications/CocosCreator.app/Contents/Resources/app.asar/editor-framework/lib/renderer/panel.js:1:1941)
    at EventEmitter.o.on.s (/Applications/CocosCreator.app/Contents/Resources/app.asar/editor-framework/lib/renderer/ipc.js:1:2917)
    at emitMany (events.js:127:13)
    at EventEmitter.emit (events.js:204:7)
2019-05-04T14:20:43.180Z - normal: Simulator: glGetIntegerv: pname: 0x8b4c
2019-05-04T14:20:43.192Z - normal: Simulator: JS: Cocos Creator v2.0.9
2019-05-04T14:20:43.272Z - normal: Simulator: JS: ====>1
2019-05-04T14:20:43.272Z - normal: Simulator: JS: ====>1
2019-05-04T14:20:43.272Z - normal: Simulator: JS: undefined
2019-05-04T14:20:43.272Z - normal: Simulator: JS: ====>2
2019-05-04T14:20:44.421Z - normal: Simulator: ScriptEngine::cleanup begin ...
2019-05-04T14:20:44.421Z - normal: Simulator: GC begin ..., (js->native map) size: 15, all objects: 89
2019-05-04T14:20:44.451Z - normal: Simulator: GC end ..., (js->native map) size: 15, all objects: 89
2019-05-04T14:20:44.451Z - normal: Simulator: GC begin ..., (js->native map) size: 15, all objects: 89
2019-05-04T14:20:44.475Z - normal: Simulator: GC end ..., (js->native map) size: 15, all objects: 89
2019-05-04T14:20:44.476Z - normal: Simulator: Destroy WebGLProgram (3) by GC
2019-05-04T14:20:44.477Z - normal: Simulator: Destroy WebGLTexture (1) by GC
2019-05-04T14:20:44.477Z - normal: Simulator: Destroy WebGLTexture (2) by GC
2019-05-04T14:20:44.478Z - normal: Simulator: Destroy WebGLTexture (3) by GC
2019-05-04T14:20:44.478Z - normal: Simulator: Destroy WebGLBuffer (3) by GC
2019-05-04T14:20:44.478Z - normal: Simulator: Destroy WebGLBuffer (2) by GC
2019-05-04T14:20:44.478Z - normal: Simulator: Destroy WebGLBuffer (4) by GC
2019-05-04T14:20:44.479Z - normal: Simulator: Destroy WebGLBuffer (1) by GC
2019-05-04T14:20:44.479Z - normal: Simulator: GC begin ..., (js->native map) size: 0, all objects: 0
2019-05-04T14:20:44.502Z - normal: Simulator: GC end ..., (js->native map) size: 0, all objects: 0
2019-05-04T14:20:44.506Z - normal: Simulator: ScriptEngine::cleanup end ...
2019-05-04T14:22:30.566Z - info: æ’ä»¶è„šæœ¬åœ¨ç¼–è¾‘å™¨ä¸­åŠ è½½æ—¶ï¼Œåœ¨æœ€å¤–å±‚ç”¨ var å£°æ˜Žçš„å˜é‡å°†ä¸å†åšä¸ºå…¨å±€å˜é‡ã€‚å¦‚æžœä¸éœ€è¦åœ¨ç¼–è¾‘å™¨ä¸­åŠ è½½æ’ä»¶ï¼Œåˆ™ç›´æŽ¥å–æ¶ˆ"å…è®¸ç¼–è¾‘å™¨åŠ è½½"å³å¯ï¼Œå¦åˆ™è¯·æ”¹ç”¨ "window.xx = yy;" æ¥å®šä¹‰å…¨å±€å˜é‡ã€‚ ðŸ˜‚
æ’ä»¶è„šæœ¬ï¼š"/Users/long/Documents/workspace/gameserver3/client/assets/scripts/common/proto.js"
æ‰€åœ¨è¡Œï¼š"var $protobuf = protobuf;"
2019-05-04T14:22:30.567Z - info: æ’ä»¶è„šæœ¬åœ¨ç¼–è¾‘å™¨ä¸­åŠ è½½æ—¶ï¼Œåœ¨æœ€å¤–å±‚ç”¨ var å£°æ˜Žçš„å˜é‡å°†ä¸å†åšä¸ºå…¨å±€å˜é‡ã€‚å¦‚æžœä¸éœ€è¦åœ¨ç¼–è¾‘å™¨ä¸­åŠ è½½æ’ä»¶ï¼Œåˆ™ç›´æŽ¥å–æ¶ˆ"å…è®¸ç¼–è¾‘å™¨åŠ è½½"å³å¯ï¼Œå¦åˆ™è¯·æ”¹ç”¨ "window.xx = yy;" æ¥å®šä¹‰å…¨å±€å˜é‡ã€‚ ðŸ˜‚
æ’ä»¶è„šæœ¬ï¼š"/Users/long/Documents/workspace/gameserver3/client/assets/scripts/common/proto.js"
æ‰€åœ¨è¡Œï¼š"var $Reader = $protobuf.Reader, $Writer = $protobuf.Writer, $util = $protobuf.util;"
2019-05-04T14:22:30.568Z - info: æ’ä»¶è„šæœ¬åœ¨ç¼–è¾‘å™¨ä¸­åŠ è½½æ—¶ï¼Œåœ¨æœ€å¤–å±‚ç”¨ var å£°æ˜Žçš„å˜é‡å°†ä¸å†åšä¸ºå…¨å±€å˜é‡ã€‚å¦‚æžœä¸éœ€è¦åœ¨ç¼–è¾‘å™¨ä¸­åŠ è½½æ’ä»¶ï¼Œåˆ™ç›´æŽ¥å–æ¶ˆ"å…è®¸ç¼–è¾‘å™¨åŠ è½½"å³å¯ï¼Œå¦åˆ™è¯·æ”¹ç”¨ "window.xx = yy;" æ¥å®šä¹‰å…¨å±€å˜é‡ã€‚ ðŸ˜‚
æ’ä»¶è„šæœ¬ï¼š"/Users/long/Documents/workspace/gameserver3/client/assets/scripts/common/proto.js"
æ‰€åœ¨è¡Œï¼š"var $root = $protobuf.roots["default"] || ($protobuf.roots["default"] = {});"
2019-05-04T14:22:31.147Z - error: ReferenceError: protobuf is not defined
    at disable-commonjs:///Users/long/Documents/workspace/gameserver3/client/assets/scripts/common/proto.js?001:5:17
    at disable-commonjs:///Users/long/Documents/workspace/gameserver3/client/assets/scripts/common/proto.js?001:63425:3
2019-05-04T14:22:31.209Z - failed: load script [common/proto] failed : Error: Cannot find module 'common/proto'
    at Module._resolveFilename (module.js:470:15)
    at Function.Module._resolveFilename [as _resolveFilenameVendor] (/Applications/CocosCreator.app/Contents/Resources/electron.asar/common/reset-search-paths.js:35:12)
    at Function.s._resolveFilename (/Applications/CocosCreator.app/Contents/Resources/app.asar/editor/page/project-scripts.js:1:941)
    at Function.Module._load (module.js:418:25)
    at Module.require (module.js:498:17)
    at require (internal/module.js:20:19)
    at Object.cc.require (/Applications/CocosCreator.app/Contents/Resources/app.asar/editor/page/project-scripts.js:1:589)
    at /Users/long/Documents/workspace/gameserver3/client/temp/quick-scripts/assets/scripts/test.js:1:347
    at __define (/Users/long/Documents/workspace/gameserver3/client/temp/quick-scripts/assets/scripts/test.js:17:13)
    at /Users/long/Documents/workspace/gameserver3/client/temp/quick-scripts/assets/scripts/test.js:56:13
2019-05-04T14:22:43.148Z - error: ReferenceError: protobuf is not defined
    at disable-commonjs:///Users/long/Documents/workspace/gameserver3/client/assets/scripts/common/proto.js?002:5:17
    at disable-commonjs:///Users/long/Documents/workspace/gameserver3/client/assets/scripts/common/proto.js?002:63425:3
2019-05-04T14:22:43.195Z - failed: load script [common/proto] failed : Error: Cannot find module 'common/proto'
    at Module._resolveFilename (module.js:470:15)
    at Function.Module._resolveFilename [as _resolveFilenameVendor] (/Applications/CocosCreator.app/Contents/Resources/electron.asar/common/reset-search-paths.js:35:12)
    at Function.s._resolveFilename (/Applications/CocosCreator.app/Contents/Resources/app.asar/editor/page/project-scripts.js:1:941)
    at Function.Module._load (module.js:418:25)
    at Module.require (module.js:498:17)
    at require (internal/module.js:20:19)
    at Object.cc.require (/Applications/CocosCreator.app/Contents/Resources/app.asar/editor/page/project-scripts.js:1:589)
    at /Users/long/Documents/workspace/gameserver3/client/temp/quick-scripts/assets/scripts/test.js:1:347
    at __define (/Users/long/Documents/workspace/gameserver3/client/temp/quick-scripts/assets/scripts/test.js:17:13)
    at /Users/long/Documents/workspace/gameserver3/client/temp/quick-scripts/assets/scripts/test.js:56:13
2019-05-04T14:23:26.670Z - normal: Simulator: WORKAREA WIDTH 1875.00, HEIGHT 1036.00
2019-05-04T14:23:26.670Z - normal: Simulator: FRAME SCALE = 0.75
2019-05-04T14:23:26.733Z - normal: Simulator: GLFWError #65544 Happen, Cocoa: Failed to retrieve display name
2019-05-04T14:23:26.733Z - normal: Simulator: 
2019-05-04T14:23:26.776Z - normal: Simulator: {
2019-05-04T14:23:26.777Z - normal: Simulator: 	build_type: DEBUG
2019-05-04T14:23:26.777Z - normal: Simulator: 	gl.vendor: Intel Inc.
2019-05-04T14:23:26.777Z - normal: Simulator: 	gl.supports_PVRTC: false
2019-05-04T14:23:26.777Z - normal: Simulator: 	gl.renderer: Intel Iris Pro OpenGL Engine
2019-05-04T14:23:26.778Z - normal: Simulator: 	gl.supports_ATITC: false
2019-05-04T14:23:26.778Z - normal: Simulator: 	gl.supports_discard_framebuffer: false
2019-05-04T14:23:26.778Z - normal: Simulator: 	gl.supports_NPOT: true
2019-05-04T14:23:26.778Z - normal: Simulator: 	gl.max_texture_units: 16
2019-05-04T14:23:26.778Z - normal: Simulator: 	gl.supports_ETC1: false
2019-05-04T14:23:26.778Z - normal: Simulator: 	gl.max_texture_size: 16384
2019-05-04T14:23:26.779Z - normal: Simulator: 	gl.supports_BGRA8888: false
2019-05-04T14:23:26.779Z - normal: Simulator: 	gl.supports_vertex_array_object: true
2019-05-04T14:23:26.779Z - normal: Simulator: 	gl.supports_OES_map_buffer: false
2019-05-04T14:23:26.779Z - normal: Simulator: 	compiled_with_gl_state_cache: true
2019-05-04T14:23:26.780Z - normal: Simulator: 	gl.supports_OES_packed_depth_stencil: false
2019-05-04T14:23:26.780Z - normal: Simulator: 	gl.version: 2.1 INTEL-10.32.48
2019-05-04T14:23:26.780Z - normal: Simulator: 	gl.supports_S3TC: true
2019-05-04T14:23:26.781Z - normal: Simulator: 	compiled_with_profiler: false
2019-05-04T14:23:26.781Z - normal: Simulator: 	gl.supports_OES_depth24: false
2019-05-04T14:23:26.781Z - normal: Simulator: }
2019-05-04T14:23:26.791Z - normal: Simulator: Project Config:
2019-05-04T14:23:26.793Z - normal: Simulator:     project dir: /Applications/CocosCreator.app/Contents/Resources/cocos2d-x/simulator/mac/Simulator.app/Contents/Resources/
2019-05-04T14:23:26.793Z - normal: Simulator:     writable path: $(PROJDIR)/
2019-05-04T14:23:26.793Z - normal: Simulator:     script file: $(PROJDIR)/main.js
2019-05-04T14:23:26.794Z - normal: Simulator:     frame size: 750 x 1334
2019-05-04T14:23:26.794Z - normal: Simulator:     frame scale: 0.75
2019-05-04T14:23:26.794Z - normal: Simulator:     show console: NO
2019-05-04T14:23:26.794Z - normal: Simulator:     write debug log: NO ()
2019-05-04T14:23:26.795Z - normal: Simulator:     listen: 
2019-05-04T14:23:26.795Z - normal: Simulator:     debugger: none
2019-05-04T14:23:26.795Z - normal: Simulator:     add searching path:
2019-05-04T14:23:26.795Z - normal: Simulator: 
2019-05-04T14:23:26.795Z - normal: Simulator: 
2019-05-04T14:23:26.796Z - normal: Simulator: 
2019-05-04T14:23:26.796Z - normal: Simulator: resetDesignResolution request
2019-05-04T14:23:26.796Z - normal: Simulator: ------------------------------------------------
2019-05-04T14:23:26.796Z - normal: Simulator: LOAD Js FILE: jsb-adapter/jsb-builtin.js
2019-05-04T14:23:26.796Z - normal: Simulator: ------------------------------------------------
2019-05-04T14:23:26.796Z - normal: Simulator: Initializing V8, version: 6.5.254.43
2019-05-04T14:23:26.797Z - normal: Simulator: libuv version: 1.23.1-dev
2019-05-04T14:23:26.797Z - normal: Simulator: Debugger listening..., visit [ chrome-devtools://devtools/bundled/inspector.html?v8only=true&ws=0.0.0.0:5086/00010002-0003-4004-8005-000600070008 ] in chrome browser to debug!
2019-05-04T14:23:26.797Z - normal: Simulator: For help see https://nodejs.org/en/docs/inspector
2019-05-04T14:23:26.826Z - normal: Simulator: JS: Enable batch GL commands optimization!
2019-05-04T14:23:26.835Z - normal: Simulator: resetDesignResolution request
2019-05-04T14:23:26.836Z - normal: Simulator: ------------------------------------------------
2019-05-04T14:23:26.836Z - normal: Simulator: LOAD Js FILE: main.js
2019-05-04T14:23:26.836Z - normal: Simulator: ------------------------------------------------
2019-05-04T14:23:27.199Z - normal: Simulator: iShow!
2019-05-04T14:23:27.332Z - normal: Simulator: glGetIntegerv: pname: 0x8b4c
2019-05-04T14:23:27.346Z - normal: Simulator: JS: Cocos Creator v2.0.9
2019-05-04T14:23:27.421Z - normal: Simulator: JS: ====>1
2019-05-04T14:23:27.421Z - normal: Simulator: JS: ====>1
2019-05-04T14:23:27.421Z - normal: Simulator: JS: [object Object]
2019-05-04T14:23:27.422Z - normal: Simulator: JS: ====>2
2019-05-04T14:23:29.144Z - normal: Simulator: ScriptEngine::cleanup begin ...
2019-05-04T14:23:29.145Z - normal: Simulator: GC begin ..., (js->native map) size: 15, all objects: 89
2019-05-04T14:23:29.178Z - normal: Simulator: GC end ..., (js->native map) size: 15, all objects: 89
2019-05-04T14:23:29.178Z - normal: Simulator: GC begin ..., (js->native map) size: 15, all objects: 89
2019-05-04T14:23:29.205Z - normal: Simulator: GC end ..., (js->native map) size: 15, all objects: 89
2019-05-04T14:23:29.206Z - normal: Simulator: Destroy WebGLProgram (3) by GC
2019-05-04T14:23:29.206Z - normal: Simulator: Destroy WebGLTexture (3) by GC
2019-05-04T14:23:29.206Z - normal: Simulator: Destroy WebGLTexture (2) by GC
2019-05-04T14:23:29.207Z - normal: Simulator: Destroy WebGLTexture (1) by GC
2019-05-04T14:23:29.207Z - normal: Simulator: Destroy WebGLBuffer (4) by GC
2019-05-04T14:23:29.207Z - normal: Simulator: Destroy WebGLBuffer (1) by GC
2019-05-04T14:23:29.207Z - normal: Simulator: Destroy WebGLBuffer (2) by GC
2019-05-04T14:23:29.208Z - normal: Simulator: Destroy WebGLBuffer (3) by GC
2019-05-04T14:23:29.208Z - normal: Simulator: GC begin ..., (js->native map) size: 0, all objects: 0
2019-05-04T14:23:29.233Z - normal: Simulator: GC end ..., (js->native map) size: 0, all objects: 0
2019-05-04T14:23:29.237Z - normal: Simulator: ScriptEngine::cleanup end ...
2019-05-04T14:33:46.180Z - failed: load script [/Users/long/Documents/workspace/gameserver3/client/temp/quick-scripts/assets/scripts/utils/websocket.js] failed : ReferenceError: proto_man is not defined
    at __define (/Users/long/Documents/workspace/gameserver3/client/temp/quick-scripts/assets/scripts/utils/websocket.js:81:47)
    at /Users/long/Documents/workspace/gameserver3/client/temp/quick-scripts/assets/scripts/utils/websocket.js:88:13
    at Object.<anonymous> (/Users/long/Documents/workspace/gameserver3/client/temp/quick-scripts/assets/scripts/utils/websocket.js:95:11)
    at Object.<anonymous> (/Users/long/Documents/workspace/gameserver3/client/temp/quick-scripts/assets/scripts/utils/websocket.js:98:3)
    at Module._compile (module.js:571:32)
    at Object.Module._extensions..js (module.js:580:10)
    at Module.load (module.js:488:32)
    at tryModuleLoad (module.js:447:12)
    at Function.Module._load (module.js:439:3)
    at Module.require (module.js:498:17)
2019-05-04T14:38:40.800Z - failed: load script [/Users/long/Documents/workspace/gameserver3/client/temp/quick-scripts/assets/scripts/utils/websocket.js] failed : ReferenceError: proto_man is not defined
    at __define (/Users/long/Documents/workspace/gameserver3/client/temp/quick-scripts/assets/scripts/utils/websocket.js:81:47)
    at /Users/long/Documents/workspace/gameserver3/client/temp/quick-scripts/assets/scripts/utils/websocket.js:88:13
    at Object.<anonymous> (/Users/long/Documents/workspace/gameserver3/client/temp/quick-scripts/assets/scripts/utils/websocket.js:95:11)
    at Object.<anonymous> (/Users/long/Documents/workspace/gameserver3/client/temp/quick-scripts/assets/scripts/utils/websocket.js:98:3)
    at Module._compile (module.js:571:32)
    at Object.Module._extensions..js (module.js:580:10)
    at Module.load (module.js:488:32)
    at tryModuleLoad (module.js:447:12)
    at Function.Module._load (module.js:439:3)
    at Module.require (module.js:498:17)
2019-05-04T14:40:33.348Z - warn: [db-task][sync-changes] Backup unused meta file: db://assets/scripts/utils.meta
2019-05-04T14:42:55.638Z - normal: Simulator: WORKAREA WIDTH 1875.00, HEIGHT 1036.00
2019-05-04T14:42:55.640Z - normal: Simulator: FRAME SCALE = 0.75
2019-05-04T14:42:55.730Z - normal: Simulator: GLFWError #65544 Happen, Cocoa: Failed to retrieve display name
2019-05-04T14:42:55.730Z - normal: Simulator: 
2019-05-04T14:42:55.730Z - normal: Simulator: {
2019-05-04T14:42:55.731Z - normal: Simulator: 	build_type: DEBUG
2019-05-04T14:42:55.731Z - normal: Simulator: 	gl.vendor: Intel Inc.
2019-05-04T14:42:55.731Z - normal: Simulator: 	gl.supports_PVRTC: false
2019-05-04T14:42:55.731Z - normal: Simulator: 	gl.renderer: Intel Iris Pro OpenGL Engine
2019-05-04T14:42:55.731Z - normal: Simulator: 	gl.supports_ATITC: false
2019-05-04T14:42:55.732Z - normal: Simulator: 	gl.supports_discard_framebuffer: false
2019-05-04T14:42:55.732Z - normal: Simulator: 	gl.supports_NPOT: true
2019-05-04T14:42:55.732Z - normal: Simulator: 	gl.max_texture_units: 16
2019-05-04T14:42:55.732Z - normal: Simulator: 	gl.supports_ETC1: false
2019-05-04T14:42:55.733Z - normal: Simulator: 	gl.max_texture_size: 16384
2019-05-04T14:42:55.733Z - normal: Simulator: 	gl.supports_BGRA8888: false
2019-05-04T14:42:55.733Z - normal: Simulator: 	gl.supports_vertex_array_object: true
2019-05-04T14:42:55.733Z - normal: Simulator: 	gl.supports_OES_map_buffer: false
2019-05-04T14:42:55.733Z - normal: Simulator: 	compiled_with_gl_state_cache: true
2019-05-04T14:42:55.734Z - normal: Simulator: 	gl.supports_OES_packed_depth_stencil: false
2019-05-04T14:42:55.734Z - normal: Simulator: 	gl.version: 2.1 INTEL-10.32.48
2019-05-04T14:42:55.734Z - normal: Simulator: 	gl.supports_S3TC: true
2019-05-04T14:42:55.734Z - normal: Simulator: 	compiled_with_profiler: false
2019-05-04T14:42:55.735Z - normal: Simulator: 	gl.supports_OES_depth24: false
2019-05-04T14:42:55.735Z - normal: Simulator: }
2019-05-04T14:42:55.766Z - normal: Simulator: Project Config:
2019-05-04T14:42:55.766Z - normal: Simulator:     project dir: /Applications/CocosCreator.app/Contents/Resources/cocos2d-x/simulator/mac/Simulator.app/Contents/Resources/
2019-05-04T14:42:55.767Z - normal: Simulator:     writable path: $(PROJDIR)/
2019-05-04T14:42:55.767Z - normal: Simulator:     script file: $(PROJDIR)/main.js
2019-05-04T14:42:55.767Z - normal: Simulator:     frame size: 750 x 1334
2019-05-04T14:42:55.768Z - normal: Simulator:     frame scale: 0.75
2019-05-04T14:42:55.768Z - normal: Simulator:     show console: NO
2019-05-04T14:42:55.768Z - normal: Simulator:     write debug log: NO ()
2019-05-04T14:42:55.768Z - normal: Simulator:     listen: 
2019-05-04T14:42:55.769Z - normal: Simulator:     debugger: none
2019-05-04T14:42:55.769Z - normal: Simulator:     add searching path:
2019-05-04T14:42:55.769Z - normal: Simulator: resetDesignResolution request
2019-05-04T14:42:55.769Z - normal: Simulator: ------------------------------------------------
2019-05-04T14:42:55.770Z - normal: Simulator: LOAD Js FILE: jsb-adapter/jsb-builtin.js
2019-05-04T14:42:55.770Z - normal: Simulator: ------------------------------------------------
2019-05-04T14:42:55.770Z - normal: Simulator: Initializing V8, version: 6.5.254.43
2019-05-04T14:42:55.808Z - normal: Simulator: libuv version: 1.23.1-dev
2019-05-04T14:42:55.809Z - normal: Simulator: Debugger listening..., visit [ chrome-devtools://devtools/bundled/inspector.html?v8only=true&ws=0.0.0.0:5086/00010002-0003-4004-8005-000600070008 ] in chrome browser to debug!
2019-05-04T14:42:55.809Z - normal: Simulator: For help see https://nodejs.org/en/docs/inspector
2019-05-04T14:42:55.856Z - normal: Simulator: JS: Enable batch GL commands optimization!
2019-05-04T14:42:55.858Z - normal: Simulator: resetDesignResolution request
2019-05-04T14:42:55.858Z - normal: Simulator: ------------------------------------------------
2019-05-04T14:42:55.858Z - normal: Simulator: LOAD Js FILE: main.js
2019-05-04T14:42:55.859Z - normal: Simulator: ------------------------------------------------
2019-05-04T14:42:56.249Z - normal: Simulator: iShow!
2019-05-04T14:42:56.371Z - normal: Simulator: glGetIntegerv: pname: 0x8b4c
2019-05-04T14:42:56.382Z - normal: Simulator: JS: Cocos Creator v2.0.9
2019-05-04T14:42:56.462Z - normal: Simulator: JS: ====>1
2019-05-04T14:42:56.462Z - normal: Simulator: JS: ====>1
2019-05-04T14:42:56.463Z - error: Simulator: ERROR: Uncaught ReferenceError: proto is not defined, location: assets/scripts/test.js:0:0
STACK:
[0]onLoad@assets/scripts/test.js:44
[1]anonymous@(no filename):3
[2]invoke@src/cocos2d-jsb.js:12015
[3]activateNode@src/cocos2d-jsb.js:23009
[4]_activate@src/cocos2d-jsb.js:9152
[5]runSceneImmediate@src/cocos2d-jsb.js:7074
[6]anonymous@main.js:53
[7]anonymous@src/cocos2d-jsb.js:25672
[8]anonymous@src/cocos2d-jsb.js:20934
[9]anonymous@src/cocos2d-jsb.js:30249
[10]fireTimeout@jsb-adapter/jsb-builtin.js:2033
[11]tick@jsb-adapter/jsb-builtin.js:1995
[ERROR] (/Users/nantas/fireball-x/cocos2d-x-lite_20_release/cocos/scripting/js-bindings/jswrapper/v8/Object.cpp, 534): Invoking function (0x7f9a91525430) failed!
    at HTMLElement.print-simulator-log (/Applications/CocosCreator.app/Contents/Resources/app.asar/editor/builtin/scene/panel/messages/scene.js:1:1501)
    at Object.e._dispatch (/Applications/CocosCreator.app/Contents/Resources/app.asar/editor-framework/lib/renderer/panel.js:1:1941)
    at EventEmitter.o.on.s (/Applications/CocosCreator.app/Contents/Resources/app.asar/editor-framework/lib/renderer/ipc.js:1:2917)
    at emitMany (events.js:127:13)
    at EventEmitter.emit (events.js:204:7)
2019-05-04T14:42:56.478Z - error: Simulator: ERROR: Uncaught TypeError: Cannot read property 'length' of null, location: src/cocos2d-jsb.js:0:0
STACK:
[0]_updateCullingMask@src/cocos2d-jsb.js:7872
[1]_onHierarchyChanged@src/cocos2d-jsb.js:8240
[2]setParent@src/cocos2d-jsb.js:44230
[3]insertChild@src/cocos2d-jsb.js:44260
[4]runSceneImmediate@src/cocos2d-jsb.js:7055
[5]anonymous@main.js:53
[6]anonymous@src/cocos2d-jsb.js:25672
[7]anonymous@src/cocos2d-jsb.js:20934
[8]anonymous@src/cocos2d-jsb.js:30249
[9]fireTimeout@jsb-adapter/jsb-builtin.js:2033
[10]tick@jsb-adapter/jsb-builtin.js:1995
[ERROR] (/Users/nantas/fireball-x/cocos2d-x-lite_20_release/cocos/scripting/js-bindings/jswrapper/v8/Object.cpp, 534): Invoking function (0x7f9a91525430) failed!
    at HTMLElement.print-simulator-log (/Applications/CocosCreator.app/Contents/Resources/app.asar/editor/builtin/scene/panel/messages/scene.js:1:1501)
    at Object.e._dispatch (/Applications/CocosCreator.app/Contents/Resources/app.asar/editor-framework/lib/renderer/panel.js:1:1941)
    at EventEmitter.o.on.s (/Applications/CocosCreator.app/Contents/Resources/app.asar/editor-framework/lib/renderer/ipc.js:1:2917)
    at emitMany (events.js:127:13)
    at EventEmitter.emit (events.js:204:7)
2019-05-04T14:42:56.494Z - error: Simulator: ERROR: Uncaught TypeError: Cannot read property '_activeInHierarchy' of null, location: src/cocos2d-jsb.js:0:0
STACK:
[0]stableRemoveInactive@src/cocos2d-jsb.js:11968
[1]cancelInactive@src/cocos2d-jsb.js:12004
[2]activateNode@src/cocos2d-jsb.js:23019
[3]set@src/cocos2d-jsb.js:44184
[4]destroy@src/cocos2d-jsb.js:9134
[5]runSceneImmediate@src/cocos2d-jsb.js:7066
[6]anonymous@main.js:53
[7]anonymous@src/cocos2d-jsb.js:25672
[8]anonymous@src/cocos2d-jsb.js:20934
[9]anonymous@src/cocos2d-jsb.js:30249
[10]fireTimeout@jsb-adapter/jsb-builtin.js:2033
[11]tick@jsb-adapter/jsb-builtin.js:1995
[ERROR] (/Users/nantas/fireball-x/cocos2d-x-lite_20_release/cocos/scripting/js-bindings/jswrapper/v8/Object.cpp, 534): Invoking function (0x7f9a91525430) failed!
    at HTMLElement.print-simulator-log (/Applications/CocosCreator.app/Contents/Resources/app.asar/editor/builtin/scene/panel/messages/scene.js:1:1501)
    at Object.e._dispatch (/Applications/CocosCreator.app/Contents/Resources/app.asar/editor-framework/lib/renderer/panel.js:1:1941)
    at EventEmitter.o.on.s (/Applications/CocosCreator.app/Contents/Resources/app.asar/editor-framework/lib/renderer/ipc.js:1:2917)
    at emitMany (events.js:127:13)
    at EventEmitter.emit (events.js:204:7)
2019-05-04T14:42:56.510Z - normal: Simulator: JS: [ERROR]: object already destroyed
2019-05-04T14:42:56.510Z - error: Simulator: ERROR: Uncaught TypeError: Cannot read property 'length' of null, location: src/cocos2d-jsb.js:0:0
STACK:
[0]_activateNodeRecursively@src/cocos2d-jsb.js:22958
[1]activateNode@src/cocos2d-jsb.js:23007
[2]_activate@src/cocos2d-jsb.js:9152
[3]runSceneImmediate@src/cocos2d-jsb.js:7074
[4]anonymous@main.js:53
[5]anonymous@src/cocos2d-jsb.js:25672
[6]anonymous@src/cocos2d-jsb.js:20934
[7]anonymous@src/cocos2d-jsb.js:30249
[8]fireTimeout@jsb-adapter/jsb-builtin.js:2033
[9]tick@jsb-adapter/jsb-builtin.js:1995
[ERROR] (/Users/nantas/fireball-x/cocos2d-x-lite_20_release/cocos/scripting/js-bindings/jswrapper/v8/Object.cpp, 534): Invoking function (0x7f9a91525430) failed!
    at HTMLElement.print-simulator-log (/Applications/CocosCreator.app/Contents/Resources/app.asar/editor/builtin/scene/panel/messages/scene.js:1:1501)
    at Object.e._dispatch (/Applications/CocosCreator.app/Contents/Resources/app.asar/editor-framework/lib/renderer/panel.js:1:1941)
    at EventEmitter.o.on.s (/Applications/CocosCreator.app/Contents/Resources/app.asar/editor-framework/lib/renderer/ipc.js:1:2917)
    at emitMany (events.js:127:13)
    at EventEmitter.emit (events.js:204:7)
2019-05-04T14:42:56.527Z - error: Simulator: ERROR: Uncaught TypeError: Cannot read property 'length' of null, location: src/cocos2d-jsb.js:0:0
STACK:
[0]_activateNodeRecursively@src/cocos2d-jsb.js:22958
[1]activateNode@src/cocos2d-jsb.js:23007
[2]_activate@src/cocos2d-jsb.js:9152
[3]runSceneImmediate@src/cocos2d-jsb.js:7074
[4]anonymous@main.js:53
[5]anonymous@src/cocos2d-jsb.js:25672
[6]anonymous@src/cocos2d-jsb.js:20934
[7]anonymous@src/cocos2d-jsb.js:30249
[8]fireTimeout@jsb-adapter/jsb-builtin.js:2033
[9]tick@jsb-adapter/jsb-builtin.js:1995
[ERROR] (/Users/nantas/fireball-x/cocos2d-x-lite_20_release/cocos/scripting/js-bindings/jswrapper/v8/Object.cpp, 534): Invoking function (0x7f9a91525430) failed!
    at HTMLElement.print-simulator-log (/Applications/CocosCreator.app/Contents/Resources/app.asar/editor/builtin/scene/panel/messages/scene.js:1:1501)
    at Object.e._dispatch (/Applications/CocosCreator.app/Contents/Resources/app.asar/editor-framework/lib/renderer/panel.js:1:1941)
    at EventEmitter.o.on.s (/Applications/CocosCreator.app/Contents/Resources/app.asar/editor-framework/lib/renderer/ipc.js:1:2917)
    at emitMany (events.js:127:13)
    at EventEmitter.emit (events.js:204:7)
2019-05-04T14:42:56.543Z - error: Simulator: ERROR: Uncaught TypeError: Cannot read property 'length' of null, location: src/cocos2d-jsb.js:0:0
STACK:
[0]_activateNodeRecursively@src/cocos2d-jsb.js:22958
[1]activateNode@src/cocos2d-jsb.js:23007
[2]_activate@src/cocos2d-jsb.js:9152
[3]runSceneImmediate@src/cocos2d-jsb.js:7074
[4]anonymous@main.js:53
[5]anonymous@src/cocos2d-jsb.js:25672
[6]anonymous@src/cocos2d-jsb.js:20934
[7]anonymous@src/cocos2d-jsb.js:30249
[8]fireTimeout@jsb-adapter/jsb-builtin.js:2033
[9]tick@jsb-adapter/jsb-builtin.js:1995
[ERROR] (/Users/nantas/fireball-x/cocos2d-x-lite_20_release/cocos/scripting/js-bindings/jswrapper/v8/Object.cpp, 534): Invoking function (0x7f9a91525430) failed!
    at HTMLElement.print-simulator-log (/Applications/CocosCreator.app/Contents/Resources/app.asar/editor/builtin/scene/panel/messages/scene.js:1:1501)
    at Object.e._dispatch (/Applications/CocosCreator.app/Contents/Resources/app.asar/editor-framework/lib/renderer/panel.js:1:1941)
    at EventEmitter.o.on.s (/Applications/CocosCreator.app/Contents/Resources/app.asar/editor-framework/lib/renderer/ipc.js:1:2917)
    at emitMany (events.js:127:13)
    at EventEmitter.emit (events.js:204:7)
2019-05-04T14:42:56.557Z - error: Simulator: ERROR: Uncaught TypeError: Cannot read property 'length' of null, location: src/cocos2d-jsb.js:0:0
STACK:
[0]_activateNodeRecursively@src/cocos2d-jsb.js:22958
[1]activateNode@src/cocos2d-jsb.js:23007
[2]_activate@src/cocos2d-jsb.js:9152
[3]runSceneImmediate@src/cocos2d-jsb.js:7074
[4]anonymous@main.js:53
[5]anonymous@src/cocos2d-jsb.js:25672
[6]anonymous@src/cocos2d-jsb.js:20934
[7]anonymous@src/cocos2d-jsb.js:30249
[8]fireTimeout@jsb-adapter/jsb-builtin.js:2033
[9]tick@jsb-adapter/jsb-builtin.js:1995
[ERROR] (/Users/nantas/fireball-x/cocos2d-x-lite_20_release/cocos/scripting/js-bindings/jswrapper/v8/Object.cpp, 534): Invoking function (0x7f9a91525430) failed!
    at HTMLElement.print-simulator-log (/Applications/CocosCreator.app/Contents/Resources/app.asar/editor/builtin/scene/panel/messages/scene.js:1:1501)
    at Object.e._dispatch (/Applications/CocosCreator.app/Contents/Resources/app.asar/editor-framework/lib/renderer/panel.js:1:1941)
    at EventEmitter.o.on.s (/Applications/CocosCreator.app/Contents/Resources/app.asar/editor-framework/lib/renderer/ipc.js:1:2917)
    at emitMany (events.js:127:13)
    at EventEmitter.emit (events.js:204:7)
2019-05-04T14:42:56.573Z - error: Simulator: ERROR: Uncaught TypeError: Cannot read property 'length' of null, location: src/cocos2d-jsb.js:0:0
STACK:
[0]_activateNodeRecursively@src/cocos2d-jsb.js:22958
[1]activateNode@src/cocos2d-jsb.js:23007
[2]_activate@src/cocos2d-jsb.js:9152
[3]runSceneImmediate@src/cocos2d-jsb.js:7074
[4]anonymous@main.js:53
[5]anonymous@src/cocos2d-jsb.js:25672
[6]anonymous@src/cocos2d-jsb.js:20934
[7]anonymous@src/cocos2d-jsb.js:30249
[8]fireTimeout@jsb-adapter/jsb-builtin.js:2033
[9]tick@jsb-adapter/jsb-builtin.js:1995
[ERROR] (/Users/nantas/fireball-x/cocos2d-x-lite_20_release/cocos/scripting/js-bindings/jswrapper/v8/Object.cpp, 534): Invoking function (0x7f9a91525430) failed!
    at HTMLElement.print-simulator-log (/Applications/CocosCreator.app/Contents/Resources/app.asar/editor/builtin/scene/panel/messages/scene.js:1:1501)
    at Object.e._dispatch (/Applications/CocosCreator.app/Contents/Resources/app.asar/editor-framework/lib/renderer/panel.js:1:1941)
    at EventEmitter.o.on.s (/Applications/CocosCreator.app/Contents/Resources/app.asar/editor-framework/lib/renderer/ipc.js:1:2917)
    at emitMany (events.js:127:13)
    at EventEmitter.emit (events.js:204:7)
2019-05-04T14:42:56.593Z - error: Simulator: ERROR: Uncaught TypeError: Cannot read property 'length' of null, location: src/cocos2d-jsb.js:0:0
STACK:
[0]_activateNodeRecursively@src/cocos2d-jsb.js:22958
[1]activateNode@src/cocos2d-jsb.js:23007
[2]_activate@src/cocos2d-jsb.js:9152
[3]runSceneImmediate@src/cocos2d-jsb.js:7074
[4]anonymous@main.js:53
[5]anonymous@src/cocos2d-jsb.js:25672
[6]anonymous@src/cocos2d-jsb.js:20934
[7]anonymous@src/cocos2d-jsb.js:30249
[8]fireTimeout@jsb-adapter/jsb-builtin.js:2033
[9]tick@jsb-adapter/jsb-builtin.js:1995
[ERROR] (/Users/nantas/fireball-x/cocos2d-x-lite_20_release/cocos/scripting/js-bindings/jswrapper/v8/Object.cpp, 534): Invoking function (0x7f9a91525430) failed!
    at HTMLElement.print-simulator-log (/Applications/CocosCreator.app/Contents/Resources/app.asar/editor/builtin/scene/panel/messages/scene.js:1:1501)
    at Object.e._dispatch (/Applications/CocosCreator.app/Contents/Resources/app.asar/editor-framework/lib/renderer/panel.js:1:1941)
    at EventEmitter.o.on.s (/Applications/CocosCreator.app/Contents/Resources/app.asar/editor-framework/lib/renderer/ipc.js:1:2917)
    at emitMany (events.js:127:13)
    at EventEmitter.emit (events.js:204:7)
2019-05-04T14:42:56.611Z - error: Simulator: ERROR: Uncaught TypeError: Cannot read property 'length' of null, location: src/cocos2d-jsb.js:0:0
STACK:
[0]_activateNodeRecursively@src/cocos2d-jsb.js:22958
[1]activateNode@src/cocos2d-jsb.js:23007
[2]_activate@src/cocos2d-jsb.js:9152
[3]runSceneImmediate@src/cocos2d-jsb.js:7074
[4]anonymous@main.js:53
[5]anonymous@src/cocos2d-jsb.js:25672
[6]anonymous@src/cocos2d-jsb.js:20934
[7]anonymous@src/cocos2d-jsb.js:30249
[8]fireTimeout@jsb-adapter/jsb-builtin.js:2033
[9]tick@jsb-adapter/jsb-builtin.js:1995
[ERROR] (/Users/nantas/fireball-x/cocos2d-x-lite_20_release/cocos/scripting/js-bindings/jswrapper/v8/Object.cpp, 534): Invoking function (0x7f9a91525430) failed!
    at HTMLElement.print-simulator-log (/Applications/CocosCreator.app/Contents/Resources/app.asar/editor/builtin/scene/panel/messages/scene.js:1:1501)
    at Object.e._dispatch (/Applications/CocosCreator.app/Contents/Resources/app.asar/editor-framework/lib/renderer/panel.js:1:1941)
    at EventEmitter.o.on.s (/Applications/CocosCreator.app/Contents/Resources/app.asar/editor-framework/lib/renderer/ipc.js:1:2917)
    at emitMany (events.js:127:13)
    at EventEmitter.emit (events.js:204:7)
2019-05-04T14:42:56.624Z - error: Simulator: ERROR: Uncaught TypeError: Cannot read property 'length' of null, location: src/cocos2d-jsb.js:0:0
STACK:
[0]_activateNodeRecursively@src/cocos2d-jsb.js:22958
[1]activateNode@src/cocos2d-jsb.js:23007
[2]_activate@src/cocos2d-jsb.js:9152
[3]runSceneImmediate@src/cocos2d-jsb.js:7074
[4]anonymous@main.js:53
[5]anonymous@src/cocos2d-jsb.js:25672
[6]anonymous@src/cocos2d-jsb.js:20934
[7]anonymous@src/cocos2d-jsb.js:30249
[8]fireTimeout@jsb-adapter/jsb-builtin.js:2033
[9]tick@jsb-adapter/jsb-builtin.js:1995
[ERROR] (/Users/nantas/fireball-x/cocos2d-x-lite_20_release/cocos/scripting/js-bindings/jswrapper/v8/Object.cpp, 534): Invoking function (0x7f9a91525430) failed!
    at HTMLElement.print-simulator-log (/Applications/CocosCreator.app/Contents/Resources/app.asar/editor/builtin/scene/panel/messages/scene.js:1:1501)
    at Object.e._dispatch (/Applications/CocosCreator.app/Contents/Resources/app.asar/editor-framework/lib/renderer/panel.js:1:1941)
    at EventEmitter.o.on.s (/Applications/CocosCreator.app/Contents/Resources/app.asar/editor-framework/lib/renderer/ipc.js:1:2917)
    at emitMany (events.js:127:13)
    at EventEmitter.emit (events.js:204:7)
2019-05-04T14:42:56.640Z - error: Simulator: ERROR: Uncaught TypeError: Cannot read property 'length' of null, location: src/cocos2d-jsb.js:0:0
STACK:
[0]_activateNodeRecursively@src/cocos2d-jsb.js:22958
[1]activateNode@src/cocos2d-jsb.js:23007
[2]_activate@src/cocos2d-jsb.js:9152
[3]runSceneImmediate@src/cocos2d-jsb.js:7074
[4]anonymous@main.js:53
[5]anonymous@src/cocos2d-jsb.js:25672
[6]anonymous@src/cocos2d-jsb.js:20934
[7]anonymous@src/cocos2d-jsb.js:30249
[8]fireTimeout@jsb-adapter/jsb-builtin.js:2033
[9]tick@jsb-adapter/jsb-builtin.js:1995
[ERROR] (/Users/nantas/fireball-x/cocos2d-x-lite_20_release/cocos/scripting/js-bindings/jswrapper/v8/Object.cpp, 534): Invoking function (0x7f9a91525430) failed!
    at HTMLElement.print-simulator-log (/Applications/CocosCreator.app/Contents/Resources/app.asar/editor/builtin/scene/panel/messages/scene.js:1:1501)
    at Object.e._dispatch (/Applications/CocosCreator.app/Contents/Resources/app.asar/editor-framework/lib/renderer/panel.js:1:1941)
    at EventEmitter.o.on.s (/Applications/CocosCreator.app/Contents/Resources/app.asar/editor-framework/lib/renderer/ipc.js:1:2917)
    at emitMany (events.js:127:13)
    at EventEmitter.emit (events.js:204:7)
2019-05-04T14:42:56.657Z - error: Simulator: ERROR: Uncaught TypeError: Cannot read property 'length' of null, location: src/cocos2d-jsb.js:0:0
STACK:
[0]_activateNodeRecursively@src/cocos2d-jsb.js:22958
[1]activateNode@src/cocos2d-jsb.js:23007
[2]_activate@src/cocos2d-jsb.js:9152
[3]runSceneImmediate@src/cocos2d-jsb.js:7074
[4]anonymous@main.js:53
[5]anonymous@src/cocos2d-jsb.js:25672
[6]anonymous@src/cocos2d-jsb.js:20934
[7]anonymous@src/cocos2d-jsb.js:30249
[8]fireTimeout@jsb-adapter/jsb-builtin.js:2033
[9]tick@jsb-adapter/jsb-builtin.js:1995
[ERROR] (/Users/nantas/fireball-x/cocos2d-x-lite_20_release/cocos/scripting/js-bindings/jswrapper/v8/Object.cpp, 534): Invoking function (0x7f9a91525430) failed!
    at HTMLElement.print-simulator-log (/Applications/CocosCreator.app/Contents/Resources/app.asar/editor/builtin/scene/panel/messages/scene.js:1:1501)
    at Object.e._dispatch (/Applications/CocosCreator.app/Contents/Resources/app.asar/editor-framework/lib/renderer/panel.js:1:1941)
    at EventEmitter.o.on.s (/Applications/CocosCreator.app/Contents/Resources/app.asar/editor-framework/lib/renderer/ipc.js:1:2917)
    at emitMany (events.js:127:13)
    at EventEmitter.emit (events.js:204:7)
2019-05-04T14:42:56.676Z - error: Simulator: ERROR: Uncaught TypeError: Cannot read property 'length' of null, location: src/cocos2d-jsb.js:0:0
STACK:
[0]_activateNodeRecursively@src/cocos2d-jsb.js:22958
[1]activateNode@src/cocos2d-jsb.js:23007
[2]_activate@src/cocos2d-jsb.js:9152
[3]runSceneImmediate@src/cocos2d-jsb.js:7074
[4]anonymous@main.js:53
[5]anonymous@src/cocos2d-jsb.js:25672
[6]anonymous@src/cocos2d-jsb.js:20934
[7]anonymous@src/cocos2d-jsb.js:30249
[8]fireTimeout@jsb-adapter/jsb-builtin.js:2033
[9]tick@jsb-adapter/jsb-builtin.js:1995
[ERROR] (/Users/nantas/fireball-x/cocos2d-x-lite_20_release/cocos/scripting/js-bindings/jswrapper/v8/Object.cpp, 534): Invoking function (0x7f9a91525430) failed!
    at HTMLElement.print-simulator-log (/Applications/CocosCreator.app/Contents/Resources/app.asar/editor/builtin/scene/panel/messages/scene.js:1:1501)
    at Object.e._dispatch (/Applications/CocosCreator.app/Contents/Resources/app.asar/editor-framework/lib/renderer/panel.js:1:1941)
    at EventEmitter.o.on.s (/Applications/CocosCreator.app/Contents/Resources/app.asar/editor-framework/lib/renderer/ipc.js:1:2917)
    at emitMany (events.js:127:13)
    at EventEmitter.emit (events.js:204:7)
2019-05-04T14:42:56.690Z - error: Simulator: ERROR: Uncaught TypeError: Cannot read property 'length' of null, location: src/cocos2d-jsb.js:0:0
STACK:
[0]_activateNodeRecursively@src/cocos2d-jsb.js:22958
[1]activateNode@src/cocos2d-jsb.js:23007
[2]_activate@src/cocos2d-jsb.js:9152
[3]runSceneImmediate@src/cocos2d-jsb.js:7074
[4]anonymous@main.js:53
[5]anonymous@src/cocos2d-jsb.js:25672
[6]anonymous@src/cocos2d-jsb.js:20934
[7]anonymous@src/cocos2d-jsb.js:30249
[8]fireTimeout@jsb-adapter/jsb-builtin.js:2033
[9]tick@jsb-adapter/jsb-builtin.js:1995
[ERROR] (/Users/nantas/fireball-x/cocos2d-x-lite_20_release/cocos/scripting/js-bindings/jswrapper/v8/Object.cpp, 534): Invoking function (0x7f9a91525430) failed!
    at HTMLElement.print-simulator-log (/Applications/CocosCreator.app/Contents/Resources/app.asar/editor/builtin/scene/panel/messages/scene.js:1:1501)
    at Object.e._dispatch (/Applications/CocosCreator.app/Contents/Resources/app.asar/editor-framework/lib/renderer/panel.js:1:1941)
    at EventEmitter.o.on.s (/Applications/CocosCreator.app/Contents/Resources/app.asar/editor-framework/lib/renderer/ipc.js:1:2917)
    at emitMany (events.js:127:13)
    at EventEmitter.emit (events.js:204:7)
2019-05-04T14:42:56.707Z - error: Simulator: ERROR: Uncaught TypeError: Cannot read property 'length' of null, location: src/cocos2d-jsb.js:0:0
STACK:
[0]_activateNodeRecursively@src/cocos2d-jsb.js:22958
[1]activateNode@src/cocos2d-jsb.js:23007
[2]_activate@src/cocos2d-jsb.js:9152
[3]runSceneImmediate@src/cocos2d-jsb.js:7074
[4]anonymous@main.js:53
[5]anonymous@src/cocos2d-jsb.js:25672
[6]anonymous@src/cocos2d-jsb.js:20934
[7]anonymous@src/cocos2d-jsb.js:30249
[8]fireTimeout@jsb-adapter/jsb-builtin.js:2033
[9]tick@jsb-adapter/jsb-builtin.js:1995
[ERROR] (/Users/nantas/fireball-x/cocos2d-x-lite_20_release/cocos/scripting/js-bindings/jswrapper/v8/Object.cpp, 534): Invoking function (0x7f9a91525430) failed!
    at HTMLElement.print-simulator-log (/Applications/CocosCreator.app/Contents/Resources/app.asar/editor/builtin/scene/panel/messages/scene.js:1:1501)
    at Object.e._dispatch (/Applications/CocosCreator.app/Contents/Resources/app.asar/editor-framework/lib/renderer/panel.js:1:1941)
    at EventEmitter.o.on.s (/Applications/CocosCreator.app/Contents/Resources/app.asar/editor-framework/lib/renderer/ipc.js:1:2917)
    at emitMany (events.js:127:13)
    at EventEmitter.emit (events.js:204:7)
2019-05-04T14:42:56.726Z - error: Simulator: ERROR: Uncaught TypeError: Cannot read property 'length' of null, location: src/cocos2d-jsb.js:0:0
STACK:
[0]_activateNodeRecursively@src/cocos2d-jsb.js:22958
[1]activateNode@src/cocos2d-jsb.js:23007
[2]_activate@src/cocos2d-jsb.js:9152
[3]runSceneImmediate@src/cocos2d-jsb.js:7074
[4]anonymous@main.js:53
[5]anonymous@src/cocos2d-jsb.js:25672
[6]anonymous@src/cocos2d-jsb.js:20934
[7]anonymous@src/cocos2d-jsb.js:30249
[8]fireTimeout@jsb-adapter/jsb-builtin.js:2033
[9]tick@jsb-adapter/jsb-builtin.js:1995
[ERROR] (/Users/nantas/fireball-x/cocos2d-x-lite_20_release/cocos/scripting/js-bindings/jswrapper/v8/Object.cpp, 534): Invoking function (0x7f9a91525430) failed!
    at HTMLElement.print-simulator-log (/Applications/CocosCreator.app/Contents/Resources/app.asar/editor/builtin/scene/panel/messages/scene.js:1:1501)
    at Object.e._dispatch (/Applications/CocosCreator.app/Contents/Resources/app.asar/editor-framework/lib/renderer/panel.js:1:1941)
    at EventEmitter.o.on.s (/Applications/CocosCreator.app/Contents/Resources/app.asar/editor-framework/lib/renderer/ipc.js:1:2917)
    at emitMany (events.js:127:13)
    at EventEmitter.emit (events.js:204:7)
2019-05-04T14:42:56.743Z - error: Simulator: ERROR: Uncaught TypeError: Cannot read property 'length' of null, location: src/cocos2d-jsb.js:0:0
STACK:
[0]_activateNodeRecursively@src/cocos2d-jsb.js:22958
[1]activateNode@src/cocos2d-jsb.js:23007
[2]_activate@src/cocos2d-jsb.js:9152
[3]runSceneImmediate@src/cocos2d-jsb.js:7074
[4]anonymous@main.js:53
[5]anonymous@src/cocos2d-jsb.js:25672
[6]anonymous@src/cocos2d-jsb.js:20934
[7]anonymous@src/cocos2d-jsb.js:30249
[8]fireTimeout@jsb-adapter/jsb-builtin.js:2033
[9]tick@jsb-adapter/jsb-builtin.js:1995
[ERROR] (/Users/nantas/fireball-x/cocos2d-x-lite_20_release/cocos/scripting/js-bindings/jswrapper/v8/Object.cpp, 534): Invoking function (0x7f9a91525430) failed!
    at HTMLElement.print-simulator-log (/Applications/CocosCreator.app/Contents/Resources/app.asar/editor/builtin/scene/panel/messages/scene.js:1:1501)
    at Object.e._dispatch (/Applications/CocosCreator.app/Contents/Resources/app.asar/editor-framework/lib/renderer/panel.js:1:1941)
    at EventEmitter.o.on.s (/Applications/CocosCreator.app/Contents/Resources/app.asar/editor-framework/lib/renderer/ipc.js:1:2917)
    at emitMany (events.js:127:13)
    at EventEmitter.emit (events.js:204:7)
2019-05-04T14:42:56.757Z - error: Simulator: ERROR: Uncaught TypeError: Cannot read property 'length' of null, location: src/cocos2d-jsb.js:0:0
STACK:
[0]_activateNodeRecursively@src/cocos2d-jsb.js:22958
[1]activateNode@src/cocos2d-jsb.js:23007
[2]_activate@src/cocos2d-jsb.js:9152
[3]runSceneImmediate@src/cocos2d-jsb.js:7074
[4]anonymous@main.js:53
[5]anonymous@src/cocos2d-jsb.js:25672
[6]anonymous@src/cocos2d-jsb.js:20934
[7]anonymous@src/cocos2d-jsb.js:30249
[8]fireTimeout@jsb-adapter/jsb-builtin.js:2033
[9]tick@jsb-adapter/jsb-builtin.js:1995
[ERROR] (/Users/nantas/fireball-x/cocos2d-x-lite_20_release/cocos/scripting/js-bindings/jswrapper/v8/Object.cpp, 534): Invoking function (0x7f9a91525430) failed!
    at HTMLElement.print-simulator-log (/Applications/CocosCreator.app/Contents/Resources/app.asar/editor/builtin/scene/panel/messages/scene.js:1:1501)
    at Object.e._dispatch (/Applications/CocosCreator.app/Contents/Resources/app.asar/editor-framework/lib/renderer/panel.js:1:1941)
    at EventEmitter.o.on.s (/Applications/CocosCreator.app/Contents/Resources/app.asar/editor-framework/lib/renderer/ipc.js:1:2917)
    at emitMany (events.js:127:13)
    at EventEmitter.emit (events.js:204:7)
2019-05-04T14:42:56.774Z - error: Simulator: ERROR: Uncaught TypeError: Cannot read property 'length' of null, location: src/cocos2d-jsb.js:0:0
STACK:
[0]_activateNodeRecursively@src/cocos2d-jsb.js:22958
[1]activateNode@src/cocos2d-jsb.js:23007
[2]_activate@src/cocos2d-jsb.js:9152
[3]runSceneImmediate@src/cocos2d-jsb.js:7074
[4]anonymous@main.js:53
[5]anonymous@src/cocos2d-jsb.js:25672
[6]anonymous@src/cocos2d-jsb.js:20934
[7]anonymous@src/cocos2d-jsb.js:30249
[8]fireTimeout@jsb-adapter/jsb-builtin.js:2033
[9]tick@jsb-adapter/jsb-builtin.js:1995
[ERROR] (/Users/nantas/fireball-x/cocos2d-x-lite_20_release/cocos/scripting/js-bindings/jswrapper/v8/Object.cpp, 534): Invoking function (0x7f9a91525430) failed!
    at HTMLElement.print-simulator-log (/Applications/CocosCreator.app/Contents/Resources/app.asar/editor/builtin/scene/panel/messages/scene.js:1:1501)
    at Object.e._dispatch (/Applications/CocosCreator.app/Contents/Resources/app.asar/editor-framework/lib/renderer/panel.js:1:1941)
    at EventEmitter.o.on.s (/Applications/CocosCreator.app/Contents/Resources/app.asar/editor-framework/lib/renderer/ipc.js:1:2917)
    at emitMany (events.js:127:13)
    at EventEmitter.emit (events.js:204:7)
2019-05-04T14:42:56.790Z - error: Simulator: ERROR: Uncaught TypeError: Cannot read property 'length' of null, location: src/cocos2d-jsb.js:0:0
STACK:
[0]_activateNodeRecursively@src/cocos2d-jsb.js:22958
[1]activateNode@src/cocos2d-jsb.js:23007
[2]_activate@src/cocos2d-jsb.js:9152
[3]runSceneImmediate@src/cocos2d-jsb.js:7074
[4]anonymous@main.js:53
[5]anonymous@src/cocos2d-jsb.js:25672
[6]anonymous@src/cocos2d-jsb.js:20934
[7]anonymous@src/cocos2d-jsb.js:30249
[8]fireTimeout@jsb-adapter/jsb-builtin.js:2033
[9]tick@jsb-adapter/jsb-builtin.js:1995
[ERROR] (/Users/nantas/fireball-x/cocos2d-x-lite_20_release/cocos/scripting/js-bindings/jswrapper/v8/Object.cpp, 534): Invoking function (0x7f9a91525430) failed!
    at HTMLElement.print-simulator-log (/Applications/CocosCreator.app/Contents/Resources/app.asar/editor/builtin/scene/panel/messages/scene.js:1:1501)
    at Object.e._dispatch (/Applications/CocosCreator.app/Contents/Resources/app.asar/editor-framework/lib/renderer/panel.js:1:1941)
    at EventEmitter.o.on.s (/Applications/CocosCreator.app/Contents/Resources/app.asar/editor-framework/lib/renderer/ipc.js:1:2917)
    at emitMany (events.js:127:13)
    at EventEmitter.emit (events.js:204:7)
2019-05-04T14:42:56.810Z - error: Simulator: ERROR: Uncaught TypeError: Cannot read property 'length' of null, location: src/cocos2d-jsb.js:0:0
STACK:
[0]_activateNodeRecursively@src/cocos2d-jsb.js:22958
[1]activateNode@src/cocos2d-jsb.js:23007
[2]_activate@src/cocos2d-jsb.js:9152
[3]runSceneImmediate@src/cocos2d-jsb.js:7074
[4]anonymous@main.js:53
[5]anonymous@src/cocos2d-jsb.js:25672
[6]anonymous@src/cocos2d-jsb.js:20934
[7]anonymous@src/cocos2d-jsb.js:30249
[8]fireTimeout@jsb-adapter/jsb-builtin.js:2033
[9]tick@jsb-adapter/jsb-builtin.js:1995
[ERROR] (/Users/nantas/fireball-x/cocos2d-x-lite_20_release/cocos/scripting/js-bindings/jswrapper/v8/Object.cpp, 534): Invoking function (0x7f9a91525430) failed!
    at HTMLElement.print-simulator-log (/Applications/CocosCreator.app/Contents/Resources/app.asar/editor/builtin/scene/panel/messages/scene.js:1:1501)
    at Object.e._dispatch (/Applications/CocosCreator.app/Contents/Resources/app.asar/editor-framework/lib/renderer/panel.js:1:1941)
    at EventEmitter.o.on.s (/Applications/CocosCreator.app/Contents/Resources/app.asar/editor-framework/lib/renderer/ipc.js:1:2917)
    at emitMany (events.js:127:13)
    at EventEmitter.emit (events.js:204:7)
2019-05-04T14:42:56.831Z - error: Simulator: ERROR: Uncaught TypeError: Cannot read property 'length' of null, location: src/cocos2d-jsb.js:0:0
STACK:
[0]_activateNodeRecursively@src/cocos2d-jsb.js:22958
[1]activateNode@src/cocos2d-jsb.js:23007
[2]_activate@src/cocos2d-jsb.js:9152
[3]runSceneImmediate@src/cocos2d-jsb.js:7074
[4]anonymous@main.js:53
[5]anonymous@src/cocos2d-jsb.js:25672
[6]anonymous@src/cocos2d-jsb.js:20934
[7]anonymous@src/cocos2d-jsb.js:30249
[8]fireTimeout@jsb-adapter/jsb-builtin.js:2033
[9]tick@jsb-adapter/jsb-builtin.js:1995
[ERROR] (/Users/nantas/fireball-x/cocos2d-x-lite_20_release/cocos/scripting/js-bindings/jswrapper/v8/Object.cpp, 534): Invoking function (0x7f9a91525430) failed!
    at HTMLElement.print-simulator-log (/Applications/CocosCreator.app/Contents/Resources/app.asar/editor/builtin/scene/panel/messages/scene.js:1:1501)
    at Object.e._dispatch (/Applications/CocosCreator.app/Contents/Resources/app.asar/editor-framework/lib/renderer/panel.js:1:1941)
    at EventEmitter.o.on.s (/Applications/CocosCreator.app/Contents/Resources/app.asar/editor-framework/lib/renderer/ipc.js:1:2917)
    at emitMany (events.js:127:13)
    at EventEmitter.emit (events.js:204:7)
2019-05-04T14:42:56.844Z - error: Simulator: ERROR: Uncaught TypeError: Cannot read property 'length' of null, location: src/cocos2d-jsb.js:0:0
STACK:
[0]_activateNodeRecursively@src/cocos2d-jsb.js:22958
[1]activateNode@src/cocos2d-jsb.js:23007
[2]_activate@src/cocos2d-jsb.js:9152
[3]runSceneImmediate@src/cocos2d-jsb.js:7074
[4]anonymous@main.js:53
[5]anonymous@src/cocos2d-jsb.js:25672
[6]anonymous@src/cocos2d-jsb.js:20934
[7]anonymous@src/cocos2d-jsb.js:30249
[8]fireTimeout@jsb-adapter/jsb-builtin.js:2033
[9]tick@jsb-adapter/jsb-builtin.js:1995
[ERROR] (/Users/nantas/fireball-x/cocos2d-x-lite_20_release/cocos/scripting/js-bindings/jswrapper/v8/Object.cpp, 534): Invoking function (0x7f9a91525430) failed!
    at HTMLElement.print-simulator-log (/Applications/CocosCreator.app/Contents/Resources/app.asar/editor/builtin/scene/panel/messages/scene.js:1:1501)
    at Object.e._dispatch (/Applications/CocosCreator.app/Contents/Resources/app.asar/editor-framework/lib/renderer/panel.js:1:1941)
    at EventEmitter.o.on.s (/Applications/CocosCreator.app/Contents/Resources/app.asar/editor-framework/lib/renderer/ipc.js:1:2917)
    at emitMany (events.js:127:13)
    at EventEmitter.emit (events.js:204:7)
2019-05-04T14:42:56.857Z - error: Simulator: ERROR: Uncaught TypeError: Cannot read property 'length' of null, location: src/cocos2d-jsb.js:0:0
STACK:
[0]_activateNodeRecursively@src/cocos2d-jsb.js:22958
[1]activateNode@src/cocos2d-jsb.js:23007
[2]_activate@src/cocos2d-jsb.js:9152
[3]runSceneImmediate@src/cocos2d-jsb.js:7074
[4]anonymous@main.js:53
[5]anonymous@src/cocos2d-jsb.js:25672
[6]anonymous@src/cocos2d-jsb.js:20934
[7]anonymous@src/cocos2d-jsb.js:30249
[8]fireTimeout@jsb-adapter/jsb-builtin.js:2033
[9]tick@jsb-adapter/jsb-builtin.js:1995
[ERROR] (/Users/nantas/fireball-x/cocos2d-x-lite_20_release/cocos/scripting/js-bindings/jswrapper/v8/Object.cpp, 534): Invoking function (0x7f9a91525430) failed!
    at HTMLElement.print-simulator-log (/Applications/CocosCreator.app/Contents/Resources/app.asar/editor/builtin/scene/panel/messages/scene.js:1:1501)
    at Object.e._dispatch (/Applications/CocosCreator.app/Contents/Resources/app.asar/editor-framework/lib/renderer/panel.js:1:1941)
    at EventEmitter.o.on.s (/Applications/CocosCreator.app/Contents/Resources/app.asar/editor-framework/lib/renderer/ipc.js:1:2917)
    at emitMany (events.js:127:13)
    at EventEmitter.emit (events.js:204:7)
2019-05-04T14:42:56.878Z - error: Simulator: ERROR: Uncaught TypeError: Cannot read property 'length' of null, location: src/cocos2d-jsb.js:0:0
STACK:
[0]_activateNodeRecursively@src/cocos2d-jsb.js:22958
[1]activateNode@src/cocos2d-jsb.js:23007
[2]_activate@src/cocos2d-jsb.js:9152
[3]runSceneImmediate@src/cocos2d-jsb.js:7074
[4]anonymous@main.js:53
[5]anonymous@src/cocos2d-jsb.js:25672
[6]anonymous@src/cocos2d-jsb.js:20934
[7]anonymous@src/cocos2d-jsb.js:30249
[8]fireTimeout@jsb-adapter/jsb-builtin.js:2033
[9]tick@jsb-adapter/jsb-builtin.js:1995
[ERROR] (/Users/nantas/fireball-x/cocos2d-x-lite_20_release/cocos/scripting/js-bindings/jswrapper/v8/Object.cpp, 534): Invoking function (0x7f9a91525430) failed!
    at HTMLElement.print-simulator-log (/Applications/CocosCreator.app/Contents/Resources/app.asar/editor/builtin/scene/panel/messages/scene.js:1:1501)
    at Object.e._dispatch (/Applications/CocosCreator.app/Contents/Resources/app.asar/editor-framework/lib/renderer/panel.js:1:1941)
    at EventEmitter.o.on.s (/Applications/CocosCreator.app/Contents/Resources/app.asar/editor-framework/lib/renderer/ipc.js:1:2917)
    at emitMany (events.js:127:13)
    at EventEmitter.emit (events.js:204:7)
2019-05-04T14:42:56.896Z - error: Simulator: ERROR: Uncaught TypeError: Cannot read property 'length' of null, location: src/cocos2d-jsb.js:0:0
STACK:
[0]_activateNodeRecursively@src/cocos2d-jsb.js:22958
[1]activateNode@src/cocos2d-jsb.js:23007
[2]_activate@src/cocos2d-jsb.js:9152
[3]runSceneImmediate@src/cocos2d-jsb.js:7074
[4]anonymous@main.js:53
[5]anonymous@src/cocos2d-jsb.js:25672
[6]anonymous@src/cocos2d-jsb.js:20934
[7]anonymous@src/cocos2d-jsb.js:30249
[8]fireTimeout@jsb-adapter/jsb-builtin.js:2033
[9]tick@jsb-adapter/jsb-builtin.js:1995
[ERROR] (/Users/nantas/fireball-x/cocos2d-x-lite_20_release/cocos/scripting/js-bindings/jswrapper/v8/Object.cpp, 534): Invoking function (0x7f9a91525430) failed!
    at HTMLElement.print-simulator-log (/Applications/CocosCreator.app/Contents/Resources/app.asar/editor/builtin/scene/panel/messages/scene.js:1:1501)
    at Object.e._dispatch (/Applications/CocosCreator.app/Contents/Resources/app.asar/editor-framework/lib/renderer/panel.js:1:1941)
    at EventEmitter.o.on.s (/Applications/CocosCreator.app/Contents/Resources/app.asar/editor-framework/lib/renderer/ipc.js:1:2917)
    at emitMany (events.js:127:13)
    at EventEmitter.emit (events.js:204:7)
2019-05-04T14:42:56.907Z - error: Simulator: ERROR: Uncaught TypeError: Cannot read property 'length' of null, location: src/cocos2d-jsb.js:0:0
STACK:
[0]_activateNodeRecursively@src/cocos2d-jsb.js:22958
[1]activateNode@src/cocos2d-jsb.js:23007
[2]_activate@src/cocos2d-jsb.js:9152
[3]runSceneImmediate@src/cocos2d-jsb.js:7074
[4]anonymous@main.js:53
[5]anonymous@src/cocos2d-jsb.js:25672
[6]anonymous@src/cocos2d-jsb.js:20934
[7]anonymous@src/cocos2d-jsb.js:30249
[8]fireTimeout@jsb-adapter/jsb-builtin.js:2033
[9]tick@jsb-adapter/jsb-builtin.js:1995
[ERROR] (/Users/nantas/fireball-x/cocos2d-x-lite_20_release/cocos/scripting/js-bindings/jswrapper/v8/Object.cpp, 534): Invoking function (0x7f9a91525430) failed!
    at HTMLElement.print-simulator-log (/Applications/CocosCreator.app/Contents/Resources/app.asar/editor/builtin/scene/panel/messages/scene.js:1:1501)
    at Object.e._dispatch (/Applications/CocosCreator.app/Contents/Resources/app.asar/editor-framework/lib/renderer/panel.js:1:1941)
    at EventEmitter.o.on.s (/Applications/CocosCreator.app/Contents/Resources/app.asar/editor-framework/lib/renderer/ipc.js:1:2917)
    at emitMany (events.js:127:13)
    at EventEmitter.emit (events.js:204:7)
2019-05-04T14:42:56.924Z - error: Simulator: ERROR: Uncaught TypeError: Cannot read property 'length' of null, location: src/cocos2d-jsb.js:0:0
STACK:
[0]_activateNodeRecursively@src/cocos2d-jsb.js:22958
[1]activateNode@src/cocos2d-jsb.js:23007
[2]_activate@src/cocos2d-jsb.js:9152
[3]runSceneImmediate@src/cocos2d-jsb.js:7074
[4]anonymous@main.js:53
[5]anonymous@src/cocos2d-jsb.js:25672
[6]anonymous@src/cocos2d-jsb.js:20934
[7]anonymous@src/cocos2d-jsb.js:30249
[8]fireTimeout@jsb-adapter/jsb-builtin.js:2033
[9]tick@jsb-adapter/jsb-builtin.js:1995
[ERROR] (/Users/nantas/fireball-x/cocos2d-x-lite_20_release/cocos/scripting/js-bindings/jswrapper/v8/Object.cpp, 534): Invoking function (0x7f9a91525430) failed!
    at HTMLElement.print-simulator-log (/Applications/CocosCreator.app/Contents/Resources/app.asar/editor/builtin/scene/panel/messages/scene.js:1:1501)
    at Object.e._dispatch (/Applications/CocosCreator.app/Contents/Resources/app.asar/editor-framework/lib/renderer/panel.js:1:1941)
    at EventEmitter.o.on.s (/Applications/CocosCreator.app/Contents/Resources/app.asar/editor-framework/lib/renderer/ipc.js:1:2917)
    at emitMany (events.js:127:13)
    at EventEmitter.emit (events.js:204:7)
2019-05-04T14:42:56.940Z - error: Simulator: ERROR: Uncaught TypeError: Cannot read property 'length' of null, location: src/cocos2d-jsb.js:0:0
STACK:
[0]_activateNodeRecursively@src/cocos2d-jsb.js:22958
[1]activateNode@src/cocos2d-jsb.js:23007
[2]_activate@src/cocos2d-jsb.js:9152
[3]runSceneImmediate@src/cocos2d-jsb.js:7074
[4]anonymous@main.js:53
[5]anonymous@src/cocos2d-jsb.js:25672
[6]anonymous@src/cocos2d-jsb.js:20934
[7]anonymous@src/cocos2d-jsb.js:30249
[8]fireTimeout@jsb-adapter/jsb-builtin.js:2033
[9]tick@jsb-adapter/jsb-builtin.js:1995
[ERROR] (/Users/nantas/fireball-x/cocos2d-x-lite_20_release/cocos/scripting/js-bindings/jswrapper/v8/Object.cpp, 534): Invoking function (0x7f9a91525430) failed!
    at HTMLElement.print-simulator-log (/Applications/CocosCreator.app/Contents/Resources/app.asar/editor/builtin/scene/panel/messages/scene.js:1:1501)
    at Object.e._dispatch (/Applications/CocosCreator.app/Contents/Resources/app.asar/editor-framework/lib/renderer/panel.js:1:1941)
    at EventEmitter.o.on.s (/Applications/CocosCreator.app/Contents/Resources/app.asar/editor-framework/lib/renderer/ipc.js:1:2917)
    at emitMany (events.js:127:13)
    at EventEmitter.emit (events.js:204:7)
2019-05-04T14:42:56.960Z - error: Simulator: ERROR: Uncaught TypeError: Cannot read property 'length' of null, location: src/cocos2d-jsb.js:0:0
STACK:
[0]_activateNodeRecursively@src/cocos2d-jsb.js:22958
[1]activateNode@src/cocos2d-jsb.js:23007
[2]_activate@src/cocos2d-jsb.js:9152
[3]runSceneImmediate@src/cocos2d-jsb.js:7074
[4]anonymous@main.js:53
[5]anonymous@src/cocos2d-jsb.js:25672
[6]anonymous@src/cocos2d-jsb.js:20934
[7]anonymous@src/cocos2d-jsb.js:30249
[8]fireTimeout@jsb-adapter/jsb-builtin.js:2033
[9]tick@jsb-adapter/jsb-builtin.js:1995
[ERROR] (/Users/nantas/fireball-x/cocos2d-x-lite_20_release/cocos/scripting/js-bindings/jswrapper/v8/Object.cpp, 534): Invoking function (0x7f9a91525430) failed!
    at HTMLElement.print-simulator-log (/Applications/CocosCreator.app/Contents/Resources/app.asar/editor/builtin/scene/panel/messages/scene.js:1:1501)
    at Object.e._dispatch (/Applications/CocosCreator.app/Contents/Resources/app.asar/editor-framework/lib/renderer/panel.js:1:1941)
    at EventEmitter.o.on.s (/Applications/CocosCreator.app/Contents/Resources/app.asar/editor-framework/lib/renderer/ipc.js:1:2917)
    at emitMany (events.js:127:13)
    at EventEmitter.emit (events.js:204:7)
2019-05-04T14:42:56.974Z - error: Simulator: ERROR: Uncaught TypeError: Cannot read property 'length' of null, location: src/cocos2d-jsb.js:0:0
STACK:
[0]_activateNodeRecursively@src/cocos2d-jsb.js:22958
[1]activateNode@src/cocos2d-jsb.js:23007
[2]_activate@src/cocos2d-jsb.js:9152
[3]runSceneImmediate@src/cocos2d-jsb.js:7074
[4]anonymous@main.js:53
[5]anonymous@src/cocos2d-jsb.js:25672
[6]anonymous@src/cocos2d-jsb.js:20934
[7]anonymous@src/cocos2d-jsb.js:30249
[8]fireTimeout@jsb-adapter/jsb-builtin.js:2033
[9]tick@jsb-adapter/jsb-builtin.js:1995
[ERROR] (/Users/nantas/fireball-x/cocos2d-x-lite_20_release/cocos/scripting/js-bindings/jswrapper/v8/Object.cpp, 534): Invoking function (0x7f9a91525430) failed!
    at HTMLElement.print-simulator-log (/Applications/CocosCreator.app/Contents/Resources/app.asar/editor/builtin/scene/panel/messages/scene.js:1:1501)
    at Object.e._dispatch (/Applications/CocosCreator.app/Contents/Resources/app.asar/editor-framework/lib/renderer/panel.js:1:1941)
    at EventEmitter.o.on.s (/Applications/CocosCreator.app/Contents/Resources/app.asar/editor-framework/lib/renderer/ipc.js:1:2917)
    at emitMany (events.js:127:13)
    at EventEmitter.emit (events.js:204:7)
2019-05-04T14:42:56.993Z - error: Simulator: ERROR: Uncaught TypeError: Cannot read property 'length' of null, location: src/cocos2d-jsb.js:0:0
STACK:
[0]_activateNodeRecursively@src/cocos2d-jsb.js:22958
[1]activateNode@src/cocos2d-jsb.js:23007
[2]_activate@src/cocos2d-jsb.js:9152
[3]runSceneImmediate@src/cocos2d-jsb.js:7074
[4]anonymous@main.js:53
[5]anonymous@src/cocos2d-jsb.js:25672
[6]anonymous@src/cocos2d-jsb.js:20934
[7]anonymous@src/cocos2d-jsb.js:30249
[8]fireTimeout@jsb-adapter/jsb-builtin.js:2033
[9]tick@jsb-adapter/jsb-builtin.js:1995
[ERROR] (/Users/nantas/fireball-x/cocos2d-x-lite_20_release/cocos/scripting/js-bindings/jswrapper/v8/Object.cpp, 534): Invoking function (0x7f9a91525430) failed!
    at HTMLElement.print-simulator-log (/Applications/CocosCreator.app/Contents/Resources/app.asar/editor/builtin/scene/panel/messages/scene.js:1:1501)
    at Object.e._dispatch (/Applications/CocosCreator.app/Contents/Resources/app.asar/editor-framework/lib/renderer/panel.js:1:1941)
    at EventEmitter.o.on.s (/Applications/CocosCreator.app/Contents/Resources/app.asar/editor-framework/lib/renderer/ipc.js:1:2917)
    at emitMany (events.js:127:13)
    at EventEmitter.emit (events.js:204:7)
2019-05-04T14:42:57.007Z - error: Simulator: ERROR: Uncaught TypeError: Cannot read property 'length' of null, location: src/cocos2d-jsb.js:0:0
STACK:
[0]_activateNodeRecursively@src/cocos2d-jsb.js:22958
[1]activateNode@src/cocos2d-jsb.js:23007
[2]_activate@src/cocos2d-jsb.js:9152
[3]runSceneImmediate@src/cocos2d-jsb.js:7074
[4]anonymous@main.js:53
[5]anonymous@src/cocos2d-jsb.js:25672
[6]anonymous@src/cocos2d-jsb.js:20934
[7]anonymous@src/cocos2d-jsb.js:30249
[8]fireTimeout@jsb-adapter/jsb-builtin.js:2033
[9]tick@jsb-adapter/jsb-builtin.js:1995
[ERROR] (/Users/nantas/fireball-x/cocos2d-x-lite_20_release/cocos/scripting/js-bindings/jswrapper/v8/Object.cpp, 534): Invoking function (0x7f9a91525430) failed!
    at HTMLElement.print-simulator-log (/Applications/CocosCreator.app/Contents/Resources/app.asar/editor/builtin/scene/panel/messages/scene.js:1:1501)
    at Object.e._dispatch (/Applications/CocosCreator.app/Contents/Resources/app.asar/editor-framework/lib/renderer/panel.js:1:1941)
    at EventEmitter.o.on.s (/Applications/CocosCreator.app/Contents/Resources/app.asar/editor-framework/lib/renderer/ipc.js:1:2917)
    at emitMany (events.js:127:13)
    at EventEmitter.emit (events.js:204:7)
2019-05-04T14:42:57.024Z - error: Simulator: ERROR: Uncaught TypeError: Cannot read property 'length' of null, location: src/cocos2d-jsb.js:0:0
STACK:
[0]_activateNodeRecursively@src/cocos2d-jsb.js:22958
[1]activateNode@src/cocos2d-jsb.js:23007
[2]_activate@src/cocos2d-jsb.js:9152
[3]runSceneImmediate@src/cocos2d-jsb.js:7074
[4]anonymous@main.js:53
[5]anonymous@src/cocos2d-jsb.js:25672
[6]anonymous@src/cocos2d-jsb.js:20934
[7]anonymous@src/cocos2d-jsb.js:30249
[8]fireTimeout@jsb-adapter/jsb-builtin.js:2033
[9]tick@jsb-adapter/jsb-builtin.js:1995
[ERROR] (/Users/nantas/fireball-x/cocos2d-x-lite_20_release/cocos/scripting/js-bindings/jswrapper/v8/Object.cpp, 534): Invoking function (0x7f9a91525430) failed!
    at HTMLElement.print-simulator-log (/Applications/CocosCreator.app/Contents/Resources/app.asar/editor/builtin/scene/panel/messages/scene.js:1:1501)
    at Object.e._dispatch (/Applications/CocosCreator.app/Contents/Resources/app.asar/editor-framework/lib/renderer/panel.js:1:1941)
    at EventEmitter.o.on.s (/Applications/CocosCreator.app/Contents/Resources/app.asar/editor-framework/lib/renderer/ipc.js:1:2917)
    at emitMany (events.js:127:13)
    at EventEmitter.emit (events.js:204:7)
2019-05-04T14:42:57.040Z - error: Simulator: ERROR: Uncaught TypeError: Cannot read property 'length' of null, location: src/cocos2d-jsb.js:0:0
STACK:
[0]_activateNodeRecursively@src/cocos2d-jsb.js:22958
[1]activateNode@src/cocos2d-jsb.js:23007
[2]_activate@src/cocos2d-jsb.js:9152
[3]runSceneImmediate@src/cocos2d-jsb.js:7074
[4]anonymous@main.js:53
[5]anonymous@src/cocos2d-jsb.js:25672
[6]anonymous@src/cocos2d-jsb.js:20934
[7]anonymous@src/cocos2d-jsb.js:30249
[8]fireTimeout@jsb-adapter/jsb-builtin.js:2033
[9]tick@jsb-adapter/jsb-builtin.js:1995
[ERROR] (/Users/nantas/fireball-x/cocos2d-x-lite_20_release/cocos/scripting/js-bindings/jswrapper/v8/Object.cpp, 534): Invoking function (0x7f9a91525430) failed!
    at HTMLElement.print-simulator-log (/Applications/CocosCreator.app/Contents/Resources/app.asar/editor/builtin/scene/panel/messages/scene.js:1:1501)
    at Object.e._dispatch (/Applications/CocosCreator.app/Contents/Resources/app.asar/editor-framework/lib/renderer/panel.js:1:1941)
    at EventEmitter.o.on.s (/Applications/CocosCreator.app/Contents/Resources/app.asar/editor-framework/lib/renderer/ipc.js:1:2917)
    at emitMany (events.js:127:13)
    at EventEmitter.emit (events.js:204:7)
2019-05-04T14:42:57.057Z - error: Simulator: ERROR: Uncaught TypeError: Cannot read property 'length' of null, location: src/cocos2d-jsb.js:0:0
STACK:
[0]_activateNodeRecursively@src/cocos2d-jsb.js:22958
[1]activateNode@src/cocos2d-jsb.js:23007
[2]_activate@src/cocos2d-jsb.js:9152
[3]runSceneImmediate@src/cocos2d-jsb.js:7074
[4]anonymous@main.js:53
[5]anonymous@src/cocos2d-jsb.js:25672
[6]anonymous@src/cocos2d-jsb.js:20934
[7]anonymous@src/cocos2d-jsb.js:30249
[8]fireTimeout@jsb-adapter/jsb-builtin.js:2033
[9]tick@jsb-adapter/jsb-builtin.js:1995
[ERROR] (/Users/nantas/fireball-x/cocos2d-x-lite_20_release/cocos/scripting/js-bindings/jswrapper/v8/Object.cpp, 534): Invoking function (0x7f9a91525430) failed!
    at HTMLElement.print-simulator-log (/Applications/CocosCreator.app/Contents/Resources/app.asar/editor/builtin/scene/panel/messages/scene.js:1:1501)
    at Object.e._dispatch (/Applications/CocosCreator.app/Contents/Resources/app.asar/editor-framework/lib/renderer/panel.js:1:1941)
    at EventEmitter.o.on.s (/Applications/CocosCreator.app/Contents/Resources/app.asar/editor-framework/lib/renderer/ipc.js:1:2917)
    at emitMany (events.js:127:13)
    at EventEmitter.emit (events.js:204:7)
2019-05-04T14:42:57.074Z - error: Simulator: ERROR: Uncaught TypeError: Cannot read property 'length' of null, location: src/cocos2d-jsb.js:0:0
STACK:
[0]_activateNodeRecursively@src/cocos2d-jsb.js:22958
[1]activateNode@src/cocos2d-jsb.js:23007
[2]_activate@src/cocos2d-jsb.js:9152
[3]runSceneImmediate@src/cocos2d-jsb.js:7074
[4]anonymous@main.js:53
[5]anonymous@src/cocos2d-jsb.js:25672
[6]anonymous@src/cocos2d-jsb.js:20934
[7]anonymous@src/cocos2d-jsb.js:30249
[8]fireTimeout@jsb-adapter/jsb-builtin.js:2033
[9]tick@jsb-adapter/jsb-builtin.js:1995
[ERROR] (/Users/nantas/fireball-x/cocos2d-x-lite_20_release/cocos/scripting/js-bindings/jswrapper/v8/Object.cpp, 534): Invoking function (0x7f9a91525430) failed!
    at HTMLElement.print-simulator-log (/Applications/CocosCreator.app/Contents/Resources/app.asar/editor/builtin/scene/panel/messages/scene.js:1:1501)
    at Object.e._dispatch (/Applications/CocosCreator.app/Contents/Resources/app.asar/editor-framework/lib/renderer/panel.js:1:1941)
    at EventEmitter.o.on.s (/Applications/CocosCreator.app/Contents/Resources/app.asar/editor-framework/lib/renderer/ipc.js:1:2917)
    at emitMany (events.js:127:13)
    at EventEmitter.emit (events.js:204:7)
2019-05-04T14:42:57.090Z - error: Simulator: ERROR: Uncaught TypeError: Cannot read property 'length' of null, location: src/cocos2d-jsb.js:0:0
STACK:
[0]_activateNodeRecursively@src/cocos2d-jsb.js:22958
[1]activateNode@src/cocos2d-jsb.js:23007
[2]_activate@src/cocos2d-jsb.js:9152
[3]runSceneImmediate@src/cocos2d-jsb.js:7074
[4]anonymous@main.js:53
[5]anonymous@src/cocos2d-jsb.js:25672
[6]anonymous@src/cocos2d-jsb.js:20934
[7]anonymous@src/cocos2d-jsb.js:30249
[8]fireTimeout@jsb-adapter/jsb-builtin.js:2033
[9]tick@jsb-adapter/jsb-builtin.js:1995
[ERROR] (/Users/nantas/fireball-x/cocos2d-x-lite_20_release/cocos/scripting/js-bindings/jswrapper/v8/Object.cpp, 534): Invoking function (0x7f9a91525430) failed!
    at HTMLElement.print-simulator-log (/Applications/CocosCreator.app/Contents/Resources/app.asar/editor/builtin/scene/panel/messages/scene.js:1:1501)
    at Object.e._dispatch (/Applications/CocosCreator.app/Contents/Resources/app.asar/editor-framework/lib/renderer/panel.js:1:1941)
    at EventEmitter.o.on.s (/Applications/CocosCreator.app/Contents/Resources/app.asar/editor-framework/lib/renderer/ipc.js:1:2917)
    at emitMany (events.js:127:13)
    at EventEmitter.emit (events.js:204:7)
2019-05-04T14:42:57.110Z - error: Simulator: ERROR: Uncaught TypeError: Cannot read property 'length' of null, location: src/cocos2d-jsb.js:0:0
STACK:
[0]_activateNodeRecursively@src/cocos2d-jsb.js:22958
[1]activateNode@src/cocos2d-jsb.js:23007
[2]_activate@src/cocos2d-jsb.js:9152
[3]runSceneImmediate@src/cocos2d-jsb.js:7074
[4]anonymous@main.js:53
[5]anonymous@src/cocos2d-jsb.js:25672
[6]anonymous@src/cocos2d-jsb.js:20934
[7]anonymous@src/cocos2d-jsb.js:30249
[8]fireTimeout@jsb-adapter/jsb-builtin.js:2033
[9]tick@jsb-adapter/jsb-builtin.js:1995
[ERROR] (/Users/nantas/fireball-x/cocos2d-x-lite_20_release/cocos/scripting/js-bindings/jswrapper/v8/Object.cpp, 534): Invoking function (0x7f9a91525430) failed!
    at HTMLElement.print-simulator-log (/Applications/CocosCreator.app/Contents/Resources/app.asar/editor/builtin/scene/panel/messages/scene.js:1:1501)
    at Object.e._dispatch (/Applications/CocosCreator.app/Contents/Resources/app.asar/editor-framework/lib/renderer/panel.js:1:1941)
    at EventEmitter.o.on.s (/Applications/CocosCreator.app/Contents/Resources/app.asar/editor-framework/lib/renderer/ipc.js:1:2917)
    at emitMany (events.js:127:13)
    at EventEmitter.emit (events.js:204:7)
2019-05-04T14:42:57.124Z - error: Simulator: ERROR: Uncaught TypeError: Cannot read property 'length' of null, location: src/cocos2d-jsb.js:0:0
STACK:
[0]_activateNodeRecursively@src/cocos2d-jsb.js:22958
[1]activateNode@src/cocos2d-jsb.js:23007
[2]_activate@src/cocos2d-jsb.js:9152
[3]runSceneImmediate@src/cocos2d-jsb.js:7074
[4]anonymous@main.js:53
[5]anonymous@src/cocos2d-jsb.js:25672
[6]anonymous@src/cocos2d-jsb.js:20934
[7]anonymous@src/cocos2d-jsb.js:30249
[8]fireTimeout@jsb-adapter/jsb-builtin.js:2033
[9]tick@jsb-adapter/jsb-builtin.js:1995
[ERROR] (/Users/nantas/fireball-x/cocos2d-x-lite_20_release/cocos/scripting/js-bindings/jswrapper/v8/Object.cpp, 534): Invoking function (0x7f9a91525430) failed!
    at HTMLElement.print-simulator-log (/Applications/CocosCreator.app/Contents/Resources/app.asar/editor/builtin/scene/panel/messages/scene.js:1:1501)
    at Object.e._dispatch (/Applications/CocosCreator.app/Contents/Resources/app.asar/editor-framework/lib/renderer/panel.js:1:1941)
    at EventEmitter.o.on.s (/Applications/CocosCreator.app/Contents/Resources/app.asar/editor-framework/lib/renderer/ipc.js:1:2917)
    at emitMany (events.js:127:13)
    at EventEmitter.emit (events.js:204:7)
2019-05-04T14:42:57.140Z - error: Simulator: ERROR: Uncaught TypeError: Cannot read property 'length' of null, location: src/cocos2d-jsb.js:0:0
STACK:
[0]_activateNodeRecursively@src/cocos2d-jsb.js:22958
[1]activateNode@src/cocos2d-jsb.js:23007
[2]_activate@src/cocos2d-jsb.js:9152
[3]runSceneImmediate@src/cocos2d-jsb.js:7074
[4]anonymous@main.js:53
[5]anonymous@src/cocos2d-jsb.js:25672
[6]anonymous@src/cocos2d-jsb.js:20934
[7]anonymous@src/cocos2d-jsb.js:30249
[8]fireTimeout@jsb-adapter/jsb-builtin.js:2033
[9]tick@jsb-adapter/jsb-builtin.js:1995
[ERROR] (/Users/nantas/fireball-x/cocos2d-x-lite_20_release/cocos/scripting/js-bindings/jswrapper/v8/Object.cpp, 534): Invoking function (0x7f9a91525430) failed!
    at HTMLElement.print-simulator-log (/Applications/CocosCreator.app/Contents/Resources/app.asar/editor/builtin/scene/panel/messages/scene.js:1:1501)
    at Object.e._dispatch (/Applications/CocosCreator.app/Contents/Resources/app.asar/editor-framework/lib/renderer/panel.js:1:1941)
    at EventEmitter.o.on.s (/Applications/CocosCreator.app/Contents/Resources/app.asar/editor-framework/lib/renderer/ipc.js:1:2917)
    at emitMany (events.js:127:13)
    at EventEmitter.emit (events.js:204:7)
2019-05-04T14:42:57.157Z - error: Simulator: ERROR: Uncaught TypeError: Cannot read property 'length' of null, location: src/cocos2d-jsb.js:0:0
STACK:
[0]_activateNodeRecursively@src/cocos2d-jsb.js:22958
[1]activateNode@src/cocos2d-jsb.js:23007
[2]_activate@src/cocos2d-jsb.js:9152
[3]runSceneImmediate@src/cocos2d-jsb.js:7074
[4]anonymous@main.js:53
[5]anonymous@src/cocos2d-jsb.js:25672
[6]anonymous@src/cocos2d-jsb.js:20934
[7]anonymous@src/cocos2d-jsb.js:30249
[8]fireTimeout@jsb-adapter/jsb-builtin.js:2033
[9]tick@jsb-adapter/jsb-builtin.js:1995
[ERROR] (/Users/nantas/fireball-x/cocos2d-x-lite_20_release/cocos/scripting/js-bindings/jswrapper/v8/Object.cpp, 534): Invoking function (0x7f9a91525430) failed!
    at HTMLElement.print-simulator-log (/Applications/CocosCreator.app/Contents/Resources/app.asar/editor/builtin/scene/panel/messages/scene.js:1:1501)
    at Object.e._dispatch (/Applications/CocosCreator.app/Contents/Resources/app.asar/editor-framework/lib/renderer/panel.js:1:1941)
    at EventEmitter.o.on.s (/Applications/CocosCreator.app/Contents/Resources/app.asar/editor-framework/lib/renderer/ipc.js:1:2917)
    at emitMany (events.js:127:13)
    at EventEmitter.emit (events.js:204:7)
2019-05-04T14:42:57.174Z - error: Simulator: ERROR: Uncaught TypeError: Cannot read property 'length' of null, location: src/cocos2d-jsb.js:0:0
STACK:
[0]_activateNodeRecursively@src/cocos2d-jsb.js:22958
[1]activateNode@src/cocos2d-jsb.js:23007
[2]_activate@src/cocos2d-jsb.js:9152
[3]runSceneImmediate@src/cocos2d-jsb.js:7074
[4]anonymous@main.js:53
[5]anonymous@src/cocos2d-jsb.js:25672
[6]anonymous@src/cocos2d-jsb.js:20934
[7]anonymous@src/cocos2d-jsb.js:30249
[8]fireTimeout@jsb-adapter/jsb-builtin.js:2033
[9]tick@jsb-adapter/jsb-builtin.js:1995
[ERROR] (/Users/nantas/fireball-x/cocos2d-x-lite_20_release/cocos/scripting/js-bindings/jswrapper/v8/Object.cpp, 534): Invoking function (0x7f9a91525430) failed!
    at HTMLElement.print-simulator-log (/Applications/CocosCreator.app/Contents/Resources/app.asar/editor/builtin/scene/panel/messages/scene.js:1:1501)
    at Object.e._dispatch (/Applications/CocosCreator.app/Contents/Resources/app.asar/editor-framework/lib/renderer/panel.js:1:1941)
    at EventEmitter.o.on.s (/Applications/CocosCreator.app/Contents/Resources/app.asar/editor-framework/lib/renderer/ipc.js:1:2917)
    at emitMany (events.js:127:13)
    at EventEmitter.emit (events.js:204:7)
2019-05-04T14:42:57.190Z - error: Simulator: ERROR: Uncaught TypeError: Cannot read property 'length' of null, location: src/cocos2d-jsb.js:0:0
STACK:
[0]_activateNodeRecursively@src/cocos2d-jsb.js:22958
[1]activateNode@src/cocos2d-jsb.js:23007
[2]_activate@src/cocos2d-jsb.js:9152
[3]runSceneImmediate@src/cocos2d-jsb.js:7074
[4]anonymous@main.js:53
[5]anonymous@src/cocos2d-jsb.js:25672
[6]anonymous@src/cocos2d-jsb.js:20934
[7]anonymous@src/cocos2d-jsb.js:30249
[8]fireTimeout@jsb-adapter/jsb-builtin.js:2033
[9]tick@jsb-adapter/jsb-builtin.js:1995
[ERROR] (/Users/nantas/fireball-x/cocos2d-x-lite_20_release/cocos/scripting/js-bindings/jswrapper/v8/Object.cpp, 534): Invoking function (0x7f9a91525430) failed!
    at HTMLElement.print-simulator-log (/Applications/CocosCreator.app/Contents/Resources/app.asar/editor/builtin/scene/panel/messages/scene.js:1:1501)
    at Object.e._dispatch (/Applications/CocosCreator.app/Contents/Resources/app.asar/editor-framework/lib/renderer/panel.js:1:1941)
    at EventEmitter.o.on.s (/Applications/CocosCreator.app/Contents/Resources/app.asar/editor-framework/lib/renderer/ipc.js:1:2917)
    at emitMany (events.js:127:13)
    at EventEmitter.emit (events.js:204:7)
2019-05-04T14:42:57.207Z - error: Simulator: ERROR: Uncaught TypeError: Cannot read property 'length' of null, location: src/cocos2d-jsb.js:0:0
STACK:
[0]_activateNodeRecursively@src/cocos2d-jsb.js:22958
[1]activateNode@src/cocos2d-jsb.js:23007
[2]_activate@src/cocos2d-jsb.js:9152
[3]runSceneImmediate@src/cocos2d-jsb.js:7074
[4]anonymous@main.js:53
[5]anonymous@src/cocos2d-jsb.js:25672
[6]anonymous@src/cocos2d-jsb.js:20934
[7]anonymous@src/cocos2d-jsb.js:30249
[8]fireTimeout@jsb-adapter/jsb-builtin.js:2033
[9]tick@jsb-adapter/jsb-builtin.js:1995
[ERROR] (/Users/nantas/fireball-x/cocos2d-x-lite_20_release/cocos/scripting/js-bindings/jswrapper/v8/Object.cpp, 534): Invoking function (0x7f9a91525430) failed!
    at HTMLElement.print-simulator-log (/Applications/CocosCreator.app/Contents/Resources/app.asar/editor/builtin/scene/panel/messages/scene.js:1:1501)
    at Object.e._dispatch (/Applications/CocosCreator.app/Contents/Resources/app.asar/editor-framework/lib/renderer/panel.js:1:1941)
    at EventEmitter.o.on.s (/Applications/CocosCreator.app/Contents/Resources/app.asar/editor-framework/lib/renderer/ipc.js:1:2917)
    at emitMany (events.js:127:13)
    at EventEmitter.emit (events.js:204:7)
2019-05-04T14:42:57.224Z - error: Simulator: ERROR: Uncaught TypeError: Cannot read property 'length' of null, location: src/cocos2d-jsb.js:0:0
STACK:
[0]_activateNodeRecursively@src/cocos2d-jsb.js:22958
[1]activateNode@src/cocos2d-jsb.js:23007
[2]_activate@src/cocos2d-jsb.js:9152
[3]runSceneImmediate@src/cocos2d-jsb.js:7074
[4]anonymous@main.js:53
[5]anonymous@src/cocos2d-jsb.js:25672
[6]anonymous@src/cocos2d-jsb.js:20934
[7]anonymous@src/cocos2d-jsb.js:30249
[8]fireTimeout@jsb-adapter/jsb-builtin.js:2033
[9]tick@jsb-adapter/jsb-builtin.js:1995
[ERROR] (/Users/nantas/fireball-x/cocos2d-x-lite_20_release/cocos/scripting/js-bindings/jswrapper/v8/Object.cpp, 534): Invoking function (0x7f9a91525430) failed!
    at HTMLElement.print-simulator-log (/Applications/CocosCreator.app/Contents/Resources/app.asar/editor/builtin/scene/panel/messages/scene.js:1:1501)
    at Object.e._dispatch (/Applications/CocosCreator.app/Contents/Resources/app.asar/editor-framework/lib/renderer/panel.js:1:1941)
    at EventEmitter.o.on.s (/Applications/CocosCreator.app/Contents/Resources/app.asar/editor-framework/lib/renderer/ipc.js:1:2917)
    at emitMany (events.js:127:13)
    at EventEmitter.emit (events.js:204:7)
2019-05-04T14:42:57.243Z - error: Simulator: ERROR: Uncaught TypeError: Cannot read property 'length' of null, location: src/cocos2d-jsb.js:0:0
STACK:
[0]_activateNodeRecursively@src/cocos2d-jsb.js:22958
[1]activateNode@src/cocos2d-jsb.js:23007
[2]_activate@src/cocos2d-jsb.js:9152
[3]runSceneImmediate@src/cocos2d-jsb.js:7074
[4]anonymous@main.js:53
[5]anonymous@src/cocos2d-jsb.js:25672
[6]anonymous@src/cocos2d-jsb.js:20934
[7]anonymous@src/cocos2d-jsb.js:30249
[8]fireTimeout@jsb-adapter/jsb-builtin.js:2033
[9]tick@jsb-adapter/jsb-builtin.js:1995
[ERROR] (/Users/nantas/fireball-x/cocos2d-x-lite_20_release/cocos/scripting/js-bindings/jswrapper/v8/Object.cpp, 534): Invoking function (0x7f9a91525430) failed!
    at HTMLElement.print-simulator-log (/Applications/CocosCreator.app/Contents/Resources/app.asar/editor/builtin/scene/panel/messages/scene.js:1:1501)
    at Object.e._dispatch (/Applications/CocosCreator.app/Contents/Resources/app.asar/editor-framework/lib/renderer/panel.js:1:1941)
    at EventEmitter.o.on.s (/Applications/CocosCreator.app/Contents/Resources/app.asar/editor-framework/lib/renderer/ipc.js:1:2917)
    at emitMany (events.js:127:13)
    at EventEmitter.emit (events.js:204:7)
2019-05-04T14:42:57.257Z - error: Simulator: ERROR: Uncaught TypeError: Cannot read property 'length' of null, location: src/cocos2d-jsb.js:0:0
STACK:
[0]_activateNodeRecursively@src/cocos2d-jsb.js:22958
[1]activateNode@src/cocos2d-jsb.js:23007
[2]_activate@src/cocos2d-jsb.js:9152
[3]runSceneImmediate@src/cocos2d-jsb.js:7074
[4]anonymous@main.js:53
[5]anonymous@src/cocos2d-jsb.js:25672
[6]anonymous@src/cocos2d-jsb.js:20934
[7]anonymous@src/cocos2d-jsb.js:30249
[8]fireTimeout@jsb-adapter/jsb-builtin.js:2033
[9]tick@jsb-adapter/jsb-builtin.js:1995
[ERROR] (/Users/nantas/fireball-x/cocos2d-x-lite_20_release/cocos/scripting/js-bindings/jswrapper/v8/Object.cpp, 534): Invoking function (0x7f9a91525430) failed!
    at HTMLElement.print-simulator-log (/Applications/CocosCreator.app/Contents/Resources/app.asar/editor/builtin/scene/panel/messages/scene.js:1:1501)
    at Object.e._dispatch (/Applications/CocosCreator.app/Contents/Resources/app.asar/editor-framework/lib/renderer/panel.js:1:1941)
    at EventEmitter.o.on.s (/Applications/CocosCreator.app/Contents/Resources/app.asar/editor-framework/lib/renderer/ipc.js:1:2917)
    at emitMany (events.js:127:13)
    at EventEmitter.emit (events.js:204:7)
2019-05-04T14:42:57.276Z - error: Simulator: ERROR: Uncaught TypeError: Cannot read property 'length' of null, location: src/cocos2d-jsb.js:0:0
STACK:
[0]_activateNodeRecursively@src/cocos2d-jsb.js:22958
[1]activateNode@src/cocos2d-jsb.js:23007
[2]_activate@src/cocos2d-jsb.js:9152
[3]runSceneImmediate@src/cocos2d-jsb.js:7074
[4]anonymous@main.js:53
[5]anonymous@src/cocos2d-jsb.js:25672
[6]anonymous@src/cocos2d-jsb.js:20934
[7]anonymous@src/cocos2d-jsb.js:30249
[8]fireTimeout@jsb-adapter/jsb-builtin.js:2033
[9]tick@jsb-adapter/jsb-builtin.js:1995
[ERROR] (/Users/nantas/fireball-x/cocos2d-x-lite_20_release/cocos/scripting/js-bindings/jswrapper/v8/Object.cpp, 534): Invoking function (0x7f9a91525430) failed!
    at HTMLElement.print-simulator-log (/Applications/CocosCreator.app/Contents/Resources/app.asar/editor/builtin/scene/panel/messages/scene.js:1:1501)
    at Object.e._dispatch (/Applications/CocosCreator.app/Contents/Resources/app.asar/editor-framework/lib/renderer/panel.js:1:1941)
    at EventEmitter.o.on.s (/Applications/CocosCreator.app/Contents/Resources/app.asar/editor-framework/lib/renderer/ipc.js:1:2917)
    at emitMany (events.js:127:13)
    at EventEmitter.emit (events.js:204:7)
2019-05-04T14:42:57.290Z - error: Simulator: ERROR: Uncaught TypeError: Cannot read property 'length' of null, location: src/cocos2d-jsb.js:0:0
STACK:
[0]_activateNodeRecursively@src/cocos2d-jsb.js:22958
[1]activateNode@src/cocos2d-jsb.js:23007
[2]_activate@src/cocos2d-jsb.js:9152
[3]runSceneImmediate@src/cocos2d-jsb.js:7074
[4]anonymous@main.js:53
[5]anonymous@src/cocos2d-jsb.js:25672
[6]anonymous@src/cocos2d-jsb.js:20934
[7]anonymous@src/cocos2d-jsb.js:30249
[8]fireTimeout@jsb-adapter/jsb-builtin.js:2033
[9]tick@jsb-adapter/jsb-builtin.js:1995
[ERROR] (/Users/nantas/fireball-x/cocos2d-x-lite_20_release/cocos/scripting/js-bindings/jswrapper/v8/Object.cpp, 534): Invoking function (0x7f9a91525430) failed!
    at HTMLElement.print-simulator-log (/Applications/CocosCreator.app/Contents/Resources/app.asar/editor/builtin/scene/panel/messages/scene.js:1:1501)
    at Object.e._dispatch (/Applications/CocosCreator.app/Contents/Resources/app.asar/editor-framework/lib/renderer/panel.js:1:1941)
    at EventEmitter.o.on.s (/Applications/CocosCreator.app/Contents/Resources/app.asar/editor-framework/lib/renderer/ipc.js:1:2917)
    at emitMany (events.js:127:13)
    at EventEmitter.emit (events.js:204:7)
2019-05-04T14:42:57.307Z - error: Simulator: ERROR: Uncaught TypeError: Cannot read property 'length' of null, location: src/cocos2d-jsb.js:0:0
STACK:
[0]_activateNodeRecursively@src/cocos2d-jsb.js:22958
[1]activateNode@src/cocos2d-jsb.js:23007
[2]_activate@src/cocos2d-jsb.js:9152
[3]runSceneImmediate@src/cocos2d-jsb.js:7074
[4]anonymous@main.js:53
[5]anonymous@src/cocos2d-jsb.js:25672
[6]anonymous@src/cocos2d-jsb.js:20934
[7]anonymous@src/cocos2d-jsb.js:30249
[8]fireTimeout@jsb-adapter/jsb-builtin.js:2033
[9]tick@jsb-adapter/jsb-builtin.js:1995
[ERROR] (/Users/nantas/fireball-x/cocos2d-x-lite_20_release/cocos/scripting/js-bindings/jswrapper/v8/Object.cpp, 534): Invoking function (0x7f9a91525430) failed!
    at HTMLElement.print-simulator-log (/Applications/CocosCreator.app/Contents/Resources/app.asar/editor/builtin/scene/panel/messages/scene.js:1:1501)
    at Object.e._dispatch (/Applications/CocosCreator.app/Contents/Resources/app.asar/editor-framework/lib/renderer/panel.js:1:1941)
    at EventEmitter.o.on.s (/Applications/CocosCreator.app/Contents/Resources/app.asar/editor-framework/lib/renderer/ipc.js:1:2917)
    at emitMany (events.js:127:13)
    at EventEmitter.emit (events.js:204:7)
2019-05-04T14:42:57.324Z - error: Simulator: ERROR: Uncaught TypeError: Cannot read property 'length' of null, location: src/cocos2d-jsb.js:0:0
STACK:
[0]_activateNodeRecursively@src/cocos2d-jsb.js:22958
[1]activateNode@src/cocos2d-jsb.js:23007
[2]_activate@src/cocos2d-jsb.js:9152
[3]runSceneImmediate@src/cocos2d-jsb.js:7074
[4]anonymous@main.js:53
[5]anonymous@src/cocos2d-jsb.js:25672
[6]anonymous@src/cocos2d-jsb.js:20934
[7]anonymous@src/cocos2d-jsb.js:30249
[8]fireTimeout@jsb-adapter/jsb-builtin.js:2033
[9]tick@jsb-adapter/jsb-builtin.js:1995
[ERROR] (/Users/nantas/fireball-x/cocos2d-x-lite_20_release/cocos/scripting/js-bindings/jswrapper/v8/Object.cpp, 534): Invoking function (0x7f9a91525430) failed!
    at HTMLElement.print-simulator-log (/Applications/CocosCreator.app/Contents/Resources/app.asar/editor/builtin/scene/panel/messages/scene.js:1:1501)
    at Object.e._dispatch (/Applications/CocosCreator.app/Contents/Resources/app.asar/editor-framework/lib/renderer/panel.js:1:1941)
    at EventEmitter.o.on.s (/Applications/CocosCreator.app/Contents/Resources/app.asar/editor-framework/lib/renderer/ipc.js:1:2917)
    at emitMany (events.js:127:13)
    at EventEmitter.emit (events.js:204:7)
2019-05-04T14:42:57.341Z - error: Simulator: ERROR: Uncaught TypeError: Cannot read property 'length' of null, location: src/cocos2d-jsb.js:0:0
STACK:
[0]_activateNodeRecursively@src/cocos2d-jsb.js:22958
[1]activateNode@src/cocos2d-jsb.js:23007
[2]_activate@src/cocos2d-jsb.js:9152
[3]runSceneImmediate@src/cocos2d-jsb.js:7074
[4]anonymous@main.js:53
[5]anonymous@src/cocos2d-jsb.js:25672
[6]anonymous@src/cocos2d-jsb.js:20934
[7]anonymous@src/cocos2d-jsb.js:30249
[8]fireTimeout@jsb-adapter/jsb-builtin.js:2033
[9]tick@jsb-adapter/jsb-builtin.js:1995
[ERROR] (/Users/nantas/fireball-x/cocos2d-x-lite_20_release/cocos/scripting/js-bindings/jswrapper/v8/Object.cpp, 534): Invoking function (0x7f9a91525430) failed!
    at HTMLElement.print-simulator-log (/Applications/CocosCreator.app/Contents/Resources/app.asar/editor/builtin/scene/panel/messages/scene.js:1:1501)
    at Object.e._dispatch (/Applications/CocosCreator.app/Contents/Resources/app.asar/editor-framework/lib/renderer/panel.js:1:1941)
    at EventEmitter.o.on.s (/Applications/CocosCreator.app/Contents/Resources/app.asar/editor-framework/lib/renderer/ipc.js:1:2917)
    at emitMany (events.js:127:13)
    at EventEmitter.emit (events.js:204:7)
2019-05-04T14:42:57.357Z - error: Simulator: ERROR: Uncaught TypeError: Cannot read property 'length' of null, location: src/cocos2d-jsb.js:0:0
STACK:
[0]_activateNodeRecursively@src/cocos2d-jsb.js:22958
[1]activateNode@src/cocos2d-jsb.js:23007
[2]_activate@src/cocos2d-jsb.js:9152
[3]runSceneImmediate@src/cocos2d-jsb.js:7074
[4]anonymous@main.js:53
[5]anonymous@src/cocos2d-jsb.js:25672
[6]anonymous@src/cocos2d-jsb.js:20934
[7]anonymous@src/cocos2d-jsb.js:30249
[8]fireTimeout@jsb-adapter/jsb-builtin.js:2033
[9]tick@jsb-adapter/jsb-builtin.js:1995
[ERROR] (/Users/nantas/fireball-x/cocos2d-x-lite_20_release/cocos/scripting/js-bindings/jswrapper/v8/Object.cpp, 534): Invoking function (0x7f9a91525430) failed!
    at HTMLElement.print-simulator-log (/Applications/CocosCreator.app/Contents/Resources/app.asar/editor/builtin/scene/panel/messages/scene.js:1:1501)
    at Object.e._dispatch (/Applications/CocosCreator.app/Contents/Resources/app.asar/editor-framework/lib/renderer/panel.js:1:1941)
    at EventEmitter.o.on.s (/Applications/CocosCreator.app/Contents/Resources/app.asar/editor-framework/lib/renderer/ipc.js:1:2917)
    at emitMany (events.js:127:13)
    at EventEmitter.emit (events.js:204:7)
2019-05-04T14:42:57.374Z - error: Simulator: ERROR: Uncaught TypeError: Cannot read property 'length' of null, location: src/cocos2d-jsb.js:0:0
STACK:
[0]_activateNodeRecursively@src/cocos2d-jsb.js:22958
[1]activateNode@src/cocos2d-jsb.js:23007
[2]_activate@src/cocos2d-jsb.js:9152
[3]runSceneImmediate@src/cocos2d-jsb.js:7074
[4]anonymous@main.js:53
[5]anonymous@src/cocos2d-jsb.js:25672
[6]anonymous@src/cocos2d-jsb.js:20934
[7]anonymous@src/cocos2d-jsb.js:30249
[8]fireTimeout@jsb-adapter/jsb-builtin.js:2033
[9]tick@jsb-adapter/jsb-builtin.js:1995
[ERROR] (/Users/nantas/fireball-x/cocos2d-x-lite_20_release/cocos/scripting/js-bindings/jswrapper/v8/Object.cpp, 534): Invoking function (0x7f9a91525430) failed!
    at HTMLElement.print-simulator-log (/Applications/CocosCreator.app/Contents/Resources/app.asar/editor/builtin/scene/panel/messages/scene.js:1:1501)
    at Object.e._dispatch (/Applications/CocosCreator.app/Contents/Resources/app.asar/editor-framework/lib/renderer/panel.js:1:1941)
    at EventEmitter.o.on.s (/Applications/CocosCreator.app/Contents/Resources/app.asar/editor-framework/lib/renderer/ipc.js:1:2917)
    at emitMany (events.js:127:13)
    at EventEmitter.emit (events.js:204:7)
2019-05-04T14:42:57.390Z - error: Simulator: ERROR: Uncaught TypeError: Cannot read property 'length' of null, location: src/cocos2d-jsb.js:0:0
STACK:
[0]_activateNodeRecursively@src/cocos2d-jsb.js:22958
[1]activateNode@src/cocos2d-jsb.js:23007
[2]_activate@src/cocos2d-jsb.js:9152
[3]runSceneImmediate@src/cocos2d-jsb.js:7074
[4]anonymous@main.js:53
[5]anonymous@src/cocos2d-jsb.js:25672
[6]anonymous@src/cocos2d-jsb.js:20934
[7]anonymous@src/cocos2d-jsb.js:30249
[8]fireTimeout@jsb-adapter/jsb-builtin.js:2033
[9]tick@jsb-adapter/jsb-builtin.js:1995
[ERROR] (/Users/nantas/fireball-x/cocos2d-x-lite_20_release/cocos/scripting/js-bindings/jswrapper/v8/Object.cpp, 534): Invoking function (0x7f9a91525430) failed!
    at HTMLElement.print-simulator-log (/Applications/CocosCreator.app/Contents/Resources/app.asar/editor/builtin/scene/panel/messages/scene.js:1:1501)
    at Object.e._dispatch (/Applications/CocosCreator.app/Contents/Resources/app.asar/editor-framework/lib/renderer/panel.js:1:1941)
    at EventEmitter.o.on.s (/Applications/CocosCreator.app/Contents/Resources/app.asar/editor-framework/lib/renderer/ipc.js:1:2917)
    at emitMany (events.js:127:13)
    at EventEmitter.emit (events.js:204:7)
2019-05-04T14:42:57.407Z - error: Simulator: ERROR: Uncaught TypeError: Cannot read property 'length' of null, location: src/cocos2d-jsb.js:0:0
STACK:
[0]_activateNodeRecursively@src/cocos2d-jsb.js:22958
[1]activateNode@src/cocos2d-jsb.js:23007
[2]_activate@src/cocos2d-jsb.js:9152
[3]runSceneImmediate@src/cocos2d-jsb.js:7074
[4]anonymous@main.js:53
[5]anonymous@src/cocos2d-jsb.js:25672
[6]anonymous@src/cocos2d-jsb.js:20934
[7]anonymous@src/cocos2d-jsb.js:30249
[8]fireTimeout@jsb-adapter/jsb-builtin.js:2033
[9]tick@jsb-adapter/jsb-builtin.js:1995
[ERROR] (/Users/nantas/fireball-x/cocos2d-x-lite_20_release/cocos/scripting/js-bindings/jswrapper/v8/Object.cpp, 534): Invoking function (0x7f9a91525430) failed!
    at HTMLElement.print-simulator-log (/Applications/CocosCreator.app/Contents/Resources/app.asar/editor/builtin/scene/panel/messages/scene.js:1:1501)
    at Object.e._dispatch (/Applications/CocosCreator.app/Contents/Resources/app.asar/editor-framework/lib/renderer/panel.js:1:1941)
    at EventEmitter.o.on.s (/Applications/CocosCreator.app/Contents/Resources/app.asar/editor-framework/lib/renderer/ipc.js:1:2917)
    at emitMany (events.js:127:13)
    at EventEmitter.emit (events.js:204:7)
2019-05-04T14:42:57.424Z - error: Simulator: ERROR: Uncaught TypeError: Cannot read property 'length' of null, location: src/cocos2d-jsb.js:0:0
STACK:
[0]_activateNodeRecursively@src/cocos2d-jsb.js:22958
[1]activateNode@src/cocos2d-jsb.js:23007
[2]_activate@src/cocos2d-jsb.js:9152
[3]runSceneImmediate@src/cocos2d-jsb.js:7074
[4]anonymous@main.js:53
[5]anonymous@src/cocos2d-jsb.js:25672
[6]anonymous@src/cocos2d-jsb.js:20934
[7]anonymous@src/cocos2d-jsb.js:30249
[8]fireTimeout@jsb-adapter/jsb-builtin.js:2033
[9]tick@jsb-adapter/jsb-builtin.js:1995
[ERROR] (/Users/nantas/fireball-x/cocos2d-x-lite_20_release/cocos/scripting/js-bindings/jswrapper/v8/Object.cpp, 534): Invoking function (0x7f9a91525430) failed!
    at HTMLElement.print-simulator-log (/Applications/CocosCreator.app/Contents/Resources/app.asar/editor/builtin/scene/panel/messages/scene.js:1:1501)
    at Object.e._dispatch (/Applications/CocosCreator.app/Contents/Resources/app.asar/editor-framework/lib/renderer/panel.js:1:1941)
    at EventEmitter.o.on.s (/Applications/CocosCreator.app/Contents/Resources/app.asar/editor-framework/lib/renderer/ipc.js:1:2917)
    at emitMany (events.js:127:13)
    at EventEmitter.emit (events.js:204:7)
2019-05-04T14:42:57.441Z - error: Simulator: ERROR: Uncaught TypeError: Cannot read property 'length' of null, location: src/cocos2d-jsb.js:0:0
STACK:
[0]_activateNodeRecursively@src/cocos2d-jsb.js:22958
[1]activateNode@src/cocos2d-jsb.js:23007
[2]_activate@src/cocos2d-jsb.js:9152
[3]runSceneImmediate@src/cocos2d-jsb.js:7074
[4]anonymous@main.js:53
[5]anonymous@src/cocos2d-jsb.js:25672
[6]anonymous@src/cocos2d-jsb.js:20934
[7]anonymous@src/cocos2d-jsb.js:30249
[8]fireTimeout@jsb-adapter/jsb-builtin.js:2033
[9]tick@jsb-adapter/jsb-builtin.js:1995
[ERROR] (/Users/nantas/fireball-x/cocos2d-x-lite_20_release/cocos/scripting/js-bindings/jswrapper/v8/Object.cpp, 534): Invoking function (0x7f9a91525430) failed!
    at HTMLElement.print-simulator-log (/Applications/CocosCreator.app/Contents/Resources/app.asar/editor/builtin/scene/panel/messages/scene.js:1:1501)
    at Object.e._dispatch (/Applications/CocosCreator.app/Contents/Resources/app.asar/editor-framework/lib/renderer/panel.js:1:1941)
    at EventEmitter.o.on.s (/Applications/CocosCreator.app/Contents/Resources/app.asar/editor-framework/lib/renderer/ipc.js:1:2917)
    at emitMany (events.js:127:13)
    at EventEmitter.emit (events.js:204:7)
2019-05-04T14:42:57.457Z - error: Simulator: ERROR: Uncaught TypeError: Cannot read property 'length' of null, location: src/cocos2d-jsb.js:0:0
STACK:
[0]_activateNodeRecursively@src/cocos2d-jsb.js:22958
[1]activateNode@src/cocos2d-jsb.js:23007
[2]_activate@src/cocos2d-jsb.js:9152
[3]runSceneImmediate@src/cocos2d-jsb.js:7074
[4]anonymous@main.js:53
[5]anonymous@src/cocos2d-jsb.js:25672
[6]anonymous@src/cocos2d-jsb.js:20934
[7]anonymous@src/cocos2d-jsb.js:30249
[8]fireTimeout@jsb-adapter/jsb-builtin.js:2033
[9]tick@jsb-adapter/jsb-builtin.js:1995
[ERROR] (/Users/nantas/fireball-x/cocos2d-x-lite_20_release/cocos/scripting/js-bindings/jswrapper/v8/Object.cpp, 534): Invoking function (0x7f9a91525430) failed!
    at HTMLElement.print-simulator-log (/Applications/CocosCreator.app/Contents/Resources/app.asar/editor/builtin/scene/panel/messages/scene.js:1:1501)
    at Object.e._dispatch (/Applications/CocosCreator.app/Contents/Resources/app.asar/editor-framework/lib/renderer/panel.js:1:1941)
    at EventEmitter.o.on.s (/Applications/CocosCreator.app/Contents/Resources/app.asar/editor-framework/lib/renderer/ipc.js:1:2917)
    at emitMany (events.js:127:13)
    at EventEmitter.emit (events.js:204:7)
2019-05-04T14:42:57.474Z - error: Simulator: ERROR: Uncaught TypeError: Cannot read property 'length' of null, location: src/cocos2d-jsb.js:0:0
STACK:
[0]_activateNodeRecursively@src/cocos2d-jsb.js:22958
[1]activateNode@src/cocos2d-jsb.js:23007
[2]_activate@src/cocos2d-jsb.js:9152
[3]runSceneImmediate@src/cocos2d-jsb.js:7074
[4]anonymous@main.js:53
[5]anonymous@src/cocos2d-jsb.js:25672
[6]anonymous@src/cocos2d-jsb.js:20934
[7]anonymous@src/cocos2d-jsb.js:30249
[8]fireTimeout@jsb-adapter/jsb-builtin.js:2033
[9]tick@jsb-adapter/jsb-builtin.js:1995
[ERROR] (/Users/nantas/fireball-x/cocos2d-x-lite_20_release/cocos/scripting/js-bindings/jswrapper/v8/Object.cpp, 534): Invoking function (0x7f9a91525430) failed!
    at HTMLElement.print-simulator-log (/Applications/CocosCreator.app/Contents/Resources/app.asar/editor/builtin/scene/panel/messages/scene.js:1:1501)
    at Object.e._dispatch (/Applications/CocosCreator.app/Contents/Resources/app.asar/editor-framework/lib/renderer/panel.js:1:1941)
    at EventEmitter.o.on.s (/Applications/CocosCreator.app/Contents/Resources/app.asar/editor-framework/lib/renderer/ipc.js:1:2917)
    at emitMany (events.js:127:13)
    at EventEmitter.emit (events.js:204:7)
2019-05-04T14:42:57.491Z - error: Simulator: ERROR: Uncaught TypeError: Cannot read property 'length' of null, location: src/cocos2d-jsb.js:0:0
STACK:
[0]_activateNodeRecursively@src/cocos2d-jsb.js:22958
[1]activateNode@src/cocos2d-jsb.js:23007
[2]_activate@src/cocos2d-jsb.js:9152
[3]runSceneImmediate@src/cocos2d-jsb.js:7074
[4]anonymous@main.js:53
[5]anonymous@src/cocos2d-jsb.js:25672
[6]anonymous@src/cocos2d-jsb.js:20934
[7]anonymous@src/cocos2d-jsb.js:30249
[8]fireTimeout@jsb-adapter/jsb-builtin.js:2033
[9]tick@jsb-adapter/jsb-builtin.js:1995
[ERROR] (/Users/nantas/fireball-x/cocos2d-x-lite_20_release/cocos/scripting/js-bindings/jswrapper/v8/Object.cpp, 534): Invoking function (0x7f9a91525430) failed!
    at HTMLElement.print-simulator-log (/Applications/CocosCreator.app/Contents/Resources/app.asar/editor/builtin/scene/panel/messages/scene.js:1:1501)
    at Object.e._dispatch (/Applications/CocosCreator.app/Contents/Resources/app.asar/editor-framework/lib/renderer/panel.js:1:1941)
    at EventEmitter.o.on.s (/Applications/CocosCreator.app/Contents/Resources/app.asar/editor-framework/lib/renderer/ipc.js:1:2917)
    at emitMany (events.js:127:13)
    at EventEmitter.emit (events.js:204:7)
2019-05-04T14:42:57.510Z - error: Simulator: ERROR: Uncaught TypeError: Cannot read property 'length' of null, location: src/cocos2d-jsb.js:0:0
STACK:
[0]_activateNodeRecursively@src/cocos2d-jsb.js:22958
[1]activateNode@src/cocos2d-jsb.js:23007
[2]_activate@src/cocos2d-jsb.js:9152
[3]runSceneImmediate@src/cocos2d-jsb.js:7074
[4]anonymous@main.js:53
[5]anonymous@src/cocos2d-jsb.js:25672
[6]anonymous@src/cocos2d-jsb.js:20934
[7]anonymous@src/cocos2d-jsb.js:30249
[8]fireTimeout@jsb-adapter/jsb-builtin.js:2033
[9]tick@jsb-adapter/jsb-builtin.js:1995
[ERROR] (/Users/nantas/fireball-x/cocos2d-x-lite_20_release/cocos/scripting/js-bindings/jswrapper/v8/Object.cpp, 534): Invoking function (0x7f9a91525430) failed!
    at HTMLElement.print-simulator-log (/Applications/CocosCreator.app/Contents/Resources/app.asar/editor/builtin/scene/panel/messages/scene.js:1:1501)
    at Object.e._dispatch (/Applications/CocosCreator.app/Contents/Resources/app.asar/editor-framework/lib/renderer/panel.js:1:1941)
    at EventEmitter.o.on.s (/Applications/CocosCreator.app/Contents/Resources/app.asar/editor-framework/lib/renderer/ipc.js:1:2917)
    at emitMany (events.js:127:13)
    at EventEmitter.emit (events.js:204:7)
2019-05-04T14:42:57.524Z - error: Simulator: ERROR: Uncaught TypeError: Cannot read property 'length' of null, location: src/cocos2d-jsb.js:0:0
STACK:
[0]_activateNodeRecursively@src/cocos2d-jsb.js:22958
[1]activateNode@src/cocos2d-jsb.js:23007
[2]_activate@src/cocos2d-jsb.js:9152
[3]runSceneImmediate@src/cocos2d-jsb.js:7074
[4]anonymous@main.js:53
[5]anonymous@src/cocos2d-jsb.js:25672
[6]anonymous@src/cocos2d-jsb.js:20934
[7]anonymous@src/cocos2d-jsb.js:30249
[8]fireTimeout@jsb-adapter/jsb-builtin.js:2033
[9]tick@jsb-adapter/jsb-builtin.js:1995
[ERROR] (/Users/nantas/fireball-x/cocos2d-x-lite_20_release/cocos/scripting/js-bindings/jswrapper/v8/Object.cpp, 534): Invoking function (0x7f9a91525430) failed!
    at HTMLElement.print-simulator-log (/Applications/CocosCreator.app/Contents/Resources/app.asar/editor/builtin/scene/panel/messages/scene.js:1:1501)
    at Object.e._dispatch (/Applications/CocosCreator.app/Contents/Resources/app.asar/editor-framework/lib/renderer/panel.js:1:1941)
    at EventEmitter.o.on.s (/Applications/CocosCreator.app/Contents/Resources/app.asar/editor-framework/lib/renderer/ipc.js:1:2917)
    at emitMany (events.js:127:13)
    at EventEmitter.emit (events.js:204:7)
2019-05-04T14:42:57.545Z - error: Simulator: ERROR: Uncaught TypeError: Cannot read property 'length' of null, location: src/cocos2d-jsb.js:0:0
STACK:
[0]_activateNodeRecursively@src/cocos2d-jsb.js:22958
[1]activateNode@src/cocos2d-jsb.js:23007
[2]_activate@src/cocos2d-jsb.js:9152
[3]runSceneImmediate@src/cocos2d-jsb.js:7074
[4]anonymous@main.js:53
[5]anonymous@src/cocos2d-jsb.js:25672
[6]anonymous@src/cocos2d-jsb.js:20934
[7]anonymous@src/cocos2d-jsb.js:30249
[8]fireTimeout@jsb-adapter/jsb-builtin.js:2033
[9]tick@jsb-adapter/jsb-builtin.js:1995
[ERROR] (/Users/nantas/fireball-x/cocos2d-x-lite_20_release/cocos/scripting/js-bindings/jswrapper/v8/Object.cpp, 534): Invoking function (0x7f9a91525430) failed!
    at HTMLElement.print-simulator-log (/Applications/CocosCreator.app/Contents/Resources/app.asar/editor/builtin/scene/panel/messages/scene.js:1:1501)
    at Object.e._dispatch (/Applications/CocosCreator.app/Contents/Resources/app.asar/editor-framework/lib/renderer/panel.js:1:1941)
    at EventEmitter.o.on.s (/Applications/CocosCreator.app/Contents/Resources/app.asar/editor-framework/lib/renderer/ipc.js:1:2917)
    at emitMany (events.js:127:13)
    at EventEmitter.emit (events.js:204:7)
2019-05-04T14:42:57.558Z - error: Simulator: ERROR: Uncaught TypeError: Cannot read property 'length' of null, location: src/cocos2d-jsb.js:0:0
STACK:
[0]_activateNodeRecursively@src/cocos2d-jsb.js:22958
[1]activateNode@src/cocos2d-jsb.js:23007
[2]_activate@src/cocos2d-jsb.js:9152
[3]runSceneImmediate@src/cocos2d-jsb.js:7074
[4]anonymous@main.js:53
[5]anonymous@src/cocos2d-jsb.js:25672
[6]anonymous@src/cocos2d-jsb.js:20934
[7]anonymous@src/cocos2d-jsb.js:30249
[8]fireTimeout@jsb-adapter/jsb-builtin.js:2033
[9]tick@jsb-adapter/jsb-builtin.js:1995
[ERROR] (/Users/nantas/fireball-x/cocos2d-x-lite_20_release/cocos/scripting/js-bindings/jswrapper/v8/Object.cpp, 534): Invoking function (0x7f9a91525430) failed!
    at HTMLElement.print-simulator-log (/Applications/CocosCreator.app/Contents/Resources/app.asar/editor/builtin/scene/panel/messages/scene.js:1:1501)
    at Object.e._dispatch (/Applications/CocosCreator.app/Contents/Resources/app.asar/editor-framework/lib/renderer/panel.js:1:1941)
    at EventEmitter.o.on.s (/Applications/CocosCreator.app/Contents/Resources/app.asar/editor-framework/lib/renderer/ipc.js:1:2917)
    at emitMany (events.js:127:13)
    at EventEmitter.emit (events.js:204:7)
2019-05-04T14:42:57.574Z - error: Simulator: ERROR: Uncaught TypeError: Cannot read property 'length' of null, location: src/cocos2d-jsb.js:0:0
STACK:
[0]_activateNodeRecursively@src/cocos2d-jsb.js:22958
[1]activateNode@src/cocos2d-jsb.js:23007
[2]_activate@src/cocos2d-jsb.js:9152
[3]runSceneImmediate@src/cocos2d-jsb.js:7074
[4]anonymous@main.js:53
[5]anonymous@src/cocos2d-jsb.js:25672
[6]anonymous@src/cocos2d-jsb.js:20934
[7]anonymous@src/cocos2d-jsb.js:30249
[8]fireTimeout@jsb-adapter/jsb-builtin.js:2033
[9]tick@jsb-adapter/jsb-builtin.js:1995
[ERROR] (/Users/nantas/fireball-x/cocos2d-x-lite_20_release/cocos/scripting/js-bindings/jswrapper/v8/Object.cpp, 534): Invoking function (0x7f9a91525430) failed!
    at HTMLElement.print-simulator-log (/Applications/CocosCreator.app/Contents/Resources/app.asar/editor/builtin/scene/panel/messages/scene.js:1:1501)
    at Object.e._dispatch (/Applications/CocosCreator.app/Contents/Resources/app.asar/editor-framework/lib/renderer/panel.js:1:1941)
    at EventEmitter.o.on.s (/Applications/CocosCreator.app/Contents/Resources/app.asar/editor-framework/lib/renderer/ipc.js:1:2917)
    at emitMany (events.js:127:13)
    at EventEmitter.emit (events.js:204:7)
2019-05-04T14:42:57.591Z - error: Simulator: ERROR: Uncaught TypeError: Cannot read property 'length' of null, location: src/cocos2d-jsb.js:0:0
STACK:
[0]_activateNodeRecursively@src/cocos2d-jsb.js:22958
[1]activateNode@src/cocos2d-jsb.js:23007
[2]_activate@src/cocos2d-jsb.js:9152
[3]runSceneImmediate@src/cocos2d-jsb.js:7074
[4]anonymous@main.js:53
[5]anonymous@src/cocos2d-jsb.js:25672
[6]anonymous@src/cocos2d-jsb.js:20934
[7]anonymous@src/cocos2d-jsb.js:30249
[8]fireTimeout@jsb-adapter/jsb-builtin.js:2033
[9]tick@jsb-adapter/jsb-builtin.js:1995
[ERROR] (/Users/nantas/fireball-x/cocos2d-x-lite_20_release/cocos/scripting/js-bindings/jswrapper/v8/Object.cpp, 534): Invoking function (0x7f9a91525430) failed!
    at HTMLElement.print-simulator-log (/Applications/CocosCreator.app/Contents/Resources/app.asar/editor/builtin/scene/panel/messages/scene.js:1:1501)
    at Object.e._dispatch (/Applications/CocosCreator.app/Contents/Resources/app.asar/editor-framework/lib/renderer/panel.js:1:1941)
    at EventEmitter.o.on.s (/Applications/CocosCreator.app/Contents/Resources/app.asar/editor-framework/lib/renderer/ipc.js:1:2917)
    at emitMany (events.js:127:13)
    at EventEmitter.emit (events.js:204:7)
2019-05-04T14:42:57.607Z - error: Simulator: ERROR: Uncaught TypeError: Cannot read property 'length' of null, location: src/cocos2d-jsb.js:0:0
STACK:
[0]_activateNodeRecursively@src/cocos2d-jsb.js:22958
[1]activateNode@src/cocos2d-jsb.js:23007
[2]_activate@src/cocos2d-jsb.js:9152
[3]runSceneImmediate@src/cocos2d-jsb.js:7074
[4]anonymous@main.js:53
[5]anonymous@src/cocos2d-jsb.js:25672
[6]anonymous@src/cocos2d-jsb.js:20934
[7]anonymous@src/cocos2d-jsb.js:30249
[8]fireTimeout@jsb-adapter/jsb-builtin.js:2033
[9]tick@jsb-adapter/jsb-builtin.js:1995
[ERROR] (/Users/nantas/fireball-x/cocos2d-x-lite_20_release/cocos/scripting/js-bindings/jswrapper/v8/Object.cpp, 534): Invoking function (0x7f9a91525430) failed!
    at HTMLElement.print-simulator-log (/Applications/CocosCreator.app/Contents/Resources/app.asar/editor/builtin/scene/panel/messages/scene.js:1:1501)
    at Object.e._dispatch (/Applications/CocosCreator.app/Contents/Resources/app.asar/editor-framework/lib/renderer/panel.js:1:1941)
    at EventEmitter.o.on.s (/Applications/CocosCreator.app/Contents/Resources/app.asar/editor-framework/lib/renderer/ipc.js:1:2917)
    at emitMany (events.js:127:13)
    at EventEmitter.emit (events.js:204:7)
2019-05-04T14:42:57.624Z - error: Simulator: ERROR: Uncaught TypeError: Cannot read property 'length' of null, location: src/cocos2d-jsb.js:0:0
STACK:
[0]_activateNodeRecursively@src/cocos2d-jsb.js:22958
[1]activateNode@src/cocos2d-jsb.js:23007
[2]_activate@src/cocos2d-jsb.js:9152
[3]runSceneImmediate@src/cocos2d-jsb.js:7074
[4]anonymous@main.js:53
[5]anonymous@src/cocos2d-jsb.js:25672
[6]anonymous@src/cocos2d-jsb.js:20934
[7]anonymous@src/cocos2d-jsb.js:30249
[8]fireTimeout@jsb-adapter/jsb-builtin.js:2033
[9]tick@jsb-adapter/jsb-builtin.js:1995
[ERROR] (/Users/nantas/fireball-x/cocos2d-x-lite_20_release/cocos/scripting/js-bindings/jswrapper/v8/Object.cpp, 534): Invoking function (0x7f9a91525430) failed!
    at HTMLElement.print-simulator-log (/Applications/CocosCreator.app/Contents/Resources/app.asar/editor/builtin/scene/panel/messages/scene.js:1:1501)
    at Object.e._dispatch (/Applications/CocosCreator.app/Contents/Resources/app.asar/editor-framework/lib/renderer/panel.js:1:1941)
    at EventEmitter.o.on.s (/Applications/CocosCreator.app/Contents/Resources/app.asar/editor-framework/lib/renderer/ipc.js:1:2917)
    at emitMany (events.js:127:13)
    at EventEmitter.emit (events.js:204:7)
2019-05-04T14:42:57.641Z - error: Simulator: ERROR: Uncaught TypeError: Cannot read property 'length' of null, location: src/cocos2d-jsb.js:0:0
STACK:
[0]_activateNodeRecursively@src/cocos2d-jsb.js:22958
[1]activateNode@src/cocos2d-jsb.js:23007
[2]_activate@src/cocos2d-jsb.js:9152
[3]runSceneImmediate@src/cocos2d-jsb.js:7074
[4]anonymous@main.js:53
[5]anonymous@src/cocos2d-jsb.js:25672
[6]anonymous@src/cocos2d-jsb.js:20934
[7]anonymous@src/cocos2d-jsb.js:30249
[8]fireTimeout@jsb-adapter/jsb-builtin.js:2033
[9]tick@jsb-adapter/jsb-builtin.js:1995
[ERROR] (/Users/nantas/fireball-x/cocos2d-x-lite_20_release/cocos/scripting/js-bindings/jswrapper/v8/Object.cpp, 534): Invoking function (0x7f9a91525430) failed!
    at HTMLElement.print-simulator-log (/Applications/CocosCreator.app/Contents/Resources/app.asar/editor/builtin/scene/panel/messages/scene.js:1:1501)
    at Object.e._dispatch (/Applications/CocosCreator.app/Contents/Resources/app.asar/editor-framework/lib/renderer/panel.js:1:1941)
    at EventEmitter.o.on.s (/Applications/CocosCreator.app/Contents/Resources/app.asar/editor-framework/lib/renderer/ipc.js:1:2917)
    at emitMany (events.js:127:13)
    at EventEmitter.emit (events.js:204:7)
2019-05-04T14:42:57.658Z - error: Simulator: ERROR: Uncaught TypeError: Cannot read property 'length' of null, location: src/cocos2d-jsb.js:0:0
STACK:
[0]_activateNodeRecursively@src/cocos2d-jsb.js:22958
[1]activateNode@src/cocos2d-jsb.js:23007
[2]_activate@src/cocos2d-jsb.js:9152
[3]runSceneImmediate@src/cocos2d-jsb.js:7074
[4]anonymous@main.js:53
[5]anonymous@src/cocos2d-jsb.js:25672
[6]anonymous@src/cocos2d-jsb.js:20934
[7]anonymous@src/cocos2d-jsb.js:30249
[8]fireTimeout@jsb-adapter/jsb-builtin.js:2033
[9]tick@jsb-adapter/jsb-builtin.js:1995
[ERROR] (/Users/nantas/fireball-x/cocos2d-x-lite_20_release/cocos/scripting/js-bindings/jswrapper/v8/Object.cpp, 534): Invoking function (0x7f9a91525430) failed!
    at HTMLElement.print-simulator-log (/Applications/CocosCreator.app/Contents/Resources/app.asar/editor/builtin/scene/panel/messages/scene.js:1:1501)
    at Object.e._dispatch (/Applications/CocosCreator.app/Contents/Resources/app.asar/editor-framework/lib/renderer/panel.js:1:1941)
    at EventEmitter.o.on.s (/Applications/CocosCreator.app/Contents/Resources/app.asar/editor-framework/lib/renderer/ipc.js:1:2917)
    at emitMany (events.js:127:13)
    at EventEmitter.emit (events.js:204:7)
2019-05-04T14:42:57.674Z - error: Simulator: ERROR: Uncaught TypeError: Cannot read property 'length' of null, location: src/cocos2d-jsb.js:0:0
STACK:
[0]_activateNodeRecursively@src/cocos2d-jsb.js:22958
[1]activateNode@src/cocos2d-jsb.js:23007
[2]_activate@src/cocos2d-jsb.js:9152
[3]runSceneImmediate@src/cocos2d-jsb.js:7074
[4]anonymous@main.js:53
[5]anonymous@src/cocos2d-jsb.js:25672
[6]anonymous@src/cocos2d-jsb.js:20934
[7]anonymous@src/cocos2d-jsb.js:30249
[8]fireTimeout@jsb-adapter/jsb-builtin.js:2033
[9]tick@jsb-adapter/jsb-builtin.js:1995
[ERROR] (/Users/nantas/fireball-x/cocos2d-x-lite_20_release/cocos/scripting/js-bindings/jswrapper/v8/Object.cpp, 534): Invoking function (0x7f9a91525430) failed!
    at HTMLElement.print-simulator-log (/Applications/CocosCreator.app/Contents/Resources/app.asar/editor/builtin/scene/panel/messages/scene.js:1:1501)
    at Object.e._dispatch (/Applications/CocosCreator.app/Contents/Resources/app.asar/editor-framework/lib/renderer/panel.js:1:1941)
    at EventEmitter.o.on.s (/Applications/CocosCreator.app/Contents/Resources/app.asar/editor-framework/lib/renderer/ipc.js:1:2917)
    at emitMany (events.js:127:13)
    at EventEmitter.emit (events.js:204:7)
2019-05-04T14:42:57.691Z - error: Simulator: ERROR: Uncaught TypeError: Cannot read property 'length' of null, location: src/cocos2d-jsb.js:0:0
STACK:
[0]_activateNodeRecursively@src/cocos2d-jsb.js:22958
[1]activateNode@src/cocos2d-jsb.js:23007
[2]_activate@src/cocos2d-jsb.js:9152
[3]runSceneImmediate@src/cocos2d-jsb.js:7074
[4]anonymous@main.js:53
[5]anonymous@src/cocos2d-jsb.js:25672
[6]anonymous@src/cocos2d-jsb.js:20934
[7]anonymous@src/cocos2d-jsb.js:30249
[8]fireTimeout@jsb-adapter/jsb-builtin.js:2033
[9]tick@jsb-adapter/jsb-builtin.js:1995
[ERROR] (/Users/nantas/fireball-x/cocos2d-x-lite_20_release/cocos/scripting/js-bindings/jswrapper/v8/Object.cpp, 534): Invoking function (0x7f9a91525430) failed!
    at HTMLElement.print-simulator-log (/Applications/CocosCreator.app/Contents/Resources/app.asar/editor/builtin/scene/panel/messages/scene.js:1:1501)
    at Object.e._dispatch (/Applications/CocosCreator.app/Contents/Resources/app.asar/editor-framework/lib/renderer/panel.js:1:1941)
    at EventEmitter.o.on.s (/Applications/CocosCreator.app/Contents/Resources/app.asar/editor-framework/lib/renderer/ipc.js:1:2917)
    at emitMany (events.js:127:13)
    at EventEmitter.emit (events.js:204:7)
2019-05-04T14:42:57.709Z - error: Simulator: ERROR: Uncaught TypeError: Cannot read property 'length' of null, location: src/cocos2d-jsb.js:0:0
STACK:
[0]_activateNodeRecursively@src/cocos2d-jsb.js:22958
[1]activateNode@src/cocos2d-jsb.js:23007
[2]_activate@src/cocos2d-jsb.js:9152
[3]runSceneImmediate@src/cocos2d-jsb.js:7074
[4]anonymous@main.js:53
[5]anonymous@src/cocos2d-jsb.js:25672
[6]anonymous@src/cocos2d-jsb.js:20934
[7]anonymous@src/cocos2d-jsb.js:30249
[8]fireTimeout@jsb-adapter/jsb-builtin.js:2033
[9]tick@jsb-adapter/jsb-builtin.js:1995
[ERROR] (/Users/nantas/fireball-x/cocos2d-x-lite_20_release/cocos/scripting/js-bindings/jswrapper/v8/Object.cpp, 534): Invoking function (0x7f9a91525430) failed!
    at HTMLElement.print-simulator-log (/Applications/CocosCreator.app/Contents/Resources/app.asar/editor/builtin/scene/panel/messages/scene.js:1:1501)
    at Object.e._dispatch (/Applications/CocosCreator.app/Contents/Resources/app.asar/editor-framework/lib/renderer/panel.js:1:1941)
    at EventEmitter.o.on.s (/Applications/CocosCreator.app/Contents/Resources/app.asar/editor-framework/lib/renderer/ipc.js:1:2917)
    at emitMany (events.js:127:13)
    at EventEmitter.emit (events.js:204:7)
2019-05-04T14:42:57.725Z - error: Simulator: ERROR: Uncaught TypeError: Cannot read property 'length' of null, location: src/cocos2d-jsb.js:0:0
STACK:
[0]_activateNodeRecursively@src/cocos2d-jsb.js:22958
[1]activateNode@src/cocos2d-jsb.js:23007
[2]_activate@src/cocos2d-jsb.js:9152
[3]runSceneImmediate@src/cocos2d-jsb.js:7074
[4]anonymous@main.js:53
[5]anonymous@src/cocos2d-jsb.js:25672
[6]anonymous@src/cocos2d-jsb.js:20934
[7]anonymous@src/cocos2d-jsb.js:30249
[8]fireTimeout@jsb-adapter/jsb-builtin.js:2033
[9]tick@jsb-adapter/jsb-builtin.js:1995
[ERROR] (/Users/nantas/fireball-x/cocos2d-x-lite_20_release/cocos/scripting/js-bindings/jswrapper/v8/Object.cpp, 534): Invoking function (0x7f9a91525430) failed!
    at HTMLElement.print-simulator-log (/Applications/CocosCreator.app/Contents/Resources/app.asar/editor/builtin/scene/panel/messages/scene.js:1:1501)
    at Object.e._dispatch (/Applications/CocosCreator.app/Contents/Resources/app.asar/editor-framework/lib/renderer/panel.js:1:1941)
    at EventEmitter.o.on.s (/Applications/CocosCreator.app/Contents/Resources/app.asar/editor-framework/lib/renderer/ipc.js:1:2917)
    at emitMany (events.js:127:13)
    at EventEmitter.emit (events.js:204:7)
2019-05-04T14:42:57.741Z - error: Simulator: ERROR: Uncaught TypeError: Cannot read property 'length' of null, location: src/cocos2d-jsb.js:0:0
STACK:
[0]_activateNodeRecursively@src/cocos2d-jsb.js:22958
[1]activateNode@src/cocos2d-jsb.js:23007
[2]_activate@src/cocos2d-jsb.js:9152
[3]runSceneImmediate@src/cocos2d-jsb.js:7074
[4]anonymous@main.js:53
[5]anonymous@src/cocos2d-jsb.js:25672
[6]anonymous@src/cocos2d-jsb.js:20934
[7]anonymous@src/cocos2d-jsb.js:30249
[8]fireTimeout@jsb-adapter/jsb-builtin.js:2033
[9]tick@jsb-adapter/jsb-builtin.js:1995
[ERROR] (/Users/nantas/fireball-x/cocos2d-x-lite_20_release/cocos/scripting/js-bindings/jswrapper/v8/Object.cpp, 534): Invoking function (0x7f9a91525430) failed!
    at HTMLElement.print-simulator-log (/Applications/CocosCreator.app/Contents/Resources/app.asar/editor/builtin/scene/panel/messages/scene.js:1:1501)
    at Object.e._dispatch (/Applications/CocosCreator.app/Contents/Resources/app.asar/editor-framework/lib/renderer/panel.js:1:1941)
    at EventEmitter.o.on.s (/Applications/CocosCreator.app/Contents/Resources/app.asar/editor-framework/lib/renderer/ipc.js:1:2917)
    at emitMany (events.js:127:13)
    at EventEmitter.emit (events.js:204:7)
2019-05-04T14:42:57.758Z - error: Simulator: ERROR: Uncaught TypeError: Cannot read property 'length' of null, location: src/cocos2d-jsb.js:0:0
STACK:
[0]_activateNodeRecursively@src/cocos2d-jsb.js:22958
[1]activateNode@src/cocos2d-jsb.js:23007
[2]_activate@src/cocos2d-jsb.js:9152
[3]runSceneImmediate@src/cocos2d-jsb.js:7074
[4]anonymous@main.js:53
[5]anonymous@src/cocos2d-jsb.js:25672
[6]anonymous@src/cocos2d-jsb.js:20934
[7]anonymous@src/cocos2d-jsb.js:30249
[8]fireTimeout@jsb-adapter/jsb-builtin.js:2033
[9]tick@jsb-adapter/jsb-builtin.js:1995
[ERROR] (/Users/nantas/fireball-x/cocos2d-x-lite_20_release/cocos/scripting/js-bindings/jswrapper/v8/Object.cpp, 534): Invoking function (0x7f9a91525430) failed!
    at HTMLElement.print-simulator-log (/Applications/CocosCreator.app/Contents/Resources/app.asar/editor/builtin/scene/panel/messages/scene.js:1:1501)
    at Object.e._dispatch (/Applications/CocosCreator.app/Contents/Resources/app.asar/editor-framework/lib/renderer/panel.js:1:1941)
    at EventEmitter.o.on.s (/Applications/CocosCreator.app/Contents/Resources/app.asar/editor-framework/lib/renderer/ipc.js:1:2917)
    at emitMany (events.js:127:13)
    at EventEmitter.emit (events.js:204:7)
2019-05-04T14:42:57.774Z - error: Simulator: ERROR: Uncaught TypeError: Cannot read property 'length' of null, location: src/cocos2d-jsb.js:0:0
STACK:
[0]_activateNodeRecursively@src/cocos2d-jsb.js:22958
[1]activateNode@src/cocos2d-jsb.js:23007
[2]_activate@src/cocos2d-jsb.js:9152
[3]runSceneImmediate@src/cocos2d-jsb.js:7074
[4]anonymous@main.js:53
[5]anonymous@src/cocos2d-jsb.js:25672
[6]anonymous@src/cocos2d-jsb.js:20934
[7]anonymous@src/cocos2d-jsb.js:30249
[8]fireTimeout@jsb-adapter/jsb-builtin.js:2033
[9]tick@jsb-adapter/jsb-builtin.js:1995
[ERROR] (/Users/nantas/fireball-x/cocos2d-x-lite_20_release/cocos/scripting/js-bindings/jswrapper/v8/Object.cpp, 534): Invoking function (0x7f9a91525430) failed!
    at HTMLElement.print-simulator-log (/Applications/CocosCreator.app/Contents/Resources/app.asar/editor/builtin/scene/panel/messages/scene.js:1:1501)
    at Object.e._dispatch (/Applications/CocosCreator.app/Contents/Resources/app.asar/editor-framework/lib/renderer/panel.js:1:1941)
    at EventEmitter.o.on.s (/Applications/CocosCreator.app/Contents/Resources/app.asar/editor-framework/lib/renderer/ipc.js:1:2917)
    at emitMany (events.js:127:13)
    at EventEmitter.emit (events.js:204:7)
2019-05-04T14:42:57.791Z - error: Simulator: ERROR: Uncaught TypeError: Cannot read property 'length' of null, location: src/cocos2d-jsb.js:0:0
STACK:
[0]_activateNodeRecursively@src/cocos2d-jsb.js:22958
[1]activateNode@src/cocos2d-jsb.js:23007
[2]_activate@src/cocos2d-jsb.js:9152
[3]runSceneImmediate@src/cocos2d-jsb.js:7074
[4]anonymous@main.js:53
[5]anonymous@src/cocos2d-jsb.js:25672
[6]anonymous@src/cocos2d-jsb.js:20934
[7]anonymous@src/cocos2d-jsb.js:30249
[8]fireTimeout@jsb-adapter/jsb-builtin.js:2033
[9]tick@jsb-adapter/jsb-builtin.js:1995
[ERROR] (/Users/nantas/fireball-x/cocos2d-x-lite_20_release/cocos/scripting/js-bindings/jswrapper/v8/Object.cpp, 534): Invoking function (0x7f9a91525430) failed!
    at HTMLElement.print-simulator-log (/Applications/CocosCreator.app/Contents/Resources/app.asar/editor/builtin/scene/panel/messages/scene.js:1:1501)
    at Object.e._dispatch (/Applications/CocosCreator.app/Contents/Resources/app.asar/editor-framework/lib/renderer/panel.js:1:1941)
    at EventEmitter.o.on.s (/Applications/CocosCreator.app/Contents/Resources/app.asar/editor-framework/lib/renderer/ipc.js:1:2917)
    at emitMany (events.js:127:13)
    at EventEmitter.emit (events.js:204:7)
2019-05-04T14:42:57.808Z - error: Simulator: ERROR: Uncaught TypeError: Cannot read property 'length' of null, location: src/cocos2d-jsb.js:0:0
STACK:
[0]_activateNodeRecursively@src/cocos2d-jsb.js:22958
[1]activateNode@src/cocos2d-jsb.js:23007
[2]_activate@src/cocos2d-jsb.js:9152
[3]runSceneImmediate@src/cocos2d-jsb.js:7074
[4]anonymous@main.js:53
[5]anonymous@src/cocos2d-jsb.js:25672
[6]anonymous@src/cocos2d-jsb.js:20934
[7]anonymous@src/cocos2d-jsb.js:30249
[8]fireTimeout@jsb-adapter/jsb-builtin.js:2033
[9]tick@jsb-adapter/jsb-builtin.js:1995
[ERROR] (/Users/nantas/fireball-x/cocos2d-x-lite_20_release/cocos/scripting/js-bindings/jswrapper/v8/Object.cpp, 534): Invoking function (0x7f9a91525430) failed!
    at HTMLElement.print-simulator-log (/Applications/CocosCreator.app/Contents/Resources/app.asar/editor/builtin/scene/panel/messages/scene.js:1:1501)
    at Object.e._dispatch (/Applications/CocosCreator.app/Contents/Resources/app.asar/editor-framework/lib/renderer/panel.js:1:1941)
    at EventEmitter.o.on.s (/Applications/CocosCreator.app/Contents/Resources/app.asar/editor-framework/lib/renderer/ipc.js:1:2917)
    at emitMany (events.js:127:13)
    at EventEmitter.emit (events.js:204:7)
2019-05-04T14:42:57.825Z - error: Simulator: ERROR: Uncaught TypeError: Cannot read property 'length' of null, location: src/cocos2d-jsb.js:0:0
STACK:
[0]_activateNodeRecursively@src/cocos2d-jsb.js:22958
[1]activateNode@src/cocos2d-jsb.js:23007
[2]_activate@src/cocos2d-jsb.js:9152
[3]runSceneImmediate@src/cocos2d-jsb.js:7074
[4]anonymous@main.js:53
[5]anonymous@src/cocos2d-jsb.js:25672
[6]anonymous@src/cocos2d-jsb.js:20934
[7]anonymous@src/cocos2d-jsb.js:30249
[8]fireTimeout@jsb-adapter/jsb-builtin.js:2033
[9]tick@jsb-adapter/jsb-builtin.js:1995
[ERROR] (/Users/nantas/fireball-x/cocos2d-x-lite_20_release/cocos/scripting/js-bindings/jswrapper/v8/Object.cpp, 534): Invoking function (0x7f9a91525430) failed!
    at HTMLElement.print-simulator-log (/Applications/CocosCreator.app/Contents/Resources/app.asar/editor/builtin/scene/panel/messages/scene.js:1:1501)
    at Object.e._dispatch (/Applications/CocosCreator.app/Contents/Resources/app.asar/editor-framework/lib/renderer/panel.js:1:1941)
    at EventEmitter.o.on.s (/Applications/CocosCreator.app/Contents/Resources/app.asar/editor-framework/lib/renderer/ipc.js:1:2917)
    at emitMany (events.js:127:13)
    at EventEmitter.emit (events.js:204:7)
2019-05-04T14:42:57.845Z - error: Simulator: ERROR: Uncaught TypeError: Cannot read property 'length' of null, location: src/cocos2d-jsb.js:0:0
STACK:
[0]_activateNodeRecursively@src/cocos2d-jsb.js:22958
[1]activateNode@src/cocos2d-jsb.js:23007
[2]_activate@src/cocos2d-jsb.js:9152
[3]runSceneImmediate@src/cocos2d-jsb.js:7074
[4]anonymous@main.js:53
[5]anonymous@src/cocos2d-jsb.js:25672
[6]anonymous@src/cocos2d-jsb.js:20934
[7]anonymous@src/cocos2d-jsb.js:30249
[8]fireTimeout@jsb-adapter/jsb-builtin.js:2033
[9]tick@jsb-adapter/jsb-builtin.js:1995
[ERROR] (/Users/nantas/fireball-x/cocos2d-x-lite_20_release/cocos/scripting/js-bindings/jswrapper/v8/Object.cpp, 534): Invoking function (0x7f9a91525430) failed!
    at HTMLElement.print-simulator-log (/Applications/CocosCreator.app/Contents/Resources/app.asar/editor/builtin/scene/panel/messages/scene.js:1:1501)
    at Object.e._dispatch (/Applications/CocosCreator.app/Contents/Resources/app.asar/editor-framework/lib/renderer/panel.js:1:1941)
    at EventEmitter.o.on.s (/Applications/CocosCreator.app/Contents/Resources/app.asar/editor-framework/lib/renderer/ipc.js:1:2917)
    at emitMany (events.js:127:13)
    at EventEmitter.emit (events.js:204:7)
2019-05-04T14:42:57.858Z - error: Simulator: ERROR: Uncaught TypeError: Cannot read property 'length' of null, location: src/cocos2d-jsb.js:0:0
STACK:
[0]_activateNodeRecursively@src/cocos2d-jsb.js:22958
[1]activateNode@src/cocos2d-jsb.js:23007
[2]_activate@src/cocos2d-jsb.js:9152
[3]runSceneImmediate@src/cocos2d-jsb.js:7074
[4]anonymous@main.js:53
[5]anonymous@src/cocos2d-jsb.js:25672
[6]anonymous@src/cocos2d-jsb.js:20934
[7]anonymous@src/cocos2d-jsb.js:30249
[8]fireTimeout@jsb-adapter/jsb-builtin.js:2033
[9]tick@jsb-adapter/jsb-builtin.js:1995
[ERROR] (/Users/nantas/fireball-x/cocos2d-x-lite_20_release/cocos/scripting/js-bindings/jswrapper/v8/Object.cpp, 534): Invoking function (0x7f9a91525430) failed!
    at HTMLElement.print-simulator-log (/Applications/CocosCreator.app/Contents/Resources/app.asar/editor/builtin/scene/panel/messages/scene.js:1:1501)
    at Object.e._dispatch (/Applications/CocosCreator.app/Contents/Resources/app.asar/editor-framework/lib/renderer/panel.js:1:1941)
    at EventEmitter.o.on.s (/Applications/CocosCreator.app/Contents/Resources/app.asar/editor-framework/lib/renderer/ipc.js:1:2917)
    at emitMany (events.js:127:13)
    at EventEmitter.emit (events.js:204:7)
2019-05-04T14:42:57.875Z - error: Simulator: ERROR: Uncaught TypeError: Cannot read property 'length' of null, location: src/cocos2d-jsb.js:0:0
STACK:
[0]_activateNodeRecursively@src/cocos2d-jsb.js:22958
[1]activateNode@src/cocos2d-jsb.js:23007
[2]_activate@src/cocos2d-jsb.js:9152
[3]runSceneImmediate@src/cocos2d-jsb.js:7074
[4]anonymous@main.js:53
[5]anonymous@src/cocos2d-jsb.js:25672
[6]anonymous@src/cocos2d-jsb.js:20934
[7]anonymous@src/cocos2d-jsb.js:30249
[8]fireTimeout@jsb-adapter/jsb-builtin.js:2033
[9]tick@jsb-adapter/jsb-builtin.js:1995
[ERROR] (/Users/nantas/fireball-x/cocos2d-x-lite_20_release/cocos/scripting/js-bindings/jswrapper/v8/Object.cpp, 534): Invoking function (0x7f9a91525430) failed!
    at HTMLElement.print-simulator-log (/Applications/CocosCreator.app/Contents/Resources/app.asar/editor/builtin/scene/panel/messages/scene.js:1:1501)
    at Object.e._dispatch (/Applications/CocosCreator.app/Contents/Resources/app.asar/editor-framework/lib/renderer/panel.js:1:1941)
    at EventEmitter.o.on.s (/Applications/CocosCreator.app/Contents/Resources/app.asar/editor-framework/lib/renderer/ipc.js:1:2917)
    at emitMany (events.js:127:13)
    at EventEmitter.emit (events.js:204:7)
2019-05-04T14:42:57.891Z - error: Simulator: ERROR: Uncaught TypeError: Cannot read property 'length' of null, location: src/cocos2d-jsb.js:0:0
STACK:
[0]_activateNodeRecursively@src/cocos2d-jsb.js:22958
[1]activateNode@src/cocos2d-jsb.js:23007
[2]_activate@src/cocos2d-jsb.js:9152
[3]runSceneImmediate@src/cocos2d-jsb.js:7074
[4]anonymous@main.js:53
[5]anonymous@src/cocos2d-jsb.js:25672
[6]anonymous@src/cocos2d-jsb.js:20934
[7]anonymous@src/cocos2d-jsb.js:30249
[8]fireTimeout@jsb-adapter/jsb-builtin.js:2033
[9]tick@jsb-adapter/jsb-builtin.js:1995
[ERROR] (/Users/nantas/fireball-x/cocos2d-x-lite_20_release/cocos/scripting/js-bindings/jswrapper/v8/Object.cpp, 534): Invoking function (0x7f9a91525430) failed!
    at HTMLElement.print-simulator-log (/Applications/CocosCreator.app/Contents/Resources/app.asar/editor/builtin/scene/panel/messages/scene.js:1:1501)
    at Object.e._dispatch (/Applications/CocosCreator.app/Contents/Resources/app.asar/editor-framework/lib/renderer/panel.js:1:1941)
    at EventEmitter.o.on.s (/Applications/CocosCreator.app/Contents/Resources/app.asar/editor-framework/lib/renderer/ipc.js:1:2917)
    at emitMany (events.js:127:13)
    at EventEmitter.emit (events.js:204:7)
2019-05-04T14:42:57.908Z - error: Simulator: ERROR: Uncaught TypeError: Cannot read property 'length' of null, location: src/cocos2d-jsb.js:0:0
STACK:
[0]_activateNodeRecursively@src/cocos2d-jsb.js:22958
[1]activateNode@src/cocos2d-jsb.js:23007
[2]_activate@src/cocos2d-jsb.js:9152
[3]runSceneImmediate@src/cocos2d-jsb.js:7074
[4]anonymous@main.js:53
[5]anonymous@src/cocos2d-jsb.js:25672
[6]anonymous@src/cocos2d-jsb.js:20934
[7]anonymous@src/cocos2d-jsb.js:30249
[8]fireTimeout@jsb-adapter/jsb-builtin.js:2033
[9]tick@jsb-adapter/jsb-builtin.js:1995
[ERROR] (/Users/nantas/fireball-x/cocos2d-x-lite_20_release/cocos/scripting/js-bindings/jswrapper/v8/Object.cpp, 534): Invoking function (0x7f9a91525430) failed!
    at HTMLElement.print-simulator-log (/Applications/CocosCreator.app/Contents/Resources/app.asar/editor/builtin/scene/panel/messages/scene.js:1:1501)
    at Object.e._dispatch (/Applications/CocosCreator.app/Contents/Resources/app.asar/editor-framework/lib/renderer/panel.js:1:1941)
    at EventEmitter.o.on.s (/Applications/CocosCreator.app/Contents/Resources/app.asar/editor-framework/lib/renderer/ipc.js:1:2917)
    at emitMany (events.js:127:13)
    at EventEmitter.emit (events.js:204:7)
2019-05-04T14:42:57.924Z - error: Simulator: ERROR: Uncaught TypeError: Cannot read property 'length' of null, location: src/cocos2d-jsb.js:0:0
STACK:
[0]_activateNodeRecursively@src/cocos2d-jsb.js:22958
[1]activateNode@src/cocos2d-jsb.js:23007
[2]_activate@src/cocos2d-jsb.js:9152
[3]runSceneImmediate@src/cocos2d-jsb.js:7074
[4]anonymous@main.js:53
[5]anonymous@src/cocos2d-jsb.js:25672
[6]anonymous@src/cocos2d-jsb.js:20934
[7]anonymous@src/cocos2d-jsb.js:30249
[8]fireTimeout@jsb-adapter/jsb-builtin.js:2033
[9]tick@jsb-adapter/jsb-builtin.js:1995
[ERROR] (/Users/nantas/fireball-x/cocos2d-x-lite_20_release/cocos/scripting/js-bindings/jswrapper/v8/Object.cpp, 534): Invoking function (0x7f9a91525430) failed!
    at HTMLElement.print-simulator-log (/Applications/CocosCreator.app/Contents/Resources/app.asar/editor/builtin/scene/panel/messages/scene.js:1:1501)
    at Object.e._dispatch (/Applications/CocosCreator.app/Contents/Resources/app.asar/editor-framework/lib/renderer/panel.js:1:1941)
    at EventEmitter.o.on.s (/Applications/CocosCreator.app/Contents/Resources/app.asar/editor-framework/lib/renderer/ipc.js:1:2917)
    at emitMany (events.js:127:13)
    at EventEmitter.emit (events.js:204:7)
2019-05-04T14:42:57.941Z - error: Simulator: ERROR: Uncaught TypeError: Cannot read property 'length' of null, location: src/cocos2d-jsb.js:0:0
STACK:
[0]_activateNodeRecursively@src/cocos2d-jsb.js:22958
[1]activateNode@src/cocos2d-jsb.js:23007
[2]_activate@src/cocos2d-jsb.js:9152
[3]runSceneImmediate@src/cocos2d-jsb.js:7074
[4]anonymous@main.js:53
[5]anonymous@src/cocos2d-jsb.js:25672
[6]anonymous@src/cocos2d-jsb.js:20934
[7]anonymous@src/cocos2d-jsb.js:30249
[8]fireTimeout@jsb-adapter/jsb-builtin.js:2033
[9]tick@jsb-adapter/jsb-builtin.js:1995
[ERROR] (/Users/nantas/fireball-x/cocos2d-x-lite_20_release/cocos/scripting/js-bindings/jswrapper/v8/Object.cpp, 534): Invoking function (0x7f9a91525430) failed!
    at HTMLElement.print-simulator-log (/Applications/CocosCreator.app/Contents/Resources/app.asar/editor/builtin/scene/panel/messages/scene.js:1:1501)
    at Object.e._dispatch (/Applications/CocosCreator.app/Contents/Resources/app.asar/editor-framework/lib/renderer/panel.js:1:1941)
    at EventEmitter.o.on.s (/Applications/CocosCreator.app/Contents/Resources/app.asar/editor-framework/lib/renderer/ipc.js:1:2917)
    at emitMany (events.js:127:13)
    at EventEmitter.emit (events.js:204:7)
2019-05-04T14:42:57.958Z - error: Simulator: ERROR: Uncaught TypeError: Cannot read property 'length' of null, location: src/cocos2d-jsb.js:0:0
STACK:
[0]_activateNodeRecursively@src/cocos2d-jsb.js:22958
[1]activateNode@src/cocos2d-jsb.js:23007
[2]_activate@src/cocos2d-jsb.js:9152
[3]runSceneImmediate@src/cocos2d-jsb.js:7074
[4]anonymous@main.js:53
[5]anonymous@src/cocos2d-jsb.js:25672
[6]anonymous@src/cocos2d-jsb.js:20934
[7]anonymous@src/cocos2d-jsb.js:30249
[8]fireTimeout@jsb-adapter/jsb-builtin.js:2033
[9]tick@jsb-adapter/jsb-builtin.js:1995
[ERROR] (/Users/nantas/fireball-x/cocos2d-x-lite_20_release/cocos/scripting/js-bindings/jswrapper/v8/Object.cpp, 534): Invoking function (0x7f9a91525430) failed!
    at HTMLElement.print-simulator-log (/Applications/CocosCreator.app/Contents/Resources/app.asar/editor/builtin/scene/panel/messages/scene.js:1:1501)
    at Object.e._dispatch (/Applications/CocosCreator.app/Contents/Resources/app.asar/editor-framework/lib/renderer/panel.js:1:1941)
    at EventEmitter.o.on.s (/Applications/CocosCreator.app/Contents/Resources/app.asar/editor-framework/lib/renderer/ipc.js:1:2917)
    at emitMany (events.js:127:13)
    at EventEmitter.emit (events.js:204:7)
2019-05-04T14:42:57.975Z - error: Simulator: ERROR: Uncaught TypeError: Cannot read property 'length' of null, location: src/cocos2d-jsb.js:0:0
STACK:
[0]_activateNodeRecursively@src/cocos2d-jsb.js:22958
[1]activateNode@src/cocos2d-jsb.js:23007
[2]_activate@src/cocos2d-jsb.js:9152
[3]runSceneImmediate@src/cocos2d-jsb.js:7074
[4]anonymous@main.js:53
[5]anonymous@src/cocos2d-jsb.js:25672
[6]anonymous@src/cocos2d-jsb.js:20934
[7]anonymous@src/cocos2d-jsb.js:30249
[8]fireTimeout@jsb-adapter/jsb-builtin.js:2033
[9]tick@jsb-adapter/jsb-builtin.js:1995
[ERROR] (/Users/nantas/fireball-x/cocos2d-x-lite_20_release/cocos/scripting/js-bindings/jswrapper/v8/Object.cpp, 534): Invoking function (0x7f9a91525430) failed!
    at HTMLElement.print-simulator-log (/Applications/CocosCreator.app/Contents/Resources/app.asar/editor/builtin/scene/panel/messages/scene.js:1:1501)
    at Object.e._dispatch (/Applications/CocosCreator.app/Contents/Resources/app.asar/editor-framework/lib/renderer/panel.js:1:1941)
    at EventEmitter.o.on.s (/Applications/CocosCreator.app/Contents/Resources/app.asar/editor-framework/lib/renderer/ipc.js:1:2917)
    at emitMany (events.js:127:13)
    at EventEmitter.emit (events.js:204:7)
2019-05-04T14:42:57.991Z - error: Simulator: ERROR: Uncaught TypeError: Cannot read property 'length' of null, location: src/cocos2d-jsb.js:0:0
STACK:
[0]_activateNodeRecursively@src/cocos2d-jsb.js:22958
[1]activateNode@src/cocos2d-jsb.js:23007
[2]_activate@src/cocos2d-jsb.js:9152
[3]runSceneImmediate@src/cocos2d-jsb.js:7074
[4]anonymous@main.js:53
[5]anonymous@src/cocos2d-jsb.js:25672
[6]anonymous@src/cocos2d-jsb.js:20934
[7]anonymous@src/cocos2d-jsb.js:30249
[8]fireTimeout@jsb-adapter/jsb-builtin.js:2033
[9]tick@jsb-adapter/jsb-builtin.js:1995
[ERROR] (/Users/nantas/fireball-x/cocos2d-x-lite_20_release/cocos/scripting/js-bindings/jswrapper/v8/Object.cpp, 534): Invoking function (0x7f9a91525430) failed!
    at HTMLElement.print-simulator-log (/Applications/CocosCreator.app/Contents/Resources/app.asar/editor/builtin/scene/panel/messages/scene.js:1:1501)
    at Object.e._dispatch (/Applications/CocosCreator.app/Contents/Resources/app.asar/editor-framework/lib/renderer/panel.js:1:1941)
    at EventEmitter.o.on.s (/Applications/CocosCreator.app/Contents/Resources/app.asar/editor-framework/lib/renderer/ipc.js:1:2917)
    at emitMany (events.js:127:13)
    at EventEmitter.emit (events.js:204:7)
2019-05-04T14:42:58.009Z - error: Simulator: ERROR: Uncaught TypeError: Cannot read property 'length' of null, location: src/cocos2d-jsb.js:0:0
STACK:
[0]_activateNodeRecursively@src/cocos2d-jsb.js:22958
[1]activateNode@src/cocos2d-jsb.js:23007
[2]_activate@src/cocos2d-jsb.js:9152
[3]runSceneImmediate@src/cocos2d-jsb.js:7074
[4]anonymous@main.js:53
[5]anonymous@src/cocos2d-jsb.js:25672
[6]anonymous@src/cocos2d-jsb.js:20934
[7]anonymous@src/cocos2d-jsb.js:30249
[8]fireTimeout@jsb-adapter/jsb-builtin.js:2033
[9]tick@jsb-adapter/jsb-builtin.js:1995
[ERROR] (/Users/nantas/fireball-x/cocos2d-x-lite_20_release/cocos/scripting/js-bindings/jswrapper/v8/Object.cpp, 534): Invoking function (0x7f9a91525430) failed!
    at HTMLElement.print-simulator-log (/Applications/CocosCreator.app/Contents/Resources/app.asar/editor/builtin/scene/panel/messages/scene.js:1:1501)
    at Object.e._dispatch (/Applications/CocosCreator.app/Contents/Resources/app.asar/editor-framework/lib/renderer/panel.js:1:1941)
    at EventEmitter.o.on.s (/Applications/CocosCreator.app/Contents/Resources/app.asar/editor-framework/lib/renderer/ipc.js:1:2917)
    at emitMany (events.js:127:13)
    at EventEmitter.emit (events.js:204:7)
2019-05-04T14:42:58.029Z - error: Simulator: ERROR: Uncaught TypeError: Cannot read property 'length' of null, location: src/cocos2d-jsb.js:0:0
STACK:
[0]_activateNodeRecursively@src/cocos2d-jsb.js:22958
[1]activateNode@src/cocos2d-jsb.js:23007
[2]_activate@src/cocos2d-jsb.js:9152
[3]runSceneImmediate@src/cocos2d-jsb.js:7074
[4]anonymous@main.js:53
[5]anonymous@src/cocos2d-jsb.js:25672
[6]anonymous@src/cocos2d-jsb.js:20934
[7]anonymous@src/cocos2d-jsb.js:30249
[8]fireTimeout@jsb-adapter/jsb-builtin.js:2033
[9]tick@jsb-adapter/jsb-builtin.js:1995
[ERROR] (/Users/nantas/fireball-x/cocos2d-x-lite_20_release/cocos/scripting/js-bindings/jswrapper/v8/Object.cpp, 534): Invoking function (0x7f9a91525430) failed!
    at HTMLElement.print-simulator-log (/Applications/CocosCreator.app/Contents/Resources/app.asar/editor/builtin/scene/panel/messages/scene.js:1:1501)
    at Object.e._dispatch (/Applications/CocosCreator.app/Contents/Resources/app.asar/editor-framework/lib/renderer/panel.js:1:1941)
    at EventEmitter.o.on.s (/Applications/CocosCreator.app/Contents/Resources/app.asar/editor-framework/lib/renderer/ipc.js:1:2917)
    at emitMany (events.js:127:13)
    at EventEmitter.emit (events.js:204:7)
2019-05-04T14:42:58.046Z - error: Simulator: ERROR: Uncaught TypeError: Cannot read property 'length' of null, location: src/cocos2d-jsb.js:0:0
STACK:
[0]_activateNodeRecursively@src/cocos2d-jsb.js:22958
[1]activateNode@src/cocos2d-jsb.js:23007
[2]_activate@src/cocos2d-jsb.js:9152
[3]runSceneImmediate@src/cocos2d-jsb.js:7074
[4]anonymous@main.js:53
[5]anonymous@src/cocos2d-jsb.js:25672
[6]anonymous@src/cocos2d-jsb.js:20934
[7]anonymous@src/cocos2d-jsb.js:30249
[8]fireTimeout@jsb-adapter/jsb-builtin.js:2033
[9]tick@jsb-adapter/jsb-builtin.js:1995
[ERROR] (/Users/nantas/fireball-x/cocos2d-x-lite_20_release/cocos/scripting/js-bindings/jswrapper/v8/Object.cpp, 534): Invoking function (0x7f9a91525430) failed!
    at HTMLElement.print-simulator-log (/Applications/CocosCreator.app/Contents/Resources/app.asar/editor/builtin/scene/panel/messages/scene.js:1:1501)
    at Object.e._dispatch (/Applications/CocosCreator.app/Contents/Resources/app.asar/editor-framework/lib/renderer/panel.js:1:1941)
    at EventEmitter.o.on.s (/Applications/CocosCreator.app/Contents/Resources/app.asar/editor-framework/lib/renderer/ipc.js:1:2917)
    at emitMany (events.js:127:13)
    at EventEmitter.emit (events.js:204:7)
2019-05-04T14:42:58.063Z - error: Simulator: ERROR: Uncaught TypeError: Cannot read property 'length' of null, location: src/cocos2d-jsb.js:0:0
STACK:
[0]_activateNodeRecursively@src/cocos2d-jsb.js:22958
[1]activateNode@src/cocos2d-jsb.js:23007
[2]_activate@src/cocos2d-jsb.js:9152
[3]runSceneImmediate@src/cocos2d-jsb.js:7074
[4]anonymous@main.js:53
[5]anonymous@src/cocos2d-jsb.js:25672
[6]anonymous@src/cocos2d-jsb.js:20934
[7]anonymous@src/cocos2d-jsb.js:30249
[8]fireTimeout@jsb-adapter/jsb-builtin.js:2033
[9]tick@jsb-adapter/jsb-builtin.js:1995
[ERROR] (/Users/nantas/fireball-x/cocos2d-x-lite_20_release/cocos/scripting/js-bindings/jswrapper/v8/Object.cpp, 534): Invoking function (0x7f9a91525430) failed!
    at HTMLElement.print-simulator-log (/Applications/CocosCreator.app/Contents/Resources/app.asar/editor/builtin/scene/panel/messages/scene.js:1:1501)
    at Object.e._dispatch (/Applications/CocosCreator.app/Contents/Resources/app.asar/editor-framework/lib/renderer/panel.js:1:1941)
    at EventEmitter.o.on.s (/Applications/CocosCreator.app/Contents/Resources/app.asar/editor-framework/lib/renderer/ipc.js:1:2917)
    at emitMany (events.js:127:13)
    at EventEmitter.emit (events.js:204:7)
2019-05-04T14:42:58.075Z - error: Simulator: ERROR: Uncaught TypeError: Cannot read property 'length' of null, location: src/cocos2d-jsb.js:0:0
STACK:
[0]_activateNodeRecursively@src/cocos2d-jsb.js:22958
[1]activateNode@src/cocos2d-jsb.js:23007
[2]_activate@src/cocos2d-jsb.js:9152
[3]runSceneImmediate@src/cocos2d-jsb.js:7074
[4]anonymous@main.js:53
[5]anonymous@src/cocos2d-jsb.js:25672
[6]anonymous@src/cocos2d-jsb.js:20934
[7]anonymous@src/cocos2d-jsb.js:30249
[8]fireTimeout@jsb-adapter/jsb-builtin.js:2033
[9]tick@jsb-adapter/jsb-builtin.js:1995
[ERROR] (/Users/nantas/fireball-x/cocos2d-x-lite_20_release/cocos/scripting/js-bindings/jswrapper/v8/Object.cpp, 534): Invoking function (0x7f9a91525430) failed!
    at HTMLElement.print-simulator-log (/Applications/CocosCreator.app/Contents/Resources/app.asar/editor/builtin/scene/panel/messages/scene.js:1:1501)
    at Object.e._dispatch (/Applications/CocosCreator.app/Contents/Resources/app.asar/editor-framework/lib/renderer/panel.js:1:1941)
    at EventEmitter.o.on.s (/Applications/CocosCreator.app/Contents/Resources/app.asar/editor-framework/lib/renderer/ipc.js:1:2917)
    at emitMany (events.js:127:13)
    at EventEmitter.emit (events.js:204:7)
2019-05-04T14:42:58.092Z - error: Simulator: ERROR: Uncaught TypeError: Cannot read property 'length' of null, location: src/cocos2d-jsb.js:0:0
STACK:
[0]_activateNodeRecursively@src/cocos2d-jsb.js:22958
[1]activateNode@src/cocos2d-jsb.js:23007
[2]_activate@src/cocos2d-jsb.js:9152
[3]runSceneImmediate@src/cocos2d-jsb.js:7074
[4]anonymous@main.js:53
[5]anonymous@src/cocos2d-jsb.js:25672
[6]anonymous@src/cocos2d-jsb.js:20934
[7]anonymous@src/cocos2d-jsb.js:30249
[8]fireTimeout@jsb-adapter/jsb-builtin.js:2033
[9]tick@jsb-adapter/jsb-builtin.js:1995
[ERROR] (/Users/nantas/fireball-x/cocos2d-x-lite_20_release/cocos/scripting/js-bindings/jswrapper/v8/Object.cpp, 534): Invoking function (0x7f9a91525430) failed!
    at HTMLElement.print-simulator-log (/Applications/CocosCreator.app/Contents/Resources/app.asar/editor/builtin/scene/panel/messages/scene.js:1:1501)
    at Object.e._dispatch (/Applications/CocosCreator.app/Contents/Resources/app.asar/editor-framework/lib/renderer/panel.js:1:1941)
    at EventEmitter.o.on.s (/Applications/CocosCreator.app/Contents/Resources/app.asar/editor-framework/lib/renderer/ipc.js:1:2917)
    at emitMany (events.js:127:13)
    at EventEmitter.emit (events.js:204:7)
2019-05-04T14:42:58.109Z - error: Simulator: ERROR: Uncaught TypeError: Cannot read property 'length' of null, location: src/cocos2d-jsb.js:0:0
STACK:
[0]_activateNodeRecursively@src/cocos2d-jsb.js:22958
[1]activateNode@src/cocos2d-jsb.js:23007
[2]_activate@src/cocos2d-jsb.js:9152
[3]runSceneImmediate@src/cocos2d-jsb.js:7074
[4]anonymous@main.js:53
[5]anonymous@src/cocos2d-jsb.js:25672
[6]anonymous@src/cocos2d-jsb.js:20934
[7]anonymous@src/cocos2d-jsb.js:30249
[8]fireTimeout@jsb-adapter/jsb-builtin.js:2033
[9]tick@jsb-adapter/jsb-builtin.js:1995
[ERROR] (/Users/nantas/fireball-x/cocos2d-x-lite_20_release/cocos/scripting/js-bindings/jswrapper/v8/Object.cpp, 534): Invoking function (0x7f9a91525430) failed!
    at HTMLElement.print-simulator-log (/Applications/CocosCreator.app/Contents/Resources/app.asar/editor/builtin/scene/panel/messages/scene.js:1:1501)
    at Object.e._dispatch (/Applications/CocosCreator.app/Contents/Resources/app.asar/editor-framework/lib/renderer/panel.js:1:1941)
    at EventEmitter.o.on.s (/Applications/CocosCreator.app/Contents/Resources/app.asar/editor-framework/lib/renderer/ipc.js:1:2917)
    at emitMany (events.js:127:13)
    at EventEmitter.emit (events.js:204:7)
2019-05-04T14:42:58.126Z - error: Simulator: ERROR: Uncaught TypeError: Cannot read property 'length' of null, location: src/cocos2d-jsb.js:0:0
STACK:
[0]_activateNodeRecursively@src/cocos2d-jsb.js:22958
[1]activateNode@src/cocos2d-jsb.js:23007
[2]_activate@src/cocos2d-jsb.js:9152
[3]runSceneImmediate@src/cocos2d-jsb.js:7074
[4]anonymous@main.js:53
[5]anonymous@src/cocos2d-jsb.js:25672
[6]anonymous@src/cocos2d-jsb.js:20934
[7]anonymous@src/cocos2d-jsb.js:30249
[8]fireTimeout@jsb-adapter/jsb-builtin.js:2033
[9]tick@jsb-adapter/jsb-builtin.js:1995
[ERROR] (/Users/nantas/fireball-x/cocos2d-x-lite_20_release/cocos/scripting/js-bindings/jswrapper/v8/Object.cpp, 534): Invoking function (0x7f9a91525430) failed!
    at HTMLElement.print-simulator-log (/Applications/CocosCreator.app/Contents/Resources/app.asar/editor/builtin/scene/panel/messages/scene.js:1:1501)
    at Object.e._dispatch (/Applications/CocosCreator.app/Contents/Resources/app.asar/editor-framework/lib/renderer/panel.js:1:1941)
    at EventEmitter.o.on.s (/Applications/CocosCreator.app/Contents/Resources/app.asar/editor-framework/lib/renderer/ipc.js:1:2917)
    at emitMany (events.js:127:13)
    at EventEmitter.emit (events.js:204:7)
2019-05-04T14:42:58.146Z - error: Simulator: ERROR: Uncaught TypeError: Cannot read property 'length' of null, location: src/cocos2d-jsb.js:0:0
STACK:
[0]_activateNodeRecursively@src/cocos2d-jsb.js:22958
[1]activateNode@src/cocos2d-jsb.js:23007
[2]_activate@src/cocos2d-jsb.js:9152
[3]runSceneImmediate@src/cocos2d-jsb.js:7074
[4]anonymous@main.js:53
[5]anonymous@src/cocos2d-jsb.js:25672
[6]anonymous@src/cocos2d-jsb.js:20934
[7]anonymous@src/cocos2d-jsb.js:30249
[8]fireTimeout@jsb-adapter/jsb-builtin.js:2033
[9]tick@jsb-adapter/jsb-builtin.js:1995
[ERROR] (/Users/nantas/fireball-x/cocos2d-x-lite_20_release/cocos/scripting/js-bindings/jswrapper/v8/Object.cpp, 534): Invoking function (0x7f9a91525430) failed!
    at HTMLElement.print-simulator-log (/Applications/CocosCreator.app/Contents/Resources/app.asar/editor/builtin/scene/panel/messages/scene.js:1:1501)
    at Object.e._dispatch (/Applications/CocosCreator.app/Contents/Resources/app.asar/editor-framework/lib/renderer/panel.js:1:1941)
    at EventEmitter.o.on.s (/Applications/CocosCreator.app/Contents/Resources/app.asar/editor-framework/lib/renderer/ipc.js:1:2917)
    at emitMany (events.js:127:13)
    at EventEmitter.emit (events.js:204:7)
2019-05-04T14:42:58.162Z - error: Simulator: ERROR: Uncaught TypeError: Cannot read property 'length' of null, location: src/cocos2d-jsb.js:0:0
STACK:
[0]_activateNodeRecursively@src/cocos2d-jsb.js:22958
[1]activateNode@src/cocos2d-jsb.js:23007
[2]_activate@src/cocos2d-jsb.js:9152
[3]runSceneImmediate@src/cocos2d-jsb.js:7074
[4]anonymous@main.js:53
[5]anonymous@src/cocos2d-jsb.js:25672
[6]anonymous@src/cocos2d-jsb.js:20934
[7]anonymous@src/cocos2d-jsb.js:30249
[8]fireTimeout@jsb-adapter/jsb-builtin.js:2033
[9]tick@jsb-adapter/jsb-builtin.js:1995
[ERROR] (/Users/nantas/fireball-x/cocos2d-x-lite_20_release/cocos/scripting/js-bindings/jswrapper/v8/Object.cpp, 534): Invoking function (0x7f9a91525430) failed!
    at HTMLElement.print-simulator-log (/Applications/CocosCreator.app/Contents/Resources/app.asar/editor/builtin/scene/panel/messages/scene.js:1:1501)
    at Object.e._dispatch (/Applications/CocosCreator.app/Contents/Resources/app.asar/editor-framework/lib/renderer/panel.js:1:1941)
    at EventEmitter.o.on.s (/Applications/CocosCreator.app/Contents/Resources/app.asar/editor-framework/lib/renderer/ipc.js:1:2917)
    at emitMany (events.js:127:13)
    at EventEmitter.emit (events.js:204:7)
2019-05-04T14:42:58.175Z - error: Simulator: ERROR: Uncaught TypeError: Cannot read property 'length' of null, location: src/cocos2d-jsb.js:0:0
STACK:
[0]_activateNodeRecursively@src/cocos2d-jsb.js:22958
[1]activateNode@src/cocos2d-jsb.js:23007
[2]_activate@src/cocos2d-jsb.js:9152
[3]runSceneImmediate@src/cocos2d-jsb.js:7074
[4]anonymous@main.js:53
[5]anonymous@src/cocos2d-jsb.js:25672
[6]anonymous@src/cocos2d-jsb.js:20934
[7]anonymous@src/cocos2d-jsb.js:30249
[8]fireTimeout@jsb-adapter/jsb-builtin.js:2033
[9]tick@jsb-adapter/jsb-builtin.js:1995
[ERROR] (/Users/nantas/fireball-x/cocos2d-x-lite_20_release/cocos/scripting/js-bindings/jswrapper/v8/Object.cpp, 534): Invoking function (0x7f9a91525430) failed!
    at HTMLElement.print-simulator-log (/Applications/CocosCreator.app/Contents/Resources/app.asar/editor/builtin/scene/panel/messages/scene.js:1:1501)
    at Object.e._dispatch (/Applications/CocosCreator.app/Contents/Resources/app.asar/editor-framework/lib/renderer/panel.js:1:1941)
    at EventEmitter.o.on.s (/Applications/CocosCreator.app/Contents/Resources/app.asar/editor-framework/lib/renderer/ipc.js:1:2917)
    at emitMany (events.js:127:13)
    at EventEmitter.emit (events.js:204:7)
2019-05-04T14:42:58.192Z - error: Simulator: ERROR: Uncaught TypeError: Cannot read property 'length' of null, location: src/cocos2d-jsb.js:0:0
STACK:
[0]_activateNodeRecursively@src/cocos2d-jsb.js:22958
[1]activateNode@src/cocos2d-jsb.js:23007
[2]_activate@src/cocos2d-jsb.js:9152
[3]runSceneImmediate@src/cocos2d-jsb.js:7074
[4]anonymous@main.js:53
[5]anonymous@src/cocos2d-jsb.js:25672
[6]anonymous@src/cocos2d-jsb.js:20934
[7]anonymous@src/cocos2d-jsb.js:30249
[8]fireTimeout@jsb-adapter/jsb-builtin.js:2033
[9]tick@jsb-adapter/jsb-builtin.js:1995
[ERROR] (/Users/nantas/fireball-x/cocos2d-x-lite_20_release/cocos/scripting/js-bindings/jswrapper/v8/Object.cpp, 534): Invoking function (0x7f9a91525430) failed!
    at HTMLElement.print-simulator-log (/Applications/CocosCreator.app/Contents/Resources/app.asar/editor/builtin/scene/panel/messages/scene.js:1:1501)
    at Object.e._dispatch (/Applications/CocosCreator.app/Contents/Resources/app.asar/editor-framework/lib/renderer/panel.js:1:1941)
    at EventEmitter.o.on.s (/Applications/CocosCreator.app/Contents/Resources/app.asar/editor-framework/lib/renderer/ipc.js:1:2917)
    at emitMany (events.js:127:13)
    at EventEmitter.emit (events.js:204:7)
2019-05-04T14:42:58.213Z - error: Simulator: ERROR: Uncaught TypeError: Cannot read property 'length' of null, location: src/cocos2d-jsb.js:0:0
STACK:
[0]_activateNodeRecursively@src/cocos2d-jsb.js:22958
[1]activateNode@src/cocos2d-jsb.js:23007
[2]_activate@src/cocos2d-jsb.js:9152
[3]runSceneImmediate@src/cocos2d-jsb.js:7074
[4]anonymous@main.js:53
[5]anonymous@src/cocos2d-jsb.js:25672
[6]anonymous@src/cocos2d-jsb.js:20934
[7]anonymous@src/cocos2d-jsb.js:30249
[8]fireTimeout@jsb-adapter/jsb-builtin.js:2033
[9]tick@jsb-adapter/jsb-builtin.js:1995
[ERROR] (/Users/nantas/fireball-x/cocos2d-x-lite_20_release/cocos/scripting/js-bindings/jswrapper/v8/Object.cpp, 534): Invoking function (0x7f9a91525430) failed!
    at HTMLElement.print-simulator-log (/Applications/CocosCreator.app/Contents/Resources/app.asar/editor/builtin/scene/panel/messages/scene.js:1:1501)
    at Object.e._dispatch (/Applications/CocosCreator.app/Contents/Resources/app.asar/editor-framework/lib/renderer/panel.js:1:1941)
    at EventEmitter.o.on.s (/Applications/CocosCreator.app/Contents/Resources/app.asar/editor-framework/lib/renderer/ipc.js:1:2917)
    at emitMany (events.js:127:13)
    at EventEmitter.emit (events.js:204:7)
2019-05-04T14:42:58.231Z - error: Simulator: ERROR: Uncaught TypeError: Cannot read property 'length' of null, location: src/cocos2d-jsb.js:0:0
STACK:
[0]_activateNodeRecursively@src/cocos2d-jsb.js:22958
[1]activateNode@src/cocos2d-jsb.js:23007
[2]_activate@src/cocos2d-jsb.js:9152
[3]runSceneImmediate@src/cocos2d-jsb.js:7074
[4]anonymous@main.js:53
[5]anonymous@src/cocos2d-jsb.js:25672
[6]anonymous@src/cocos2d-jsb.js:20934
[7]anonymous@src/cocos2d-jsb.js:30249
[8]fireTimeout@jsb-adapter/jsb-builtin.js:2033
[9]tick@jsb-adapter/jsb-builtin.js:1995
[ERROR] (/Users/nantas/fireball-x/cocos2d-x-lite_20_release/cocos/scripting/js-bindings/jswrapper/v8/Object.cpp, 534): Invoking function (0x7f9a91525430) failed!
    at HTMLElement.print-simulator-log (/Applications/CocosCreator.app/Contents/Resources/app.asar/editor/builtin/scene/panel/messages/scene.js:1:1501)
    at Object.e._dispatch (/Applications/CocosCreator.app/Contents/Resources/app.asar/editor-framework/lib/renderer/panel.js:1:1941)
    at EventEmitter.o.on.s (/Applications/CocosCreator.app/Contents/Resources/app.asar/editor-framework/lib/renderer/ipc.js:1:2917)
    at emitMany (events.js:127:13)
    at EventEmitter.emit (events.js:204:7)
2019-05-04T14:42:58.246Z - error: Simulator: ERROR: Uncaught TypeError: Cannot read property 'length' of null, location: src/cocos2d-jsb.js:0:0
STACK:
[0]_activateNodeRecursively@src/cocos2d-jsb.js:22958
[1]activateNode@src/cocos2d-jsb.js:23007
[2]_activate@src/cocos2d-jsb.js:9152
[3]runSceneImmediate@src/cocos2d-jsb.js:7074
[4]anonymous@main.js:53
[5]anonymous@src/cocos2d-jsb.js:25672
[6]anonymous@src/cocos2d-jsb.js:20934
[7]anonymous@src/cocos2d-jsb.js:30249
[8]fireTimeout@jsb-adapter/jsb-builtin.js:2033
[9]tick@jsb-adapter/jsb-builtin.js:1995
[ERROR] (/Users/nantas/fireball-x/cocos2d-x-lite_20_release/cocos/scripting/js-bindings/jswrapper/v8/Object.cpp, 534): Invoking function (0x7f9a91525430) failed!
    at HTMLElement.print-simulator-log (/Applications/CocosCreator.app/Contents/Resources/app.asar/editor/builtin/scene/panel/messages/scene.js:1:1501)
    at Object.e._dispatch (/Applications/CocosCreator.app/Contents/Resources/app.asar/editor-framework/lib/renderer/panel.js:1:1941)
    at EventEmitter.o.on.s (/Applications/CocosCreator.app/Contents/Resources/app.asar/editor-framework/lib/renderer/ipc.js:1:2917)
    at emitMany (events.js:127:13)
    at EventEmitter.emit (events.js:204:7)
2019-05-04T14:42:58.263Z - error: Simulator: ERROR: Uncaught TypeError: Cannot read property 'length' of null, location: src/cocos2d-jsb.js:0:0
STACK:
[0]_activateNodeRecursively@src/cocos2d-jsb.js:22958
[1]activateNode@src/cocos2d-jsb.js:23007
[2]_activate@src/cocos2d-jsb.js:9152
[3]runSceneImmediate@src/cocos2d-jsb.js:7074
[4]anonymous@main.js:53
[5]anonymous@src/cocos2d-jsb.js:25672
[6]anonymous@src/cocos2d-jsb.js:20934
[7]anonymous@src/cocos2d-jsb.js:30249
[8]fireTimeout@jsb-adapter/jsb-builtin.js:2033
[9]tick@jsb-adapter/jsb-builtin.js:1995
[ERROR] (/Users/nantas/fireball-x/cocos2d-x-lite_20_release/cocos/scripting/js-bindings/jswrapper/v8/Object.cpp, 534): Invoking function (0x7f9a91525430) failed!
    at HTMLElement.print-simulator-log (/Applications/CocosCreator.app/Contents/Resources/app.asar/editor/builtin/scene/panel/messages/scene.js:1:1501)
    at Object.e._dispatch (/Applications/CocosCreator.app/Contents/Resources/app.asar/editor-framework/lib/renderer/panel.js:1:1941)
    at EventEmitter.o.on.s (/Applications/CocosCreator.app/Contents/Resources/app.asar/editor-framework/lib/renderer/ipc.js:1:2917)
    at emitMany (events.js:127:13)
    at EventEmitter.emit (events.js:204:7)
2019-05-04T14:42:58.280Z - error: Simulator: ERROR: Uncaught TypeError: Cannot read property 'length' of null, location: src/cocos2d-jsb.js:0:0
STACK:
[0]_activateNodeRecursively@src/cocos2d-jsb.js:22958
[1]activateNode@src/cocos2d-jsb.js:23007
[2]_activate@src/cocos2d-jsb.js:9152
[3]runSceneImmediate@src/cocos2d-jsb.js:7074
[4]anonymous@main.js:53
[5]anonymous@src/cocos2d-jsb.js:25672
[6]anonymous@src/cocos2d-jsb.js:20934
[7]anonymous@src/cocos2d-jsb.js:30249
[8]fireTimeout@jsb-adapter/jsb-builtin.js:2033
[9]tick@jsb-adapter/jsb-builtin.js:1995
[ERROR] (/Users/nantas/fireball-x/cocos2d-x-lite_20_release/cocos/scripting/js-bindings/jswrapper/v8/Object.cpp, 534): Invoking function (0x7f9a91525430) failed!
    at HTMLElement.print-simulator-log (/Applications/CocosCreator.app/Contents/Resources/app.asar/editor/builtin/scene/panel/messages/scene.js:1:1501)
    at Object.e._dispatch (/Applications/CocosCreator.app/Contents/Resources/app.asar/editor-framework/lib/renderer/panel.js:1:1941)
    at EventEmitter.o.on.s (/Applications/CocosCreator.app/Contents/Resources/app.asar/editor-framework/lib/renderer/ipc.js:1:2917)
    at emitMany (events.js:127:13)
    at EventEmitter.emit (events.js:204:7)
2019-05-04T14:42:58.296Z - error: Simulator: ERROR: Uncaught TypeError: Cannot read property 'length' of null, location: src/cocos2d-jsb.js:0:0
STACK:
[0]_activateNodeRecursively@src/cocos2d-jsb.js:22958
[1]activateNode@src/cocos2d-jsb.js:23007
[2]_activate@src/cocos2d-jsb.js:9152
[3]runSceneImmediate@src/cocos2d-jsb.js:7074
[4]anonymous@main.js:53
[5]anonymous@src/cocos2d-jsb.js:25672
[6]anonymous@src/cocos2d-jsb.js:20934
[7]anonymous@src/cocos2d-jsb.js:30249
[8]fireTimeout@jsb-adapter/jsb-builtin.js:2033
[9]tick@jsb-adapter/jsb-builtin.js:1995
[ERROR] (/Users/nantas/fireball-x/cocos2d-x-lite_20_release/cocos/scripting/js-bindings/jswrapper/v8/Object.cpp, 534): Invoking function (0x7f9a91525430) failed!
    at HTMLElement.print-simulator-log (/Applications/CocosCreator.app/Contents/Resources/app.asar/editor/builtin/scene/panel/messages/scene.js:1:1501)
    at Object.e._dispatch (/Applications/CocosCreator.app/Contents/Resources/app.asar/editor-framework/lib/renderer/panel.js:1:1941)
    at EventEmitter.o.on.s (/Applications/CocosCreator.app/Contents/Resources/app.asar/editor-framework/lib/renderer/ipc.js:1:2917)
    at emitMany (events.js:127:13)
    at EventEmitter.emit (events.js:204:7)
2019-05-04T14:42:58.313Z - error: Simulator: ERROR: Uncaught TypeError: Cannot read property 'length' of null, location: src/cocos2d-jsb.js:0:0
STACK:
[0]_activateNodeRecursively@src/cocos2d-jsb.js:22958
[1]activateNode@src/cocos2d-jsb.js:23007
[2]_activate@src/cocos2d-jsb.js:9152
[3]runSceneImmediate@src/cocos2d-jsb.js:7074
[4]anonymous@main.js:53
[5]anonymous@src/cocos2d-jsb.js:25672
[6]anonymous@src/cocos2d-jsb.js:20934
[7]anonymous@src/cocos2d-jsb.js:30249
[8]fireTimeout@jsb-adapter/jsb-builtin.js:2033
[9]tick@jsb-adapter/jsb-builtin.js:1995
[ERROR] (/Users/nantas/fireball-x/cocos2d-x-lite_20_release/cocos/scripting/js-bindings/jswrapper/v8/Object.cpp, 534): Invoking function (0x7f9a91525430) failed!
    at HTMLElement.print-simulator-log (/Applications/CocosCreator.app/Contents/Resources/app.asar/editor/builtin/scene/panel/messages/scene.js:1:1501)
    at Object.e._dispatch (/Applications/CocosCreator.app/Contents/Resources/app.asar/editor-framework/lib/renderer/panel.js:1:1941)
    at EventEmitter.o.on.s (/Applications/CocosCreator.app/Contents/Resources/app.asar/editor-framework/lib/renderer/ipc.js:1:2917)
    at emitMany (events.js:127:13)
    at EventEmitter.emit (events.js:204:7)
2019-05-04T14:42:58.332Z - error: Simulator: ERROR: Uncaught TypeError: Cannot read property 'length' of null, location: src/cocos2d-jsb.js:0:0
STACK:
[0]_activateNodeRecursively@src/cocos2d-jsb.js:22958
[1]activateNode@src/cocos2d-jsb.js:23007
[2]_activate@src/cocos2d-jsb.js:9152
[3]runSceneImmediate@src/cocos2d-jsb.js:7074
[4]anonymous@main.js:53
[5]anonymous@src/cocos2d-jsb.js:25672
[6]anonymous@src/cocos2d-jsb.js:20934
[7]anonymous@src/cocos2d-jsb.js:30249
[8]fireTimeout@jsb-adapter/jsb-builtin.js:2033
[9]tick@jsb-adapter/jsb-builtin.js:1995
[ERROR] (/Users/nantas/fireball-x/cocos2d-x-lite_20_release/cocos/scripting/js-bindings/jswrapper/v8/Object.cpp, 534): Invoking function (0x7f9a91525430) failed!
    at HTMLElement.print-simulator-log (/Applications/CocosCreator.app/Contents/Resources/app.asar/editor/builtin/scene/panel/messages/scene.js:1:1501)
    at Object.e._dispatch (/Applications/CocosCreator.app/Contents/Resources/app.asar/editor-framework/lib/renderer/panel.js:1:1941)
    at EventEmitter.o.on.s (/Applications/CocosCreator.app/Contents/Resources/app.asar/editor-framework/lib/renderer/ipc.js:1:2917)
    at emitMany (events.js:127:13)
    at EventEmitter.emit (events.js:204:7)
2019-05-04T14:42:58.346Z - error: Simulator: ERROR: Uncaught TypeError: Cannot read property 'length' of null, location: src/cocos2d-jsb.js:0:0
STACK:
[0]_activateNodeRecursively@src/cocos2d-jsb.js:22958
[1]activateNode@src/cocos2d-jsb.js:23007
[2]_activate@src/cocos2d-jsb.js:9152
[3]runSceneImmediate@src/cocos2d-jsb.js:7074
[4]anonymous@main.js:53
[5]anonymous@src/cocos2d-jsb.js:25672
[6]anonymous@src/cocos2d-jsb.js:20934
[7]anonymous@src/cocos2d-jsb.js:30249
[8]fireTimeout@jsb-adapter/jsb-builtin.js:2033
[9]tick@jsb-adapter/jsb-builtin.js:1995
[ERROR] (/Users/nantas/fireball-x/cocos2d-x-lite_20_release/cocos/scripting/js-bindings/jswrapper/v8/Object.cpp, 534): Invoking function (0x7f9a91525430) failed!
    at HTMLElement.print-simulator-log (/Applications/CocosCreator.app/Contents/Resources/app.asar/editor/builtin/scene/panel/messages/scene.js:1:1501)
    at Object.e._dispatch (/Applications/CocosCreator.app/Contents/Resources/app.asar/editor-framework/lib/renderer/panel.js:1:1941)
    at EventEmitter.o.on.s (/Applications/CocosCreator.app/Contents/Resources/app.asar/editor-framework/lib/renderer/ipc.js:1:2917)
    at emitMany (events.js:127:13)
    at EventEmitter.emit (events.js:204:7)
2019-05-04T14:42:58.363Z - error: Simulator: ERROR: Uncaught TypeError: Cannot read property 'length' of null, location: src/cocos2d-jsb.js:0:0
STACK:
[0]_activateNodeRecursively@src/cocos2d-jsb.js:22958
[1]activateNode@src/cocos2d-jsb.js:23007
[2]_activate@src/cocos2d-jsb.js:9152
[3]runSceneImmediate@src/cocos2d-jsb.js:7074
[4]anonymous@main.js:53
[5]anonymous@src/cocos2d-jsb.js:25672
[6]anonymous@src/cocos2d-jsb.js:20934
[7]anonymous@src/cocos2d-jsb.js:30249
[8]fireTimeout@jsb-adapter/jsb-builtin.js:2033
[9]tick@jsb-adapter/jsb-builtin.js:1995
[ERROR] (/Users/nantas/fireball-x/cocos2d-x-lite_20_release/cocos/scripting/js-bindings/jswrapper/v8/Object.cpp, 534): Invoking function (0x7f9a91525430) failed!
    at HTMLElement.print-simulator-log (/Applications/CocosCreator.app/Contents/Resources/app.asar/editor/builtin/scene/panel/messages/scene.js:1:1501)
    at Object.e._dispatch (/Applications/CocosCreator.app/Contents/Resources/app.asar/editor-framework/lib/renderer/panel.js:1:1941)
    at EventEmitter.o.on.s (/Applications/CocosCreator.app/Contents/Resources/app.asar/editor-framework/lib/renderer/ipc.js:1:2917)
    at emitMany (events.js:127:13)
    at EventEmitter.emit (events.js:204:7)
2019-05-04T14:42:58.378Z - error: Simulator: ERROR: Uncaught TypeError: Cannot read property 'length' of null, location: src/cocos2d-jsb.js:0:0
STACK:
[0]_activateNodeRecursively@src/cocos2d-jsb.js:22958
[1]activateNode@src/cocos2d-jsb.js:23007
[2]_activate@src/cocos2d-jsb.js:9152
[3]runSceneImmediate@src/cocos2d-jsb.js:7074
[4]anonymous@main.js:53
[5]anonymous@src/cocos2d-jsb.js:25672
[6]anonymous@src/cocos2d-jsb.js:20934
[7]anonymous@src/cocos2d-jsb.js:30249
[8]fireTimeout@jsb-adapter/jsb-builtin.js:2033
[9]tick@jsb-adapter/jsb-builtin.js:1995
[ERROR] (/Users/nantas/fireball-x/cocos2d-x-lite_20_release/cocos/scripting/js-bindings/jswrapper/v8/Object.cpp, 534): Invoking function (0x7f9a91525430) failed!
    at HTMLElement.print-simulator-log (/Applications/CocosCreator.app/Contents/Resources/app.asar/editor/builtin/scene/panel/messages/scene.js:1:1501)
    at Object.e._dispatch (/Applications/CocosCreator.app/Contents/Resources/app.asar/editor-framework/lib/renderer/panel.js:1:1941)
    at EventEmitter.o.on.s (/Applications/CocosCreator.app/Contents/Resources/app.asar/editor-framework/lib/renderer/ipc.js:1:2917)
    at emitMany (events.js:127:13)
    at EventEmitter.emit (events.js:204:7)
2019-05-04T14:42:58.397Z - error: Simulator: ERROR: Uncaught TypeError: Cannot read property 'length' of null, location: src/cocos2d-jsb.js:0:0
STACK:
[0]_activateNodeRecursively@src/cocos2d-jsb.js:22958
[1]activateNode@src/cocos2d-jsb.js:23007
[2]_activate@src/cocos2d-jsb.js:9152
[3]runSceneImmediate@src/cocos2d-jsb.js:7074
[4]anonymous@main.js:53
[5]anonymous@src/cocos2d-jsb.js:25672
[6]anonymous@src/cocos2d-jsb.js:20934
[7]anonymous@src/cocos2d-jsb.js:30249
[8]fireTimeout@jsb-adapter/jsb-builtin.js:2033
[9]tick@jsb-adapter/jsb-builtin.js:1995
[ERROR] (/Users/nantas/fireball-x/cocos2d-x-lite_20_release/cocos/scripting/js-bindings/jswrapper/v8/Object.cpp, 534): Invoking function (0x7f9a91525430) failed!
    at HTMLElement.print-simulator-log (/Applications/CocosCreator.app/Contents/Resources/app.asar/editor/builtin/scene/panel/messages/scene.js:1:1501)
    at Object.e._dispatch (/Applications/CocosCreator.app/Contents/Resources/app.asar/editor-framework/lib/renderer/panel.js:1:1941)
    at EventEmitter.o.on.s (/Applications/CocosCreator.app/Contents/Resources/app.asar/editor-framework/lib/renderer/ipc.js:1:2917)
    at emitMany (events.js:127:13)
    at EventEmitter.emit (events.js:204:7)
2019-05-04T14:42:58.413Z - error: Simulator: ERROR: Uncaught TypeError: Cannot read property 'length' of null, location: src/cocos2d-jsb.js:0:0
STACK:
[0]_activateNodeRecursively@src/cocos2d-jsb.js:22958
[1]activateNode@src/cocos2d-jsb.js:23007
[2]_activate@src/cocos2d-jsb.js:9152
[3]runSceneImmediate@src/cocos2d-jsb.js:7074
[4]anonymous@main.js:53
[5]anonymous@src/cocos2d-jsb.js:25672
[6]anonymous@src/cocos2d-jsb.js:20934
[7]anonymous@src/cocos2d-jsb.js:30249
[8]fireTimeout@jsb-adapter/jsb-builtin.js:2033
[9]tick@jsb-adapter/jsb-builtin.js:1995
[ERROR] (/Users/nantas/fireball-x/cocos2d-x-lite_20_release/cocos/scripting/js-bindings/jswrapper/v8/Object.cpp, 534): Invoking function (0x7f9a91525430) failed!
    at HTMLElement.print-simulator-log (/Applications/CocosCreator.app/Contents/Resources/app.asar/editor/builtin/scene/panel/messages/scene.js:1:1501)
    at Object.e._dispatch (/Applications/CocosCreator.app/Contents/Resources/app.asar/editor-framework/lib/renderer/panel.js:1:1941)
    at EventEmitter.o.on.s (/Applications/CocosCreator.app/Contents/Resources/app.asar/editor-framework/lib/renderer/ipc.js:1:2917)
    at emitMany (events.js:127:13)
    at EventEmitter.emit (events.js:204:7)
2019-05-04T14:42:58.430Z - error: Simulator: ERROR: Uncaught TypeError: Cannot read property 'length' of null, location: src/cocos2d-jsb.js:0:0
STACK:
[0]_activateNodeRecursively@src/cocos2d-jsb.js:22958
[1]activateNode@src/cocos2d-jsb.js:23007
[2]_activate@src/cocos2d-jsb.js:9152
[3]runSceneImmediate@src/cocos2d-jsb.js:7074
[4]anonymous@main.js:53
[5]anonymous@src/cocos2d-jsb.js:25672
[6]anonymous@src/cocos2d-jsb.js:20934
[7]anonymous@src/cocos2d-jsb.js:30249
[8]fireTimeout@jsb-adapter/jsb-builtin.js:2033
[9]tick@jsb-adapter/jsb-builtin.js:1995
[ERROR] (/Users/nantas/fireball-x/cocos2d-x-lite_20_release/cocos/scripting/js-bindings/jswrapper/v8/Object.cpp, 534): Invoking function (0x7f9a91525430) failed!
    at HTMLElement.print-simulator-log (/Applications/CocosCreator.app/Contents/Resources/app.asar/editor/builtin/scene/panel/messages/scene.js:1:1501)
    at Object.e._dispatch (/Applications/CocosCreator.app/Contents/Resources/app.asar/editor-framework/lib/renderer/panel.js:1:1941)
    at EventEmitter.o.on.s (/Applications/CocosCreator.app/Contents/Resources/app.asar/editor-framework/lib/renderer/ipc.js:1:2917)
    at emitMany (events.js:127:13)
    at EventEmitter.emit (events.js:204:7)
2019-05-04T14:42:58.447Z - error: Simulator: ERROR: Uncaught TypeError: Cannot read property 'length' of null, location: src/cocos2d-jsb.js:0:0
STACK:
[0]_activateNodeRecursively@src/cocos2d-jsb.js:22958
[1]activateNode@src/cocos2d-jsb.js:23007
[2]_activate@src/cocos2d-jsb.js:9152
[3]runSceneImmediate@src/cocos2d-jsb.js:7074
[4]anonymous@main.js:53
[5]anonymous@src/cocos2d-jsb.js:25672
[6]anonymous@src/cocos2d-jsb.js:20934
[7]anonymous@src/cocos2d-jsb.js:30249
[8]fireTimeout@jsb-adapter/jsb-builtin.js:2033
[9]tick@jsb-adapter/jsb-builtin.js:1995
[ERROR] (/Users/nantas/fireball-x/cocos2d-x-lite_20_release/cocos/scripting/js-bindings/jswrapper/v8/Object.cpp, 534): Invoking function (0x7f9a91525430) failed!
    at HTMLElement.print-simulator-log (/Applications/CocosCreator.app/Contents/Resources/app.asar/editor/builtin/scene/panel/messages/scene.js:1:1501)
    at Object.e._dispatch (/Applications/CocosCreator.app/Contents/Resources/app.asar/editor-framework/lib/renderer/panel.js:1:1941)
    at EventEmitter.o.on.s (/Applications/CocosCreator.app/Contents/Resources/app.asar/editor-framework/lib/renderer/ipc.js:1:2917)
    at emitMany (events.js:127:13)
    at EventEmitter.emit (events.js:204:7)
2019-05-04T14:42:58.464Z - error: Simulator: ERROR: Uncaught TypeError: Cannot read property 'length' of null, location: src/cocos2d-jsb.js:0:0
STACK:
[0]_activateNodeRecursively@src/cocos2d-jsb.js:22958
[1]activateNode@src/cocos2d-jsb.js:23007
[2]_activate@src/cocos2d-jsb.js:9152
[3]runSceneImmediate@src/cocos2d-jsb.js:7074
[4]anonymous@main.js:53
[5]anonymous@src/cocos2d-jsb.js:25672
[6]anonymous@src/cocos2d-jsb.js:20934
[7]anonymous@src/cocos2d-jsb.js:30249
[8]fireTimeout@jsb-adapter/jsb-builtin.js:2033
[9]tick@jsb-adapter/jsb-builtin.js:1995
[ERROR] (/Users/nantas/fireball-x/cocos2d-x-lite_20_release/cocos/scripting/js-bindings/jswrapper/v8/Object.cpp, 534): Invoking function (0x7f9a91525430) failed!
    at HTMLElement.print-simulator-log (/Applications/CocosCreator.app/Contents/Resources/app.asar/editor/builtin/scene/panel/messages/scene.js:1:1501)
    at Object.e._dispatch (/Applications/CocosCreator.app/Contents/Resources/app.asar/editor-framework/lib/renderer/panel.js:1:1941)
    at EventEmitter.o.on.s (/Applications/CocosCreator.app/Contents/Resources/app.asar/editor-framework/lib/renderer/ipc.js:1:2917)
    at emitMany (events.js:127:13)
    at EventEmitter.emit (events.js:204:7)
2019-05-04T14:42:58.480Z - error: Simulator: ERROR: Uncaught TypeError: Cannot read property 'length' of null, location: src/cocos2d-jsb.js:0:0
STACK:
[0]_activateNodeRecursively@src/cocos2d-jsb.js:22958
[1]activateNode@src/cocos2d-jsb.js:23007
[2]_activate@src/cocos2d-jsb.js:9152
[3]runSceneImmediate@src/cocos2d-jsb.js:7074
[4]anonymous@main.js:53
[5]anonymous@src/cocos2d-jsb.js:25672
[6]anonymous@src/cocos2d-jsb.js:20934
[7]anonymous@src/cocos2d-jsb.js:30249
[8]fireTimeout@jsb-adapter/jsb-builtin.js:2033
[9]tick@jsb-adapter/jsb-builtin.js:1995
[ERROR] (/Users/nantas/fireball-x/cocos2d-x-lite_20_release/cocos/scripting/js-bindings/jswrapper/v8/Object.cpp, 534): Invoking function (0x7f9a91525430) failed!
    at HTMLElement.print-simulator-log (/Applications/CocosCreator.app/Contents/Resources/app.asar/editor/builtin/scene/panel/messages/scene.js:1:1501)
    at Object.e._dispatch (/Applications/CocosCreator.app/Contents/Resources/app.asar/editor-framework/lib/renderer/panel.js:1:1941)
    at EventEmitter.o.on.s (/Applications/CocosCreator.app/Contents/Resources/app.asar/editor-framework/lib/renderer/ipc.js:1:2917)
    at emitMany (events.js:127:13)
    at EventEmitter.emit (events.js:204:7)
2019-05-04T14:42:58.497Z - error: Simulator: ERROR: Uncaught TypeError: Cannot read property 'length' of null, location: src/cocos2d-jsb.js:0:0
STACK:
[0]_activateNodeRecursively@src/cocos2d-jsb.js:22958
[1]activateNode@src/cocos2d-jsb.js:23007
[2]_activate@src/cocos2d-jsb.js:9152
[3]runSceneImmediate@src/cocos2d-jsb.js:7074
[4]anonymous@main.js:53
[5]anonymous@src/cocos2d-jsb.js:25672
[6]anonymous@src/cocos2d-jsb.js:20934
[7]anonymous@src/cocos2d-jsb.js:30249
[8]fireTimeout@jsb-adapter/jsb-builtin.js:2033
[9]tick@jsb-adapter/jsb-builtin.js:1995
[ERROR] (/Users/nantas/fireball-x/cocos2d-x-lite_20_release/cocos/scripting/js-bindings/jswrapper/v8/Object.cpp, 534): Invoking function (0x7f9a91525430) failed!
    at HTMLElement.print-simulator-log (/Applications/CocosCreator.app/Contents/Resources/app.asar/editor/builtin/scene/panel/messages/scene.js:1:1501)
    at Object.e._dispatch (/Applications/CocosCreator.app/Contents/Resources/app.asar/editor-framework/lib/renderer/panel.js:1:1941)
    at EventEmitter.o.on.s (/Applications/CocosCreator.app/Contents/Resources/app.asar/editor-framework/lib/renderer/ipc.js:1:2917)
    at emitMany (events.js:127:13)
    at EventEmitter.emit (events.js:204:7)
2019-05-04T14:42:58.514Z - error: Simulator: ERROR: Uncaught TypeError: Cannot read property 'length' of null, location: src/cocos2d-jsb.js:0:0
STACK:
[0]_activateNodeRecursively@src/cocos2d-jsb.js:22958
[1]activateNode@src/cocos2d-jsb.js:23007
[2]_activate@src/cocos2d-jsb.js:9152
[3]runSceneImmediate@src/cocos2d-jsb.js:7074
[4]anonymous@main.js:53
[5]anonymous@src/cocos2d-jsb.js:25672
[6]anonymous@src/cocos2d-jsb.js:20934
[7]anonymous@src/cocos2d-jsb.js:30249
[8]fireTimeout@jsb-adapter/jsb-builtin.js:2033
[9]tick@jsb-adapter/jsb-builtin.js:1995
[ERROR] (/Users/nantas/fireball-x/cocos2d-x-lite_20_release/cocos/scripting/js-bindings/jswrapper/v8/Object.cpp, 534): Invoking function (0x7f9a91525430) failed!
    at HTMLElement.print-simulator-log (/Applications/CocosCreator.app/Contents/Resources/app.asar/editor/builtin/scene/panel/messages/scene.js:1:1501)
    at Object.e._dispatch (/Applications/CocosCreator.app/Contents/Resources/app.asar/editor-framework/lib/renderer/panel.js:1:1941)
    at EventEmitter.o.on.s (/Applications/CocosCreator.app/Contents/Resources/app.asar/editor-framework/lib/renderer/ipc.js:1:2917)
    at emitMany (events.js:127:13)
    at EventEmitter.emit (events.js:204:7)
2019-05-04T14:42:58.530Z - error: Simulator: ERROR: Uncaught TypeError: Cannot read property 'length' of null, location: src/cocos2d-jsb.js:0:0
STACK:
[0]_activateNodeRecursively@src/cocos2d-jsb.js:22958
[1]activateNode@src/cocos2d-jsb.js:23007
[2]_activate@src/cocos2d-jsb.js:9152
[3]runSceneImmediate@src/cocos2d-jsb.js:7074
[4]anonymous@main.js:53
[5]anonymous@src/cocos2d-jsb.js:25672
[6]anonymous@src/cocos2d-jsb.js:20934
[7]anonymous@src/cocos2d-jsb.js:30249
[8]fireTimeout@jsb-adapter/jsb-builtin.js:2033
[9]tick@jsb-adapter/jsb-builtin.js:1995
[ERROR] (/Users/nantas/fireball-x/cocos2d-x-lite_20_release/cocos/scripting/js-bindings/jswrapper/v8/Object.cpp, 534): Invoking function (0x7f9a91525430) failed!
    at HTMLElement.print-simulator-log (/Applications/CocosCreator.app/Contents/Resources/app.asar/editor/builtin/scene/panel/messages/scene.js:1:1501)
    at Object.e._dispatch (/Applications/CocosCreator.app/Contents/Resources/app.asar/editor-framework/lib/renderer/panel.js:1:1941)
    at EventEmitter.o.on.s (/Applications/CocosCreator.app/Contents/Resources/app.asar/editor-framework/lib/renderer/ipc.js:1:2917)
    at emitMany (events.js:127:13)
    at EventEmitter.emit (events.js:204:7)
2019-05-04T14:42:58.546Z - error: Simulator: ERROR: Uncaught TypeError: Cannot read property 'length' of null, location: src/cocos2d-jsb.js:0:0
STACK:
[0]_activateNodeRecursively@src/cocos2d-jsb.js:22958
[1]activateNode@src/cocos2d-jsb.js:23007
[2]_activate@src/cocos2d-jsb.js:9152
[3]runSceneImmediate@src/cocos2d-jsb.js:7074
[4]anonymous@main.js:53
[5]anonymous@src/cocos2d-jsb.js:25672
[6]anonymous@src/cocos2d-jsb.js:20934
[7]anonymous@src/cocos2d-jsb.js:30249
[8]fireTimeout@jsb-adapter/jsb-builtin.js:2033
[9]tick@jsb-adapter/jsb-builtin.js:1995
[ERROR] (/Users/nantas/fireball-x/cocos2d-x-lite_20_release/cocos/scripting/js-bindings/jswrapper/v8/Object.cpp, 534): Invoking function (0x7f9a91525430) failed!
    at HTMLElement.print-simulator-log (/Applications/CocosCreator.app/Contents/Resources/app.asar/editor/builtin/scene/panel/messages/scene.js:1:1501)
    at Object.e._dispatch (/Applications/CocosCreator.app/Contents/Resources/app.asar/editor-framework/lib/renderer/panel.js:1:1941)
    at EventEmitter.o.on.s (/Applications/CocosCreator.app/Contents/Resources/app.asar/editor-framework/lib/renderer/ipc.js:1:2917)
    at emitMany (events.js:127:13)
    at EventEmitter.emit (events.js:204:7)
2019-05-04T14:42:58.563Z - error: Simulator: ERROR: Uncaught TypeError: Cannot read property 'length' of null, location: src/cocos2d-jsb.js:0:0
STACK:
[0]_activateNodeRecursively@src/cocos2d-jsb.js:22958
[1]activateNode@src/cocos2d-jsb.js:23007
[2]_activate@src/cocos2d-jsb.js:9152
[3]runSceneImmediate@src/cocos2d-jsb.js:7074
[4]anonymous@main.js:53
[5]anonymous@src/cocos2d-jsb.js:25672
[6]anonymous@src/cocos2d-jsb.js:20934
[7]anonymous@src/cocos2d-jsb.js:30249
[8]fireTimeout@jsb-adapter/jsb-builtin.js:2033
[9]tick@jsb-adapter/jsb-builtin.js:1995
[ERROR] (/Users/nantas/fireball-x/cocos2d-x-lite_20_release/cocos/scripting/js-bindings/jswrapper/v8/Object.cpp, 534): Invoking function (0x7f9a91525430) failed!
    at HTMLElement.print-simulator-log (/Applications/CocosCreator.app/Contents/Resources/app.asar/editor/builtin/scene/panel/messages/scene.js:1:1501)
    at Object.e._dispatch (/Applications/CocosCreator.app/Contents/Resources/app.asar/editor-framework/lib/renderer/panel.js:1:1941)
    at EventEmitter.o.on.s (/Applications/CocosCreator.app/Contents/Resources/app.asar/editor-framework/lib/renderer/ipc.js:1:2917)
    at emitMany (events.js:127:13)
    at EventEmitter.emit (events.js:204:7)
2019-05-04T14:42:58.580Z - error: Simulator: ERROR: Uncaught TypeError: Cannot read property 'length' of null, location: src/cocos2d-jsb.js:0:0
STACK:
[0]_activateNodeRecursively@src/cocos2d-jsb.js:22958
[1]activateNode@src/cocos2d-jsb.js:23007
[2]_activate@src/cocos2d-jsb.js:9152
[3]runSceneImmediate@src/cocos2d-jsb.js:7074
[4]anonymous@main.js:53
[5]anonymous@src/cocos2d-jsb.js:25672
[6]anonymous@src/cocos2d-jsb.js:20934
[7]anonymous@src/cocos2d-jsb.js:30249
[8]fireTimeout@jsb-adapter/jsb-builtin.js:2033
[9]tick@jsb-adapter/jsb-builtin.js:1995
[ERROR] (/Users/nantas/fireball-x/cocos2d-x-lite_20_release/cocos/scripting/js-bindings/jswrapper/v8/Object.cpp, 534): Invoking function (0x7f9a91525430) failed!
    at HTMLElement.print-simulator-log (/Applications/CocosCreator.app/Contents/Resources/app.asar/editor/builtin/scene/panel/messages/scene.js:1:1501)
    at Object.e._dispatch (/Applications/CocosCreator.app/Contents/Resources/app.asar/editor-framework/lib/renderer/panel.js:1:1941)
    at EventEmitter.o.on.s (/Applications/CocosCreator.app/Contents/Resources/app.asar/editor-framework/lib/renderer/ipc.js:1:2917)
    at emitMany (events.js:127:13)
    at EventEmitter.emit (events.js:204:7)
2019-05-04T14:42:58.597Z - error: Simulator: ERROR: Uncaught TypeError: Cannot read property 'length' of null, location: src/cocos2d-jsb.js:0:0
STACK:
[0]_activateNodeRecursively@src/cocos2d-jsb.js:22958
[1]activateNode@src/cocos2d-jsb.js:23007
[2]_activate@src/cocos2d-jsb.js:9152
[3]runSceneImmediate@src/cocos2d-jsb.js:7074
[4]anonymous@main.js:53
[5]anonymous@src/cocos2d-jsb.js:25672
[6]anonymous@src/cocos2d-jsb.js:20934
[7]anonymous@src/cocos2d-jsb.js:30249
[8]fireTimeout@jsb-adapter/jsb-builtin.js:2033
[9]tick@jsb-adapter/jsb-builtin.js:1995
[ERROR] (/Users/nantas/fireball-x/cocos2d-x-lite_20_release/cocos/scripting/js-bindings/jswrapper/v8/Object.cpp, 534): Invoking function (0x7f9a91525430) failed!
    at HTMLElement.print-simulator-log (/Applications/CocosCreator.app/Contents/Resources/app.asar/editor/builtin/scene/panel/messages/scene.js:1:1501)
    at Object.e._dispatch (/Applications/CocosCreator.app/Contents/Resources/app.asar/editor-framework/lib/renderer/panel.js:1:1941)
    at EventEmitter.o.on.s (/Applications/CocosCreator.app/Contents/Resources/app.asar/editor-framework/lib/renderer/ipc.js:1:2917)
    at emitMany (events.js:127:13)
    at EventEmitter.emit (events.js:204:7)
2019-05-04T14:42:58.613Z - error: Simulator: ERROR: Uncaught TypeError: Cannot read property 'length' of null, location: src/cocos2d-jsb.js:0:0
STACK:
[0]_activateNodeRecursively@src/cocos2d-jsb.js:22958
[1]activateNode@src/cocos2d-jsb.js:23007
[2]_activate@src/cocos2d-jsb.js:9152
[3]runSceneImmediate@src/cocos2d-jsb.js:7074
[4]anonymous@main.js:53
[5]anonymous@src/cocos2d-jsb.js:25672
[6]anonymous@src/cocos2d-jsb.js:20934
[7]anonymous@src/cocos2d-jsb.js:30249
[8]fireTimeout@jsb-adapter/jsb-builtin.js:2033
[9]tick@jsb-adapter/jsb-builtin.js:1995
[ERROR] (/Users/nantas/fireball-x/cocos2d-x-lite_20_release/cocos/scripting/js-bindings/jswrapper/v8/Object.cpp, 534): Invoking function (0x7f9a91525430) failed!
    at HTMLElement.print-simulator-log (/Applications/CocosCreator.app/Contents/Resources/app.asar/editor/builtin/scene/panel/messages/scene.js:1:1501)
    at Object.e._dispatch (/Applications/CocosCreator.app/Contents/Resources/app.asar/editor-framework/lib/renderer/panel.js:1:1941)
    at EventEmitter.o.on.s (/Applications/CocosCreator.app/Contents/Resources/app.asar/editor-framework/lib/renderer/ipc.js:1:2917)
    at emitMany (events.js:127:13)
    at EventEmitter.emit (events.js:204:7)
2019-05-04T14:42:58.632Z - error: Simulator: ERROR: Uncaught TypeError: Cannot read property 'length' of null, location: src/cocos2d-jsb.js:0:0
STACK:
[0]_activateNodeRecursively@src/cocos2d-jsb.js:22958
[1]activateNode@src/cocos2d-jsb.js:23007
[2]_activate@src/cocos2d-jsb.js:9152
[3]runSceneImmediate@src/cocos2d-jsb.js:7074
[4]anonymous@main.js:53
[5]anonymous@src/cocos2d-jsb.js:25672
[6]anonymous@src/cocos2d-jsb.js:20934
[7]anonymous@src/cocos2d-jsb.js:30249
[8]fireTimeout@jsb-adapter/jsb-builtin.js:2033
[9]tick@jsb-adapter/jsb-builtin.js:1995
[ERROR] (/Users/nantas/fireball-x/cocos2d-x-lite_20_release/cocos/scripting/js-bindings/jswrapper/v8/Object.cpp, 534): Invoking function (0x7f9a91525430) failed!
    at HTMLElement.print-simulator-log (/Applications/CocosCreator.app/Contents/Resources/app.asar/editor/builtin/scene/panel/messages/scene.js:1:1501)
    at Object.e._dispatch (/Applications/CocosCreator.app/Contents/Resources/app.asar/editor-framework/lib/renderer/panel.js:1:1941)
    at EventEmitter.o.on.s (/Applications/CocosCreator.app/Contents/Resources/app.asar/editor-framework/lib/renderer/ipc.js:1:2917)
    at emitMany (events.js:127:13)
    at EventEmitter.emit (events.js:204:7)
2019-05-04T14:42:58.647Z - error: Simulator: ERROR: Uncaught TypeError: Cannot read property 'length' of null, location: src/cocos2d-jsb.js:0:0
STACK:
[0]_activateNodeRecursively@src/cocos2d-jsb.js:22958
[1]activateNode@src/cocos2d-jsb.js:23007
[2]_activate@src/cocos2d-jsb.js:9152
[3]runSceneImmediate@src/cocos2d-jsb.js:7074
[4]anonymous@main.js:53
[5]anonymous@src/cocos2d-jsb.js:25672
[6]anonymous@src/cocos2d-jsb.js:20934
[7]anonymous@src/cocos2d-jsb.js:30249
[8]fireTimeout@jsb-adapter/jsb-builtin.js:2033
[9]tick@jsb-adapter/jsb-builtin.js:1995
[ERROR] (/Users/nantas/fireball-x/cocos2d-x-lite_20_release/cocos/scripting/js-bindings/jswrapper/v8/Object.cpp, 534): Invoking function (0x7f9a91525430) failed!
    at HTMLElement.print-simulator-log (/Applications/CocosCreator.app/Contents/Resources/app.asar/editor/builtin/scene/panel/messages/scene.js:1:1501)
    at Object.e._dispatch (/Applications/CocosCreator.app/Contents/Resources/app.asar/editor-framework/lib/renderer/panel.js:1:1941)
    at EventEmitter.o.on.s (/Applications/CocosCreator.app/Contents/Resources/app.asar/editor-framework/lib/renderer/ipc.js:1:2917)
    at emitMany (events.js:127:13)
    at EventEmitter.emit (events.js:204:7)
2019-05-04T14:42:58.664Z - error: Simulator: ERROR: Uncaught TypeError: Cannot read property 'length' of null, location: src/cocos2d-jsb.js:0:0
STACK:
[0]_activateNodeRecursively@src/cocos2d-jsb.js:22958
[1]activateNode@src/cocos2d-jsb.js:23007
[2]_activate@src/cocos2d-jsb.js:9152
[3]runSceneImmediate@src/cocos2d-jsb.js:7074
[4]anonymous@main.js:53
[5]anonymous@src/cocos2d-jsb.js:25672
[6]anonymous@src/cocos2d-jsb.js:20934
[7]anonymous@src/cocos2d-jsb.js:30249
[8]fireTimeout@jsb-adapter/jsb-builtin.js:2033
[9]tick@jsb-adapter/jsb-builtin.js:1995
[ERROR] (/Users/nantas/fireball-x/cocos2d-x-lite_20_release/cocos/scripting/js-bindings/jswrapper/v8/Object.cpp, 534): Invoking function (0x7f9a91525430) failed!
    at HTMLElement.print-simulator-log (/Applications/CocosCreator.app/Contents/Resources/app.asar/editor/builtin/scene/panel/messages/scene.js:1:1501)
    at Object.e._dispatch (/Applications/CocosCreator.app/Contents/Resources/app.asar/editor-framework/lib/renderer/panel.js:1:1941)
    at EventEmitter.o.on.s (/Applications/CocosCreator.app/Contents/Resources/app.asar/editor-framework/lib/renderer/ipc.js:1:2917)
    at emitMany (events.js:127:13)
    at EventEmitter.emit (events.js:204:7)
2019-05-04T14:42:58.680Z - error: Simulator: ERROR: Uncaught TypeError: Cannot read property 'length' of null, location: src/cocos2d-jsb.js:0:0
STACK:
[0]_activateNodeRecursively@src/cocos2d-jsb.js:22958
[1]activateNode@src/cocos2d-jsb.js:23007
[2]_activate@src/cocos2d-jsb.js:9152
[3]runSceneImmediate@src/cocos2d-jsb.js:7074
[4]anonymous@main.js:53
[5]anonymous@src/cocos2d-jsb.js:25672
[6]anonymous@src/cocos2d-jsb.js:20934
[7]anonymous@src/cocos2d-jsb.js:30249
[8]fireTimeout@jsb-adapter/jsb-builtin.js:2033
[9]tick@jsb-adapter/jsb-builtin.js:1995
[ERROR] (/Users/nantas/fireball-x/cocos2d-x-lite_20_release/cocos/scripting/js-bindings/jswrapper/v8/Object.cpp, 534): Invoking function (0x7f9a91525430) failed!
    at HTMLElement.print-simulator-log (/Applications/CocosCreator.app/Contents/Resources/app.asar/editor/builtin/scene/panel/messages/scene.js:1:1501)
    at Object.e._dispatch (/Applications/CocosCreator.app/Contents/Resources/app.asar/editor-framework/lib/renderer/panel.js:1:1941)
    at EventEmitter.o.on.s (/Applications/CocosCreator.app/Contents/Resources/app.asar/editor-framework/lib/renderer/ipc.js:1:2917)
    at emitMany (events.js:127:13)
    at EventEmitter.emit (events.js:204:7)
2019-05-04T14:42:58.696Z - error: Simulator: ERROR: Uncaught TypeError: Cannot read property 'length' of null, location: src/cocos2d-jsb.js:0:0
STACK:
[0]_activateNodeRecursively@src/cocos2d-jsb.js:22958
[1]activateNode@src/cocos2d-jsb.js:23007
[2]_activate@src/cocos2d-jsb.js:9152
[3]runSceneImmediate@src/cocos2d-jsb.js:7074
[4]anonymous@main.js:53
[5]anonymous@src/cocos2d-jsb.js:25672
[6]anonymous@src/cocos2d-jsb.js:20934
[7]anonymous@src/cocos2d-jsb.js:30249
[8]fireTimeout@jsb-adapter/jsb-builtin.js:2033
[9]tick@jsb-adapter/jsb-builtin.js:1995
[ERROR] (/Users/nantas/fireball-x/cocos2d-x-lite_20_release/cocos/scripting/js-bindings/jswrapper/v8/Object.cpp, 534): Invoking function (0x7f9a91525430) failed!
    at HTMLElement.print-simulator-log (/Applications/CocosCreator.app/Contents/Resources/app.asar/editor/builtin/scene/panel/messages/scene.js:1:1501)
    at Object.e._dispatch (/Applications/CocosCreator.app/Contents/Resources/app.asar/editor-framework/lib/renderer/panel.js:1:1941)
    at EventEmitter.o.on.s (/Applications/CocosCreator.app/Contents/Resources/app.asar/editor-framework/lib/renderer/ipc.js:1:2917)
    at emitMany (events.js:127:13)
    at EventEmitter.emit (events.js:204:7)
2019-05-04T14:42:58.725Z - normal: Simulator: ScriptEngine::cleanup begin ...
2019-05-04T14:42:58.725Z - normal: Simulator: GC begin ..., (js->native map) size: 12, all objects: 86
2019-05-04T14:42:58.756Z - normal: Simulator: GC end ..., (js->native map) size: 12, all objects: 86
2019-05-04T14:42:58.756Z - normal: Simulator: GC begin ..., (js->native map) size: 12, all objects: 86
2019-05-04T14:42:58.780Z - normal: Simulator: GC end ..., (js->native map) size: 12, all objects: 86
2019-05-04T14:42:58.780Z - normal: Simulator: Destroy WebGLTexture (3) by GC
2019-05-04T14:42:58.781Z - normal: Simulator: Destroy WebGLBuffer (1) by GC
2019-05-04T14:42:58.782Z - normal: Simulator: Destroy WebGLTexture (2) by GC
2019-05-04T14:42:58.782Z - normal: Simulator: Destroy WebGLBuffer (4) by GC
2019-05-04T14:42:58.782Z - normal: Simulator: Destroy WebGLTexture (1) by GC
2019-05-04T14:42:58.783Z - normal: Simulator: Destroy WebGLBuffer (3) by GC
2019-05-04T14:42:58.783Z - normal: Simulator: Destroy WebGLBuffer (2) by GC
2019-05-04T14:42:58.783Z - normal: Simulator: GC begin ..., (js->native map) size: 0, all objects: 0
2019-05-04T14:42:58.806Z - normal: Simulator: GC end ..., (js->native map) size: 0, all objects: 0
2019-05-04T14:42:58.811Z - normal: Simulator: ScriptEngine::cleanup end ...
2019-05-04T14:44:12.293Z - failed: load script [proto] failed : Error: Cannot find module 'proto'
    at Module._resolveFilename (module.js:470:15)
    at Function.Module._resolveFilename [as _resolveFilenameVendor] (/Applications/CocosCreator.app/Contents/Resources/electron.asar/common/reset-search-paths.js:35:12)
    at Function.s._resolveFilename (/Applications/CocosCreator.app/Contents/Resources/app.asar/editor/page/project-scripts.js:1:941)
    at Function.Module._load (module.js:418:25)
    at Module.require (module.js:498:17)
    at require (internal/module.js:20:19)
    at Object.cc.require (/Applications/CocosCreator.app/Contents/Resources/app.asar/editor/page/project-scripts.js:1:589)
    at /Users/long/Documents/workspace/gameserver3/client/temp/quick-scripts/assets/scripts/modules/message.js:1:358
    at __define (/Users/long/Documents/workspace/gameserver3/client/temp/quick-scripts/assets/scripts/modules/message.js:7:13)
    at /Users/long/Documents/workspace/gameserver3/client/temp/quick-scripts/assets/scripts/modules/message.js:31:13
2019-05-04T14:44:28.310Z - failed: load script [proto] failed : Error: Cannot find module 'proto'
    at Module._resolveFilename (module.js:470:15)
    at Function.Module._resolveFilename [as _resolveFilenameVendor] (/Applications/CocosCreator.app/Contents/Resources/electron.asar/common/reset-search-paths.js:35:12)
    at Function.s._resolveFilename (/Applications/CocosCreator.app/Contents/Resources/app.asar/editor/page/project-scripts.js:1:941)
    at Function.Module._load (module.js:418:25)
    at Module.require (module.js:498:17)
    at require (internal/module.js:20:19)
    at Object.cc.require (/Applications/CocosCreator.app/Contents/Resources/app.asar/editor/page/project-scripts.js:1:589)
    at /Users/long/Documents/workspace/gameserver3/client/temp/quick-scripts/assets/scripts/modules/message.js:1:358
    at __define (/Users/long/Documents/workspace/gameserver3/client/temp/quick-scripts/assets/scripts/modules/message.js:7:13)
    at /Users/long/Documents/workspace/gameserver3/client/temp/quick-scripts/assets/scripts/modules/message.js:31:13
2019-05-04T14:44:33.340Z - normal: Simulator: WORKAREA WIDTH 1875.00, HEIGHT 1036.00
2019-05-04T14:44:33.340Z - normal: Simulator: FRAME SCALE = 0.75
2019-05-04T14:44:33.400Z - normal: Simulator: GLFWError #65544 Happen, Cocoa: Failed to retrieve display name
2019-05-04T14:44:33.401Z - normal: Simulator: 
2019-05-04T14:44:33.401Z - normal: Simulator: {
2019-05-04T14:44:33.401Z - normal: Simulator: 	build_type: DEBUG
2019-05-04T14:44:33.418Z - normal: Simulator: 	gl.vendor: Intel Inc.
2019-05-04T14:44:33.418Z - normal: Simulator: 	gl.supports_PVRTC: false
2019-05-04T14:44:33.419Z - normal: Simulator: 	gl.renderer: Intel Iris Pro OpenGL Engine
2019-05-04T14:44:33.419Z - normal: Simulator: 	gl.supports_ATITC: false
2019-05-04T14:44:33.419Z - normal: Simulator: 	gl.supports_discard_framebuffer: false
2019-05-04T14:44:33.419Z - normal: Simulator: 	gl.supports_NPOT: true
2019-05-04T14:44:33.420Z - normal: Simulator: 	gl.max_texture_units: 16
2019-05-04T14:44:33.420Z - normal: Simulator: 	gl.supports_ETC1: false
2019-05-04T14:44:33.420Z - normal: Simulator: 	gl.max_texture_size: 16384
2019-05-04T14:44:33.420Z - normal: Simulator: 	gl.supports_BGRA8888: false
2019-05-04T14:44:33.420Z - normal: Simulator: 	gl.supports_vertex_array_object: true
2019-05-04T14:44:33.421Z - normal: Simulator: 	gl.supports_OES_map_buffer: false
2019-05-04T14:44:33.421Z - normal: Simulator: 	compiled_with_gl_state_cache: true
2019-05-04T14:44:33.421Z - normal: Simulator: 	gl.supports_OES_packed_depth_stencil: false
2019-05-04T14:44:33.422Z - normal: Simulator: 	gl.version: 2.1 INTEL-10.32.48
2019-05-04T14:44:33.422Z - normal: Simulator: 	gl.supports_S3TC: true
2019-05-04T14:44:33.422Z - normal: Simulator: 	compiled_with_profiler: false
2019-05-04T14:44:33.422Z - normal: Simulator: 	gl.supports_OES_depth24: false
2019-05-04T14:44:33.422Z - normal: Simulator: }
2019-05-04T14:44:33.449Z - normal: Simulator: Project Config:
2019-05-04T14:44:33.450Z - normal: Simulator:     project dir: /Applications/CocosCreator.app/Contents/Resources/cocos2d-x/simulator/mac/Simulator.app/Contents/Resources/
2019-05-04T14:44:33.450Z - normal: Simulator:     writable path: $(PROJDIR)/
2019-05-04T14:44:33.451Z - normal: Simulator:     script file: $(PROJDIR)/main.js
2019-05-04T14:44:33.451Z - normal: Simulator:     frame size: 750 x 1334
2019-05-04T14:44:33.451Z - normal: Simulator:     frame scale: 0.75
2019-05-04T14:44:33.451Z - normal: Simulator:     show console: NO
2019-05-04T14:44:33.452Z - normal: Simulator:     write debug log: NO ()
2019-05-04T14:44:33.452Z - normal: Simulator:     listen: 
2019-05-04T14:44:33.453Z - normal: Simulator:     debugger: none
2019-05-04T14:44:33.453Z - normal: Simulator:     add searching path:
2019-05-04T14:44:33.453Z - normal: Simulator: resetDesignResolution request
2019-05-04T14:44:33.453Z - normal: Simulator: ------------------------------------------------
2019-05-04T14:44:33.453Z - normal: Simulator: LOAD Js FILE: jsb-adapter/jsb-builtin.js
2019-05-04T14:44:33.453Z - normal: Simulator: ------------------------------------------------
2019-05-04T14:44:33.454Z - normal: Simulator: Initializing V8, version: 6.5.254.43
2019-05-04T14:44:33.480Z - normal: Simulator: libuv version: 1.23.1-dev
2019-05-04T14:44:33.480Z - normal: Simulator: Debugger listening..., visit [ chrome-devtools://devtools/bundled/inspector.html?v8only=true&ws=0.0.0.0:5086/00010002-0003-4004-8005-000600070008 ] in chrome browser to debug!
2019-05-04T14:44:33.480Z - normal: Simulator: For help see https://nodejs.org/en/docs/inspector
2019-05-04T14:44:33.498Z - normal: Simulator: JS: Enable batch GL commands optimization!
2019-05-04T14:44:33.498Z - normal: Simulator: resetDesignResolution request
2019-05-04T14:44:33.498Z - normal: Simulator: ------------------------------------------------
2019-05-04T14:44:33.499Z - normal: Simulator: LOAD Js FILE: main.js
2019-05-04T14:44:33.499Z - normal: Simulator: ------------------------------------------------
2019-05-04T14:44:33.853Z - error: Simulator: ScriptEngine::evalString script /Users/long/Documents/workspace/gameserver3/client/assets/scripts/modules/proto.js, failed!
[ERROR] Failed to invoke require, location: /Users/nantas/fireball-x/cocos2d-x-lite_20_release/cocos/scripting/js-bindings/manual/jsb_global.cpp:292
ERROR: Uncaught ReferenceError: protobuf is not defined, location: /Users/long/Documents/workspace/gameserver3/client/assets/scripts/modules/proto.js:0:0
STACK:
[0]anonymous@/Users/long/Documents/workspace/gameserver3/client/assets/scripts/modules/proto.js:5
[1]o@jsb-adapter/jsb-engine.js:1
[2]anonymous@jsb-adapter/jsb-engine.js:1
[3]downloadScript@jsb-adapter/jsb-engine.js:1431
[4]118.Downloader.handle@src/cocos2d-jsb.js:21672
[5]flow@src/cocos2d-jsb.js:22422
[6]flow@src/cocos2d-jsb.js:22440
[7]125.proto.flowIn@src/cocos2d-jsb.js:22495
[8]122.proto.append@src/cocos2d-jsb.js:22148
[9]112.proto.load@src/cocos2d-jsb.js:20944
[10]prepare@src/cocos2d-jsb.js:7405
[11]run@src/cocos2d-jsb.js:7414
[12]boot@main.js:84
[13]anonymous@main.js:94
[14]anonymous@main.js:96
    at HTMLElement.print-simulator-log (/Applications/CocosCreator.app/Contents/Resources/app.asar/editor/builtin/scene/panel/messages/scene.js:1:1501)
    at Object.e._dispatch (/Applications/CocosCreator.app/Contents/Resources/app.asar/editor-framework/lib/renderer/panel.js:1:1941)
    at EventEmitter.o.on.s (/Applications/CocosCreator.app/Contents/Resources/app.asar/editor-framework/lib/renderer/ipc.js:1:2917)
    at emitMany (events.js:127:13)
    at EventEmitter.emit (events.js:204:7)
2019-05-04T14:44:33.854Z - error: Simulator: ScriptEngine::evalString script main.js, failed!
    at HTMLElement.print-simulator-log (/Applications/CocosCreator.app/Contents/Resources/app.asar/editor/builtin/scene/panel/messages/scene.js:1:1501)
    at Object.e._dispatch (/Applications/CocosCreator.app/Contents/Resources/app.asar/editor-framework/lib/renderer/panel.js:1:1941)
    at EventEmitter.o.on.s (/Applications/CocosCreator.app/Contents/Resources/app.asar/editor-framework/lib/renderer/ipc.js:1:2917)
    at emitMany (events.js:127:13)
    at EventEmitter.emit (events.js:204:7)
2019-05-04T14:44:33.854Z - normal: Simulator: iShow!
2019-05-04T14:44:34.917Z - normal: Simulator: ScriptEngine::cleanup begin ...
2019-05-04T14:44:34.917Z - normal: Simulator: GC begin ..., (js->native map) size: 4, all objects: 77
2019-05-04T14:44:34.942Z - normal: Simulator: GC end ..., (js->native map) size: 4, all objects: 77
2019-05-04T14:44:34.942Z - normal: Simulator: GC begin ..., (js->native map) size: 4, all objects: 77
2019-05-04T14:44:34.962Z - normal: Simulator: GC end ..., (js->native map) size: 4, all objects: 77
2019-05-04T14:44:34.963Z - normal: Simulator: GC begin ..., (js->native map) size: 0, all objects: 0
2019-05-04T14:44:34.986Z - normal: Simulator: GC end ..., (js->native map) size: 0, all objects: 0
2019-05-04T14:44:34.987Z - normal: Simulator: ScriptEngine::cleanup end ...
2019-05-04T14:45:06.647Z - failed: load script [proto] failed : Error: Cannot find module 'proto'
    at Module._resolveFilename (module.js:470:15)
    at Function.Module._resolveFilename [as _resolveFilenameVendor] (/Applications/CocosCreator.app/Contents/Resources/electron.asar/common/reset-search-paths.js:35:12)
    at Function.s._resolveFilename (/Applications/CocosCreator.app/Contents/Resources/app.asar/editor/page/project-scripts.js:1:941)
    at Function.Module._load (module.js:418:25)
    at Module.require (module.js:498:17)
    at require (internal/module.js:20:19)
    at Object.cc.require (/Applications/CocosCreator.app/Contents/Resources/app.asar/editor/page/project-scripts.js:1:589)
    at /Users/long/Documents/workspace/gameserver3/client/temp/quick-scripts/assets/scripts/modules/message.js:1:358
    at __define (/Users/long/Documents/workspace/gameserver3/client/temp/quick-scripts/assets/scripts/modules/message.js:7:13)
    at /Users/long/Documents/workspace/gameserver3/client/temp/quick-scripts/assets/scripts/modules/message.js:31:13
2019-05-05T01:09:09.132Z - failed: [db-task][sync-changes] Failed to import asset /Users/long/Documents/workspace/gameserver3/client/assets/module/loading/script/loading.js, message: Compile error: SyntaxError: /Users/long/Documents/workspace/gameserver3/client/assets/module/loading/script/loading.js: Unexpected token (50:4)
  48 | 
  49 |         cc.vv.userMgr = 
> 50 |     }
     |     ^
  51 | });
  52 | 
    at Parser.pp$5.raise (/Applications/CocosCreator.app/Contents/Resources/app.asar/node_modules/babylon/lib/index.js:4454:13)
    at Parser.pp.unexpected (/Applications/CocosCreator.app/Contents/Resources/app.asar/node_modules/babylon/lib/index.js:1761:8)
    at Parser.pp$3.parseExprAtom (/Applications/CocosCreator.app/Contents/Resources/app.asar/node_modules/babylon/lib/index.js:3750:12)
    at Parser.pp$3.parseExprSubscripts (/Applications/CocosCreator.app/Contents/Resources/app.asar/node_modules/babylon/lib/index.js:3494:19)
    at Parser.pp$3.parseMaybeUnary (/Applications/CocosCreator.app/Contents/Resources/app.asar/node_modules/babylon/lib/index.js:3474:19)
    at Parser.pp$3.parseExprOps (/Applications/CocosCreator.app/Contents/Resources/app.asar/node_modules/babylon/lib/index.js:3404:19)
    at Parser.pp$3.parseMaybeConditional (/Applications/CocosCreator.app/Contents/Resources/app.asar/node_modules/babylon/lib/index.js:3381:19)
    at Parser.pp$3.parseMaybeAssign (/Applications/CocosCreator.app/Contents/Resources/app.asar/node_modules/babylon/lib/index.js:3344:19)
    at Parser.pp$3.parseMaybeAssign (/Applications/CocosCreator.app/Contents/Resources/app.asar/node_modules/babylon/lib/index.js:3367:23)
    at Parser.pp$3.parseExpression (/Applications/CocosCreator.app/Contents/Resources/app.asar/node_modules/babylon/lib/index.js:3306:19)
2019-05-05T01:17:24.876Z - normal: Simulator: WORKAREA WIDTH 1875.00, HEIGHT 1036.00
2019-05-05T01:17:24.878Z - normal: Simulator: FRAME SCALE = 0.75
2019-05-05T01:17:24.949Z - normal: Simulator: GLFWError #65544 Happen, Cocoa: Failed to retrieve display name
2019-05-05T01:17:24.950Z - normal: Simulator: 
2019-05-05T01:17:24.950Z - normal: Simulator: {
2019-05-05T01:17:24.950Z - normal: Simulator: 	build_type: DEBUG
2019-05-05T01:17:24.966Z - normal: Simulator: 	gl.vendor: Intel Inc.
2019-05-05T01:17:24.966Z - normal: Simulator: 	gl.supports_PVRTC: false
2019-05-05T01:17:24.966Z - normal: Simulator: 	gl.renderer: Intel Iris Pro OpenGL Engine
2019-05-05T01:17:24.966Z - normal: Simulator: 	gl.supports_ATITC: false
2019-05-05T01:17:24.966Z - normal: Simulator: 	gl.supports_discard_framebuffer: false
2019-05-05T01:17:24.966Z - normal: Simulator: 	gl.supports_NPOT: true
2019-05-05T01:17:24.967Z - normal: Simulator: 	gl.max_texture_units: 16
2019-05-05T01:17:24.967Z - normal: Simulator: 	gl.supports_ETC1: false
2019-05-05T01:17:24.967Z - normal: Simulator: 	gl.max_texture_size: 16384
2019-05-05T01:17:24.968Z - normal: Simulator: 	gl.supports_BGRA8888: false
2019-05-05T01:17:24.968Z - normal: Simulator: 	gl.supports_vertex_array_object: true
2019-05-05T01:17:24.968Z - normal: Simulator: 	gl.supports_OES_map_buffer: false
2019-05-05T01:17:24.968Z - normal: Simulator: 	compiled_with_gl_state_cache: true
2019-05-05T01:17:24.968Z - normal: Simulator: 	gl.supports_OES_packed_depth_stencil: false
2019-05-05T01:17:24.969Z - normal: Simulator: 	gl.version: 2.1 INTEL-10.32.48
2019-05-05T01:17:24.969Z - normal: Simulator: 	gl.supports_S3TC: true
2019-05-05T01:17:24.969Z - normal: Simulator: 	compiled_with_profiler: false
2019-05-05T01:17:24.969Z - normal: Simulator: 	gl.supports_OES_depth24: false
2019-05-05T01:17:24.969Z - normal: Simulator: }
2019-05-05T01:17:24.996Z - normal: Simulator: Project Config:
2019-05-05T01:17:24.996Z - normal: Simulator:     project dir: /Applications/CocosCreator.app/Contents/Resources/cocos2d-x/simulator/mac/Simulator.app/Contents/Resources/
2019-05-05T01:17:24.997Z - normal: Simulator:     writable path: $(PROJDIR)/
2019-05-05T01:17:24.997Z - normal: Simulator:     script file: $(PROJDIR)/main.js
2019-05-05T01:17:24.997Z - normal: Simulator:     frame size: 750 x 1334
2019-05-05T01:17:24.997Z - normal: Simulator:     frame scale: 0.75
2019-05-05T01:17:24.998Z - normal: Simulator:     show console: NO
2019-05-05T01:17:24.998Z - normal: Simulator:     write debug log: NO ()
2019-05-05T01:17:24.998Z - normal: Simulator:     listen: 
2019-05-05T01:17:24.998Z - normal: Simulator:     debugger: none
2019-05-05T01:17:24.999Z - normal: Simulator:     add searching path:
2019-05-05T01:17:25.001Z - normal: Simulator: resetDesignResolution request
2019-05-05T01:17:25.001Z - normal: Simulator: ------------------------------------------------
2019-05-05T01:17:25.001Z - normal: Simulator: LOAD Js FILE: jsb-adapter/jsb-builtin.js
2019-05-05T01:17:25.002Z - normal: Simulator: ------------------------------------------------
2019-05-05T01:17:25.008Z - normal: Simulator: Initializing V8, version: 6.5.254.43
2019-05-05T01:17:25.043Z - normal: Simulator: libuv version: 1.23.1-dev
2019-05-05T01:17:25.043Z - normal: Simulator: Debugger listening..., visit [ chrome-devtools://devtools/bundled/inspector.html?v8only=true&ws=0.0.0.0:5086/00010002-0003-4004-8005-000600070008 ] in chrome browser to debug!
2019-05-05T01:17:25.044Z - normal: Simulator: For help see https://nodejs.org/en/docs/inspector
2019-05-05T01:17:25.092Z - normal: Simulator: JS: Enable batch GL commands optimization!
2019-05-05T01:17:25.094Z - normal: Simulator: resetDesignResolution request
2019-05-05T01:17:25.094Z - normal: Simulator: ------------------------------------------------
2019-05-05T01:17:25.094Z - normal: Simulator: LOAD Js FILE: main.js
2019-05-05T01:17:25.095Z - normal: Simulator: ------------------------------------------------
2019-05-05T01:17:25.411Z - normal: Simulator: iShow!
2019-05-05T01:17:27.300Z - normal: Simulator: glGetIntegerv: pname: 0x8b4c
2019-05-05T01:17:27.310Z - normal: Simulator: JS: Cocos Creator v2.0.9
2019-05-05T01:17:28.660Z - normal: Simulator: ScriptEngine::cleanup begin ...
2019-05-05T01:17:28.660Z - normal: Simulator: GC begin ..., (js->native map) size: 14, all objects: 88
2019-05-05T01:17:28.687Z - normal: Simulator: GC end ..., (js->native map) size: 14, all objects: 88
2019-05-05T01:17:28.688Z - normal: Simulator: GC begin ..., (js->native map) size: 14, all objects: 88
2019-05-05T01:17:28.714Z - normal: Simulator: GC end ..., (js->native map) size: 14, all objects: 88
2019-05-05T01:17:28.720Z - normal: Simulator: Destroy WebGLProgram (3) by GC
2019-05-05T01:17:28.720Z - normal: Simulator: Destroy WebGLTexture (2) by GC
2019-05-05T01:17:28.720Z - normal: Simulator: Destroy WebGLTexture (1) by GC
2019-05-05T01:17:28.721Z - normal: Simulator: Destroy WebGLBuffer (4) by GC
2019-05-05T01:17:28.721Z - normal: Simulator: Destroy WebGLBuffer (3) by GC
2019-05-05T01:17:28.721Z - normal: Simulator: Destroy WebGLBuffer (1) by GC
2019-05-05T01:17:28.721Z - normal: Simulator: Destroy WebGLBuffer (2) by GC
2019-05-05T01:17:28.722Z - normal: Simulator: GC begin ..., (js->native map) size: 0, all objects: 0
2019-05-05T01:17:28.741Z - normal: Simulator: GC end ..., (js->native map) size: 0, all objects: 0
2019-05-05T01:17:28.746Z - normal: Simulator: ScriptEngine::cleanup end ...
